{"/Users/hafsajabeen/Documents/software_engineering/Mindhaven/server/index.js": {"path":"/Users/hafsajabeen/Documents/software_engineering/Mindhaven/server/index.js","statementMap":{"0":{"start":{"line":1,"column":16},"end":{"line":1,"column":34}},"1":{"start":{"line":2,"column":19},"end":{"line":2,"column":41}},"2":{"start":{"line":3,"column":19},"end":{"line":3,"column":49}},"3":{"start":{"line":4,"column":19},"end":{"line":4,"column":49}},"4":{"start":{"line":5,"column":19},"end":{"line":5,"column":49}},"5":{"start":{"line":6,"column":22},"end":{"line":6,"column":55}},"6":{"start":{"line":7,"column":18},"end":{"line":7,"column":47}},"7":{"start":{"line":8,"column":20},"end":{"line":8,"column":51}},"8":{"start":{"line":9,"column":17},"end":{"line":9,"column":45}},"9":{"start":{"line":12,"column":0},"end":{"line":12,"column":27}},"10":{"start":{"line":14,"column":12},"end":{"line":14,"column":21}},"11":{"start":{"line":15,"column":13},"end":{"line":15,"column":28}},"12":{"start":{"line":16,"column":0},"end":{"line":16,"column":24}},"13":{"start":{"line":19,"column":0},"end":{"line":19,"column":15}},"14":{"start":{"line":22,"column":0},"end":{"line":22,"column":27}},"15":{"start":{"line":25,"column":0},"end":{"line":25,"column":33}},"16":{"start":{"line":26,"column":0},"end":{"line":26,"column":33}},"17":{"start":{"line":27,"column":0},"end":{"line":27,"column":47}},"18":{"start":{"line":28,"column":0},"end":{"line":28,"column":33}},"19":{"start":{"line":29,"column":0},"end":{"line":29,"column":39}},"20":{"start":{"line":30,"column":0},"end":{"line":30,"column":32}},"21":{"start":{"line":31,"column":0},"end":{"line":31,"column":37}},"22":{"start":{"line":32,"column":0},"end":{"line":32,"column":29}},"23":{"start":{"line":37,"column":0},"end":{"line":39,"column":2}},"24":{"start":{"line":38,"column":4},"end":{"line":38,"column":37}},"25":{"start":{"line":42,"column":0},"end":{"line":47,"column":1}},"26":{"start":{"line":43,"column":15},"end":{"line":43,"column":39}},"27":{"start":{"line":44,"column":2},"end":{"line":46,"column":5}},"28":{"start":{"line":45,"column":4},"end":{"line":45,"column":58}},"29":{"start":{"line":49,"column":0},"end":{"line":49,"column":21}}},"fnMap":{"0":{"name":"(anonymous_0)","decl":{"start":{"line":37,"column":13},"end":{"line":37,"column":14}},"loc":{"start":{"line":37,"column":24},"end":{"line":39,"column":1}},"line":37},"1":{"name":"(anonymous_1)","decl":{"start":{"line":44,"column":19},"end":{"line":44,"column":20}},"loc":{"start":{"line":44,"column":25},"end":{"line":46,"column":3}},"line":44}},"branchMap":{"0":{"loc":{"start":{"line":42,"column":0},"end":{"line":47,"column":1}},"type":"if","locations":[{"start":{"line":42,"column":0},"end":{"line":47,"column":1}},{"start":{},"end":{}}],"line":42},"1":{"loc":{"start":{"line":43,"column":15},"end":{"line":43,"column":39}},"type":"binary-expr","locations":[{"start":{"line":43,"column":15},"end":{"line":43,"column":31}},{"start":{"line":43,"column":35},"end":{"line":43,"column":39}}],"line":43}},"s":{"0":1,"1":1,"2":1,"3":1,"4":1,"5":1,"6":1,"7":1,"8":1,"9":1,"10":1,"11":1,"12":1,"13":1,"14":1,"15":1,"16":1,"17":1,"18":1,"19":1,"20":1,"21":1,"22":1,"23":1,"24":0,"25":1,"26":0,"27":0,"28":0,"29":1},"f":{"0":0,"1":0},"b":{"0":[0,1],"1":[0,0]},"_coverageSchema":"1a1c01bbd47fc00a2c39e90264f33305004495a9","hash":"c09ce6a50f70170ac7978f5b38af106042212a5f"}
,"/Users/hafsajabeen/Documents/software_engineering/Mindhaven/server/config/database.js": {"path":"/Users/hafsajabeen/Documents/software_engineering/Mindhaven/server/config/database.js","statementMap":{"0":{"start":{"line":1,"column":14},"end":{"line":1,"column":31}},"1":{"start":{"line":2,"column":11},"end":{"line":2,"column":24}},"2":{"start":{"line":3,"column":0},"end":{"line":3,"column":27}},"3":{"start":{"line":5,"column":25},"end":{"line":17,"column":1}},"4":{"start":{"line":19,"column":19},"end":{"line":19,"column":53}},"5":{"start":{"line":21,"column":0},"end":{"line":30,"column":1}},"6":{"start":{"line":22,"column":4},"end":{"line":29,"column":7}},"7":{"start":{"line":23,"column":8},"end":{"line":28,"column":9}},"8":{"start":{"line":24,"column":12},"end":{"line":24,"column":59}},"9":{"start":{"line":25,"column":12},"end":{"line":25,"column":28}},"10":{"start":{"line":27,"column":12},"end":{"line":27,"column":69}},"11":{"start":{"line":32,"column":0},"end":{"line":32,"column":28}}},"fnMap":{"0":{"name":"(anonymous_0)","decl":{"start":{"line":22,"column":33},"end":{"line":22,"column":34}},"loc":{"start":{"line":22,"column":42},"end":{"line":29,"column":5}},"line":22}},"branchMap":{"0":{"loc":{"start":{"line":21,"column":0},"end":{"line":30,"column":1}},"type":"if","locations":[{"start":{"line":21,"column":0},"end":{"line":30,"column":1}},{"start":{},"end":{}}],"line":21},"1":{"loc":{"start":{"line":23,"column":8},"end":{"line":28,"column":9}},"type":"if","locations":[{"start":{"line":23,"column":8},"end":{"line":28,"column":9}},{"start":{"line":26,"column":15},"end":{"line":28,"column":9}}],"line":23}},"s":{"0":3,"1":3,"2":3,"3":3,"4":3,"5":3,"6":0,"7":0,"8":0,"9":0,"10":0,"11":3},"f":{"0":0},"b":{"0":[0,3],"1":[0,0]},"_coverageSchema":"1a1c01bbd47fc00a2c39e90264f33305004495a9","hash":"e8ce8c16a82be8a3afac0c91fa264ff7bf87c92e"}
,"/Users/hafsajabeen/Documents/software_engineering/Mindhaven/server/controllers/aiController.js": {"path":"/Users/hafsajabeen/Documents/software_engineering/Mindhaven/server/controllers/aiController.js","statementMap":{"0":{"start":{"line":1,"column":40},"end":{"line":1,"column":89}},"1":{"start":{"line":4,"column":2},"end":{"line":4,"column":126}},"2":{"start":{"line":6,"column":0},"end":{"line":29,"column":2}},"3":{"start":{"line":7,"column":22},"end":{"line":7,"column":36}},"4":{"start":{"line":9,"column":2},"end":{"line":11,"column":3}},"5":{"start":{"line":10,"column":4},"end":{"line":10,"column":80}},"6":{"start":{"line":13,"column":2},"end":{"line":28,"column":3}},"7":{"start":{"line":14,"column":18},"end":{"line":14,"column":67}},"8":{"start":{"line":16,"column":4},"end":{"line":20,"column":7}},"9":{"start":{"line":22,"column":23},"end":{"line":22,"column":46}},"10":{"start":{"line":23,"column":4},"end":{"line":27,"column":7}}},"fnMap":{"0":{"name":"(anonymous_0)","decl":{"start":{"line":6,"column":33},"end":{"line":6,"column":34}},"loc":{"start":{"line":6,"column":53},"end":{"line":29,"column":1}},"line":6}},"branchMap":{"0":{"loc":{"start":{"line":7,"column":22},"end":{"line":7,"column":36}},"type":"binary-expr","locations":[{"start":{"line":7,"column":22},"end":{"line":7,"column":30}},{"start":{"line":7,"column":34},"end":{"line":7,"column":36}}],"line":7},"1":{"loc":{"start":{"line":9,"column":2},"end":{"line":11,"column":3}},"type":"if","locations":[{"start":{"line":9,"column":2},"end":{"line":11,"column":3}},{"start":{},"end":{}}],"line":9},"2":{"loc":{"start":{"line":9,"column":6},"end":{"line":9,"column":52}},"type":"binary-expr","locations":[{"start":{"line":9,"column":6},"end":{"line":9,"column":33}},{"start":{"line":9,"column":37},"end":{"line":9,"column":52}}],"line":9},"3":{"loc":{"start":{"line":22,"column":23},"end":{"line":22,"column":46}},"type":"binary-expr","locations":[{"start":{"line":22,"column":23},"end":{"line":22,"column":39}},{"start":{"line":22,"column":43},"end":{"line":22,"column":46}}],"line":22},"4":{"loc":{"start":{"line":24,"column":15},"end":{"line":24,"column":76}},"type":"binary-expr","locations":[{"start":{"line":24,"column":15},"end":{"line":24,"column":28}},{"start":{"line":24,"column":32},"end":{"line":24,"column":76}}],"line":24}},"s":{"0":2,"1":2,"2":2,"3":2,"4":2,"5":1,"6":1,"7":1,"8":1,"9":0,"10":0},"f":{"0":2},"b":{"0":[2,0],"1":[1,1],"2":[2,2],"3":[0,0],"4":[0,0]},"_coverageSchema":"1a1c01bbd47fc00a2c39e90264f33305004495a9","hash":"698a897355413d26764917a275c6485c902947ad"}
,"/Users/hafsajabeen/Documents/software_engineering/Mindhaven/server/controllers/authController.js": {"path":"/Users/hafsajabeen/Documents/software_engineering/Mindhaven/server/controllers/authController.js","statementMap":{"0":{"start":{"line":1,"column":15},"end":{"line":1,"column":34}},"1":{"start":{"line":2,"column":13},"end":{"line":2,"column":38}},"2":{"start":{"line":3,"column":13},"end":{"line":3,"column":38}},"3":{"start":{"line":4,"column":12},"end":{"line":4,"column":35}},"4":{"start":{"line":5,"column":15},"end":{"line":5,"column":32}},"5":{"start":{"line":6,"column":11},"end":{"line":6,"column":40}},"6":{"start":{"line":7,"column":27},"end":{"line":7,"column":59}},"7":{"start":{"line":11,"column":0},"end":{"line":31,"column":2}},"8":{"start":{"line":12,"column":79},"end":{"line":12,"column":87}},"9":{"start":{"line":15,"column":23},"end":{"line":15,"column":52}},"10":{"start":{"line":17,"column":2},"end":{"line":30,"column":5}},"11":{"start":{"line":18,"column":4},"end":{"line":27,"column":5}},"12":{"start":{"line":19,"column":6},"end":{"line":19,"column":68}},"13":{"start":{"line":21,"column":6},"end":{"line":25,"column":7}},"14":{"start":{"line":22,"column":8},"end":{"line":24,"column":11}},"15":{"start":{"line":26,"column":6},"end":{"line":26,"column":73}},"16":{"start":{"line":28,"column":4},"end":{"line":28,"column":71}},"17":{"start":{"line":29,"column":4},"end":{"line":29,"column":45}},"18":{"start":{"line":35,"column":0},"end":{"line":85,"column":2}},"19":{"start":{"line":36,"column":30},"end":{"line":36,"column":38}},"20":{"start":{"line":39,"column":2},"end":{"line":41,"column":3}},"21":{"start":{"line":40,"column":4},"end":{"line":40,"column":82}},"22":{"start":{"line":44,"column":2},"end":{"line":84,"column":5}},"23":{"start":{"line":45,"column":4},"end":{"line":48,"column":5}},"24":{"start":{"line":46,"column":6},"end":{"line":46,"column":25}},"25":{"start":{"line":47,"column":6},"end":{"line":47,"column":65}},"26":{"start":{"line":51,"column":4},"end":{"line":53,"column":5}},"27":{"start":{"line":52,"column":6},"end":{"line":52,"column":65}},"28":{"start":{"line":55,"column":17},"end":{"line":55,"column":27}},"29":{"start":{"line":59,"column":20},"end":{"line":59,"column":63}},"30":{"start":{"line":61,"column":4},"end":{"line":63,"column":5}},"31":{"start":{"line":62,"column":6},"end":{"line":62,"column":67}},"32":{"start":{"line":66,"column":18},"end":{"line":70,"column":5}},"33":{"start":{"line":73,"column":4},"end":{"line":83,"column":7}},"34":{"start":{"line":88,"column":0},"end":{"line":116,"column":2}},"35":{"start":{"line":89,"column":20},"end":{"line":89,"column":28}},"36":{"start":{"line":90,"column":2},"end":{"line":90,"column":76}},"37":{"start":{"line":90,"column":14},"end":{"line":90,"column":76}},"38":{"start":{"line":92,"column":2},"end":{"line":115,"column":5}},"39":{"start":{"line":93,"column":4},"end":{"line":93,"column":72}},"40":{"start":{"line":93,"column":13},"end":{"line":93,"column":72}},"41":{"start":{"line":94,"column":4},"end":{"line":95,"column":65}},"42":{"start":{"line":95,"column":6},"end":{"line":95,"column":65}},"43":{"start":{"line":97,"column":19},"end":{"line":97,"column":32}},"44":{"start":{"line":98,"column":18},"end":{"line":98,"column":56}},"45":{"start":{"line":99,"column":22},"end":{"line":99,"column":59}},"46":{"start":{"line":101,"column":4},"end":{"line":114,"column":7}},"47":{"start":{"line":102,"column":6},"end":{"line":113,"column":9}},"48":{"start":{"line":103,"column":8},"end":{"line":103,"column":77}},"49":{"start":{"line":103,"column":18},"end":{"line":103,"column":77}},"50":{"start":{"line":105,"column":8},"end":{"line":112,"column":11}},"51":{"start":{"line":107,"column":10},"end":{"line":107,"column":90}},"52":{"start":{"line":110,"column":10},"end":{"line":110,"column":56}},"53":{"start":{"line":111,"column":10},"end":{"line":111,"column":73}},"54":{"start":{"line":119,"column":0},"end":{"line":142,"column":2}},"55":{"start":{"line":120,"column":33},"end":{"line":120,"column":41}},"56":{"start":{"line":121,"column":2},"end":{"line":122,"column":84}},"57":{"start":{"line":122,"column":4},"end":{"line":122,"column":84}},"58":{"start":{"line":124,"column":2},"end":{"line":141,"column":5}},"59":{"start":{"line":125,"column":4},"end":{"line":125,"column":72}},"60":{"start":{"line":125,"column":13},"end":{"line":125,"column":72}},"61":{"start":{"line":126,"column":4},"end":{"line":127,"column":75}},"62":{"start":{"line":127,"column":6},"end":{"line":127,"column":75}},"63":{"start":{"line":129,"column":19},"end":{"line":129,"column":29}},"64":{"start":{"line":130,"column":4},"end":{"line":131,"column":64}},"65":{"start":{"line":131,"column":6},"end":{"line":131,"column":64}},"66":{"start":{"line":133,"column":19},"end":{"line":133,"column":51}},"67":{"start":{"line":134,"column":4},"end":{"line":140,"column":7}},"68":{"start":{"line":135,"column":6},"end":{"line":135,"column":84}},"69":{"start":{"line":135,"column":16},"end":{"line":135,"column":84}},"70":{"start":{"line":137,"column":6},"end":{"line":139,"column":9}},"71":{"start":{"line":138,"column":8},"end":{"line":138,"column":72}},"72":{"start":{"line":144,"column":0},"end":{"line":161,"column":2}},"73":{"start":{"line":145,"column":17},"end":{"line":145,"column":28}},"74":{"start":{"line":146,"column":35},"end":{"line":146,"column":43}},"75":{"start":{"line":147,"column":26},"end":{"line":147,"column":75}},"76":{"start":{"line":149,"column":2},"end":{"line":160,"column":5}},"77":{"start":{"line":150,"column":4},"end":{"line":150,"column":72}},"78":{"start":{"line":150,"column":13},"end":{"line":150,"column":72}},"79":{"start":{"line":151,"column":4},"end":{"line":151,"column":86}},"80":{"start":{"line":151,"column":27},"end":{"line":151,"column":86}},"81":{"start":{"line":153,"column":4},"end":{"line":159,"column":7}},"82":{"start":{"line":154,"column":6},"end":{"line":157,"column":7}},"83":{"start":{"line":155,"column":8},"end":{"line":155,"column":57}},"84":{"start":{"line":156,"column":8},"end":{"line":156,"column":75}},"85":{"start":{"line":158,"column":6},"end":{"line":158,"column":75}}},"fnMap":{"0":{"name":"(anonymous_0)","decl":{"start":{"line":11,"column":23},"end":{"line":11,"column":24}},"loc":{"start":{"line":11,"column":37},"end":{"line":31,"column":1}},"line":11},"1":{"name":"(anonymous_1)","decl":{"start":{"line":17,"column":86},"end":{"line":17,"column":87}},"loc":{"start":{"line":17,"column":103},"end":{"line":30,"column":3}},"line":17},"2":{"name":"(anonymous_2)","decl":{"start":{"line":35,"column":20},"end":{"line":35,"column":21}},"loc":{"start":{"line":35,"column":34},"end":{"line":85,"column":1}},"line":35},"3":{"name":"(anonymous_3)","decl":{"start":{"line":44,"column":26},"end":{"line":44,"column":27}},"loc":{"start":{"line":44,"column":44},"end":{"line":84,"column":3}},"line":44},"4":{"name":"(anonymous_4)","decl":{"start":{"line":88,"column":31},"end":{"line":88,"column":32}},"loc":{"start":{"line":88,"column":45},"end":{"line":116,"column":1}},"line":88},"5":{"name":"(anonymous_5)","decl":{"start":{"line":92,"column":60},"end":{"line":92,"column":61}},"loc":{"start":{"line":92,"column":78},"end":{"line":115,"column":3}},"line":92},"6":{"name":"(anonymous_6)","decl":{"start":{"line":101,"column":32},"end":{"line":101,"column":33}},"loc":{"start":{"line":101,"column":38},"end":{"line":114,"column":5}},"line":101},"7":{"name":"(anonymous_7)","decl":{"start":{"line":102,"column":49},"end":{"line":102,"column":50}},"loc":{"start":{"line":102,"column":59},"end":{"line":113,"column":7}},"line":102},"8":{"name":"(anonymous_8)","decl":{"start":{"line":106,"column":14},"end":{"line":106,"column":15}},"loc":{"start":{"line":106,"column":20},"end":{"line":108,"column":9}},"line":106},"9":{"name":"(anonymous_9)","decl":{"start":{"line":109,"column":15},"end":{"line":109,"column":16}},"loc":{"start":{"line":109,"column":26},"end":{"line":112,"column":9}},"line":109},"10":{"name":"(anonymous_10)","decl":{"start":{"line":119,"column":24},"end":{"line":119,"column":25}},"loc":{"start":{"line":119,"column":38},"end":{"line":142,"column":1}},"line":119},"11":{"name":"(anonymous_11)","decl":{"start":{"line":124,"column":26},"end":{"line":124,"column":27}},"loc":{"start":{"line":124,"column":44},"end":{"line":141,"column":3}},"line":124},"12":{"name":"(anonymous_12)","decl":{"start":{"line":134,"column":85},"end":{"line":134,"column":86}},"loc":{"start":{"line":134,"column":95},"end":{"line":140,"column":5}},"line":134},"13":{"name":"(anonymous_13)","decl":{"start":{"line":137,"column":42},"end":{"line":137,"column":43}},"loc":{"start":{"line":137,"column":48},"end":{"line":139,"column":7}},"line":137},"14":{"name":"(anonymous_14)","decl":{"start":{"line":144,"column":24},"end":{"line":144,"column":25}},"loc":{"start":{"line":144,"column":38},"end":{"line":161,"column":1}},"line":144},"15":{"name":"(anonymous_15)","decl":{"start":{"line":149,"column":30},"end":{"line":149,"column":31}},"loc":{"start":{"line":149,"column":45},"end":{"line":160,"column":3}},"line":149},"16":{"name":"(anonymous_16)","decl":{"start":{"line":153,"column":70},"end":{"line":153,"column":71}},"loc":{"start":{"line":153,"column":80},"end":{"line":159,"column":5}},"line":153}},"branchMap":{"0":{"loc":{"start":{"line":18,"column":4},"end":{"line":27,"column":5}},"type":"if","locations":[{"start":{"line":18,"column":4},"end":{"line":27,"column":5}},{"start":{},"end":{}}],"line":18},"1":{"loc":{"start":{"line":19,"column":45},"end":{"line":19,"column":66}},"type":"binary-expr","locations":[{"start":{"line":19,"column":45},"end":{"line":19,"column":59}},{"start":{"line":19,"column":63},"end":{"line":19,"column":66}}],"line":19},"2":{"loc":{"start":{"line":21,"column":6},"end":{"line":25,"column":7}},"type":"if","locations":[{"start":{"line":21,"column":6},"end":{"line":25,"column":7}},{"start":{},"end":{}}],"line":21},"3":{"loc":{"start":{"line":39,"column":2},"end":{"line":41,"column":3}},"type":"if","locations":[{"start":{"line":39,"column":2},"end":{"line":41,"column":3}},{"start":{},"end":{}}],"line":39},"4":{"loc":{"start":{"line":39,"column":6},"end":{"line":39,"column":25}},"type":"binary-expr","locations":[{"start":{"line":39,"column":6},"end":{"line":39,"column":12}},{"start":{"line":39,"column":16},"end":{"line":39,"column":25}}],"line":39},"5":{"loc":{"start":{"line":45,"column":4},"end":{"line":48,"column":5}},"type":"if","locations":[{"start":{"line":45,"column":4},"end":{"line":48,"column":5}},{"start":{},"end":{}}],"line":45},"6":{"loc":{"start":{"line":51,"column":4},"end":{"line":53,"column":5}},"type":"if","locations":[{"start":{"line":51,"column":4},"end":{"line":53,"column":5}},{"start":{},"end":{}}],"line":51},"7":{"loc":{"start":{"line":61,"column":4},"end":{"line":63,"column":5}},"type":"if","locations":[{"start":{"line":61,"column":4},"end":{"line":63,"column":5}},{"start":{},"end":{}}],"line":61},"8":{"loc":{"start":{"line":69,"column":19},"end":{"line":69,"column":53}},"type":"binary-expr","locations":[{"start":{"line":69,"column":19},"end":{"line":69,"column":45}},{"start":{"line":69,"column":49},"end":{"line":69,"column":53}}],"line":69},"9":{"loc":{"start":{"line":90,"column":2},"end":{"line":90,"column":76}},"type":"if","locations":[{"start":{"line":90,"column":2},"end":{"line":90,"column":76}},{"start":{},"end":{}}],"line":90},"10":{"loc":{"start":{"line":93,"column":4},"end":{"line":93,"column":72}},"type":"if","locations":[{"start":{"line":93,"column":4},"end":{"line":93,"column":72}},{"start":{},"end":{}}],"line":93},"11":{"loc":{"start":{"line":94,"column":4},"end":{"line":95,"column":65}},"type":"if","locations":[{"start":{"line":94,"column":4},"end":{"line":95,"column":65}},{"start":{},"end":{}}],"line":94},"12":{"loc":{"start":{"line":103,"column":8},"end":{"line":103,"column":77}},"type":"if","locations":[{"start":{"line":103,"column":8},"end":{"line":103,"column":77}},{"start":{},"end":{}}],"line":103},"13":{"loc":{"start":{"line":121,"column":2},"end":{"line":122,"column":84}},"type":"if","locations":[{"start":{"line":121,"column":2},"end":{"line":122,"column":84}},{"start":{},"end":{}}],"line":121},"14":{"loc":{"start":{"line":121,"column":6},"end":{"line":121,"column":28}},"type":"binary-expr","locations":[{"start":{"line":121,"column":6},"end":{"line":121,"column":12}},{"start":{"line":121,"column":16},"end":{"line":121,"column":28}}],"line":121},"15":{"loc":{"start":{"line":125,"column":4},"end":{"line":125,"column":72}},"type":"if","locations":[{"start":{"line":125,"column":4},"end":{"line":125,"column":72}},{"start":{},"end":{}}],"line":125},"16":{"loc":{"start":{"line":126,"column":4},"end":{"line":127,"column":75}},"type":"if","locations":[{"start":{"line":126,"column":4},"end":{"line":127,"column":75}},{"start":{},"end":{}}],"line":126},"17":{"loc":{"start":{"line":130,"column":4},"end":{"line":131,"column":64}},"type":"if","locations":[{"start":{"line":130,"column":4},"end":{"line":131,"column":64}},{"start":{},"end":{}}],"line":130},"18":{"loc":{"start":{"line":135,"column":6},"end":{"line":135,"column":84}},"type":"if","locations":[{"start":{"line":135,"column":6},"end":{"line":135,"column":84}},{"start":{},"end":{}}],"line":135},"19":{"loc":{"start":{"line":147,"column":26},"end":{"line":147,"column":75}},"type":"cond-expr","locations":[{"start":{"line":147,"column":37},"end":{"line":147,"column":68}},{"start":{"line":147,"column":71},"end":{"line":147,"column":75}}],"line":147},"20":{"loc":{"start":{"line":150,"column":4},"end":{"line":150,"column":72}},"type":"if","locations":[{"start":{"line":150,"column":4},"end":{"line":150,"column":72}},{"start":{},"end":{}}],"line":150},"21":{"loc":{"start":{"line":151,"column":4},"end":{"line":151,"column":86}},"type":"if","locations":[{"start":{"line":151,"column":4},"end":{"line":151,"column":86}},{"start":{},"end":{}}],"line":151},"22":{"loc":{"start":{"line":154,"column":6},"end":{"line":157,"column":7}},"type":"if","locations":[{"start":{"line":154,"column":6},"end":{"line":157,"column":7}},{"start":{},"end":{}}],"line":154}},"s":{"0":1,"1":1,"2":1,"3":1,"4":1,"5":1,"6":1,"7":1,"8":1,"9":1,"10":1,"11":1,"12":0,"13":0,"14":0,"15":0,"16":1,"17":1,"18":1,"19":0,"20":0,"21":0,"22":0,"23":0,"24":0,"25":0,"26":0,"27":0,"28":0,"29":0,"30":0,"31":0,"32":0,"33":0,"34":1,"35":0,"36":0,"37":0,"38":0,"39":0,"40":0,"41":0,"42":0,"43":0,"44":0,"45":0,"46":0,"47":0,"48":0,"49":0,"50":0,"51":0,"52":0,"53":0,"54":1,"55":0,"56":0,"57":0,"58":0,"59":0,"60":0,"61":0,"62":0,"63":0,"64":0,"65":0,"66":0,"67":0,"68":0,"69":0,"70":0,"71":0,"72":1,"73":0,"74":0,"75":0,"76":0,"77":0,"78":0,"79":0,"80":0,"81":0,"82":0,"83":0,"84":0,"85":0},"f":{"0":1,"1":1,"2":0,"3":0,"4":0,"5":0,"6":0,"7":0,"8":0,"9":0,"10":0,"11":0,"12":0,"13":0,"14":0,"15":0,"16":0},"b":{"0":[0,1],"1":[0,0],"2":[0,0],"3":[0,0],"4":[0,0],"5":[0,0],"6":[0,0],"7":[0,0],"8":[0,0],"9":[0,0],"10":[0,0],"11":[0,0],"12":[0,0],"13":[0,0],"14":[0,0],"15":[0,0],"16":[0,0],"17":[0,0],"18":[0,0],"19":[0,0],"20":[0,0],"21":[0,0],"22":[0,0]},"_coverageSchema":"1a1c01bbd47fc00a2c39e90264f33305004495a9","hash":"8f139140dca256a7f41b975c9963a73f6d5aa28a"}
,"/Users/hafsajabeen/Documents/software_engineering/Mindhaven/server/controllers/buddyController.js": {"path":"/Users/hafsajabeen/Documents/software_engineering/Mindhaven/server/controllers/buddyController.js","statementMap":{"0":{"start":{"line":1,"column":14},"end":{"line":1,"column":40}},"1":{"start":{"line":2,"column":31},"end":{"line":2,"column":77}},"2":{"start":{"line":4,"column":19},"end":{"line":4,"column":69}},"3":{"start":{"line":4,"column":31},"end":{"line":4,"column":69}},"4":{"start":{"line":5,"column":30},"end":{"line":6,"column":66}},"5":{"start":{"line":6,"column":2},"end":{"line":6,"column":66}},"6":{"start":{"line":7,"column":22},"end":{"line":7,"column":97}},"7":{"start":{"line":7,"column":43},"end":{"line":7,"column":97}},"8":{"start":{"line":8,"column":26},"end":{"line":8,"column":86}},"9":{"start":{"line":8,"column":35},"end":{"line":8,"column":86}},"10":{"start":{"line":10,"column":22},"end":{"line":18,"column":1}},"11":{"start":{"line":11,"column":2},"end":{"line":17,"column":5}},"12":{"start":{"line":12,"column":4},"end":{"line":12,"column":47}},"13":{"start":{"line":12,"column":17},"end":{"line":12,"column":47}},"14":{"start":{"line":13,"column":4},"end":{"line":15,"column":5}},"15":{"start":{"line":14,"column":6},"end":{"line":14,"column":66}},"16":{"start":{"line":16,"column":4},"end":{"line":16,"column":30}},"17":{"start":{"line":20,"column":27},"end":{"line":28,"column":1}},"18":{"start":{"line":21,"column":2},"end":{"line":27,"column":5}},"19":{"start":{"line":22,"column":4},"end":{"line":22,"column":50}},"20":{"start":{"line":22,"column":20},"end":{"line":22,"column":50}},"21":{"start":{"line":23,"column":4},"end":{"line":25,"column":5}},"22":{"start":{"line":24,"column":6},"end":{"line":24,"column":82}},"23":{"start":{"line":26,"column":4},"end":{"line":26,"column":33}},"24":{"start":{"line":30,"column":31},"end":{"line":38,"column":1}},"25":{"start":{"line":31,"column":2},"end":{"line":37,"column":5}},"26":{"start":{"line":32,"column":4},"end":{"line":32,"column":53}},"27":{"start":{"line":32,"column":23},"end":{"line":32,"column":53}},"28":{"start":{"line":33,"column":4},"end":{"line":35,"column":5}},"29":{"start":{"line":34,"column":6},"end":{"line":34,"column":77}},"30":{"start":{"line":36,"column":4},"end":{"line":36,"column":32}},"31":{"start":{"line":40,"column":21},"end":{"line":49,"column":1}},"32":{"start":{"line":41,"column":18},"end":{"line":41,"column":39}},"33":{"start":{"line":43,"column":2},"end":{"line":46,"column":3}},"34":{"start":{"line":44,"column":4},"end":{"line":44,"column":70}},"35":{"start":{"line":45,"column":4},"end":{"line":45,"column":16}},"36":{"start":{"line":48,"column":2},"end":{"line":48,"column":17}},"37":{"start":{"line":51,"column":30},"end":{"line":63,"column":1}},"38":{"start":{"line":52,"column":2},"end":{"line":62,"column":5}},"39":{"start":{"line":53,"column":4},"end":{"line":53,"column":50}},"40":{"start":{"line":53,"column":21},"end":{"line":53,"column":50}},"41":{"start":{"line":55,"column":4},"end":{"line":61,"column":7}},"42":{"start":{"line":56,"column":6},"end":{"line":56,"column":52}},"43":{"start":{"line":56,"column":23},"end":{"line":56,"column":52}},"44":{"start":{"line":58,"column":33},"end":{"line":58,"column":55}},"45":{"start":{"line":59,"column":33},"end":{"line":59,"column":55}},"46":{"start":{"line":60,"column":6},"end":{"line":60,"column":68}},"47":{"start":{"line":65,"column":25},"end":{"line":70,"column":1}},"48":{"start":{"line":66,"column":2},"end":{"line":69,"column":5}},"49":{"start":{"line":67,"column":4},"end":{"line":67,"column":34}},"50":{"start":{"line":67,"column":13},"end":{"line":67,"column":34}},"51":{"start":{"line":68,"column":4},"end":{"line":68,"column":68}},"52":{"start":{"line":72,"column":40},"end":{"line":82,"column":1}},"53":{"start":{"line":73,"column":2},"end":{"line":81,"column":5}},"54":{"start":{"line":74,"column":4},"end":{"line":74,"column":53}},"55":{"start":{"line":74,"column":23},"end":{"line":74,"column":53}},"56":{"start":{"line":75,"column":4},"end":{"line":77,"column":5}},"57":{"start":{"line":76,"column":6},"end":{"line":76,"column":103}},"58":{"start":{"line":79,"column":40},"end":{"line":79,"column":70}},"59":{"start":{"line":80,"column":4},"end":{"line":80,"column":47}},"60":{"start":{"line":84,"column":0},"end":{"line":139,"column":2}},"61":{"start":{"line":85,"column":17},"end":{"line":85,"column":28}},"62":{"start":{"line":86,"column":19},"end":{"line":86,"column":88}},"63":{"start":{"line":87,"column":18},"end":{"line":87,"column":42}},"64":{"start":{"line":89,"column":28},"end":{"line":122,"column":3}},"65":{"start":{"line":90,"column":28},"end":{"line":90,"column":44}},"66":{"start":{"line":91,"column":4},"end":{"line":93,"column":5}},"67":{"start":{"line":92,"column":6},"end":{"line":92,"column":83}},"68":{"start":{"line":95,"column":4},"end":{"line":121,"column":7}},"69":{"start":{"line":96,"column":6},"end":{"line":96,"column":53}},"70":{"start":{"line":96,"column":23},"end":{"line":96,"column":53}},"71":{"start":{"line":97,"column":6},"end":{"line":101,"column":7}},"72":{"start":{"line":98,"column":8},"end":{"line":100,"column":11}},"73":{"start":{"line":103,"column":6},"end":{"line":120,"column":9}},"74":{"start":{"line":104,"column":8},"end":{"line":104,"column":55}},"75":{"start":{"line":104,"column":25},"end":{"line":104,"column":55}},"76":{"start":{"line":105,"column":8},"end":{"line":109,"column":9}},"77":{"start":{"line":106,"column":10},"end":{"line":108,"column":13}},"78":{"start":{"line":111,"column":8},"end":{"line":119,"column":11}},"79":{"start":{"line":112,"column":10},"end":{"line":112,"column":98}},"80":{"start":{"line":112,"column":25},"end":{"line":112,"column":98}},"81":{"start":{"line":114,"column":10},"end":{"line":118,"column":13}},"82":{"start":{"line":124,"column":2},"end":{"line":132,"column":3}},"83":{"start":{"line":125,"column":4},"end":{"line":131,"column":7}},"84":{"start":{"line":126,"column":6},"end":{"line":126,"column":49}},"85":{"start":{"line":126,"column":19},"end":{"line":126,"column":49}},"86":{"start":{"line":127,"column":6},"end":{"line":129,"column":7}},"87":{"start":{"line":128,"column":8},"end":{"line":128,"column":68}},"88":{"start":{"line":130,"column":6},"end":{"line":130,"column":41}},"89":{"start":{"line":134,"column":2},"end":{"line":136,"column":3}},"90":{"start":{"line":135,"column":4},"end":{"line":135,"column":88}},"91":{"start":{"line":138,"column":2},"end":{"line":138,"column":56}},"92":{"start":{"line":141,"column":0},"end":{"line":188,"column":2}},"93":{"start":{"line":142,"column":17},"end":{"line":142,"column":28}},"94":{"start":{"line":143,"column":18},"end":{"line":143,"column":40}},"95":{"start":{"line":144,"column":2},"end":{"line":144,"column":31}},"96":{"start":{"line":144,"column":24},"end":{"line":144,"column":31}},"97":{"start":{"line":146,"column":2},"end":{"line":187,"column":5}},"98":{"start":{"line":147,"column":4},"end":{"line":147,"column":50}},"99":{"start":{"line":147,"column":20},"end":{"line":147,"column":50}},"100":{"start":{"line":148,"column":4},"end":{"line":150,"column":5}},"101":{"start":{"line":149,"column":6},"end":{"line":149,"column":74}},"102":{"start":{"line":152,"column":4},"end":{"line":154,"column":5}},"103":{"start":{"line":153,"column":6},"end":{"line":153,"column":81}},"104":{"start":{"line":156,"column":4},"end":{"line":186,"column":7}},"105":{"start":{"line":157,"column":6},"end":{"line":157,"column":96}},"106":{"start":{"line":157,"column":21},"end":{"line":157,"column":96}},"107":{"start":{"line":159,"column":6},"end":{"line":185,"column":9}},"108":{"start":{"line":160,"column":8},"end":{"line":160,"column":83}},"109":{"start":{"line":160,"column":24},"end":{"line":160,"column":83}},"110":{"start":{"line":162,"column":8},"end":{"line":173,"column":9}},"111":{"start":{"line":163,"column":10},"end":{"line":172,"column":13}},"112":{"start":{"line":164,"column":12},"end":{"line":166,"column":13}},"113":{"start":{"line":165,"column":14},"end":{"line":165,"column":89}},"114":{"start":{"line":168,"column":12},"end":{"line":171,"column":15}},"115":{"start":{"line":175,"column":8},"end":{"line":184,"column":11}},"116":{"start":{"line":176,"column":10},"end":{"line":178,"column":11}},"117":{"start":{"line":177,"column":12},"end":{"line":177,"column":87}},"118":{"start":{"line":180,"column":10},"end":{"line":183,"column":13}},"119":{"start":{"line":190,"column":0},"end":{"line":195,"column":2}},"120":{"start":{"line":191,"column":2},"end":{"line":194,"column":5}},"121":{"start":{"line":192,"column":4},"end":{"line":192,"column":89}},"122":{"start":{"line":192,"column":13},"end":{"line":192,"column":89}},"123":{"start":{"line":193,"column":4},"end":{"line":193,"column":42}},"124":{"start":{"line":197,"column":0},"end":{"line":212,"column":2}},"125":{"start":{"line":198,"column":17},"end":{"line":198,"column":28}},"126":{"start":{"line":199,"column":18},"end":{"line":199,"column":40}},"127":{"start":{"line":200,"column":2},"end":{"line":200,"column":31}},"128":{"start":{"line":200,"column":24},"end":{"line":200,"column":31}},"129":{"start":{"line":202,"column":2},"end":{"line":211,"column":5}},"130":{"start":{"line":203,"column":4},"end":{"line":210,"column":7}},"131":{"start":{"line":204,"column":6},"end":{"line":204,"column":96}},"132":{"start":{"line":204,"column":21},"end":{"line":204,"column":96}},"133":{"start":{"line":206,"column":6},"end":{"line":209,"column":9}},"134":{"start":{"line":214,"column":0},"end":{"line":229,"column":2}},"135":{"start":{"line":215,"column":17},"end":{"line":215,"column":28}},"136":{"start":{"line":216,"column":18},"end":{"line":216,"column":40}},"137":{"start":{"line":217,"column":2},"end":{"line":217,"column":31}},"138":{"start":{"line":217,"column":24},"end":{"line":217,"column":31}},"139":{"start":{"line":219,"column":2},"end":{"line":228,"column":5}},"140":{"start":{"line":220,"column":4},"end":{"line":227,"column":7}},"141":{"start":{"line":221,"column":6},"end":{"line":221,"column":96}},"142":{"start":{"line":221,"column":21},"end":{"line":221,"column":96}},"143":{"start":{"line":223,"column":6},"end":{"line":226,"column":9}},"144":{"start":{"line":231,"column":0},"end":{"line":245,"column":2}},"145":{"start":{"line":232,"column":2},"end":{"line":244,"column":5}},"146":{"start":{"line":233,"column":4},"end":{"line":233,"column":80}},"147":{"start":{"line":233,"column":13},"end":{"line":233,"column":80}},"148":{"start":{"line":234,"column":28},"end":{"line":234,"column":37}},"149":{"start":{"line":235,"column":4},"end":{"line":242,"column":7}},"150":{"start":{"line":236,"column":31},"end":{"line":236,"column":55}},"151":{"start":{"line":237,"column":18},"end":{"line":237,"column":86}},"152":{"start":{"line":238,"column":23},"end":{"line":238,"column":47}},"153":{"start":{"line":239,"column":6},"end":{"line":241,"column":7}},"154":{"start":{"line":240,"column":8},"end":{"line":240,"column":40}},"155":{"start":{"line":243,"column":4},"end":{"line":243,"column":70}},"156":{"start":{"line":247,"column":0},"end":{"line":258,"column":2}},"157":{"start":{"line":248,"column":17},"end":{"line":248,"column":28}},"158":{"start":{"line":249,"column":18},"end":{"line":249,"column":40}},"159":{"start":{"line":250,"column":2},"end":{"line":250,"column":31}},"160":{"start":{"line":250,"column":24},"end":{"line":250,"column":31}},"161":{"start":{"line":252,"column":2},"end":{"line":257,"column":5}},"162":{"start":{"line":253,"column":4},"end":{"line":256,"column":7}},"163":{"start":{"line":254,"column":6},"end":{"line":254,"column":94}},"164":{"start":{"line":254,"column":19},"end":{"line":254,"column":94}},"165":{"start":{"line":255,"column":6},"end":{"line":255,"column":41}},"166":{"start":{"line":260,"column":0},"end":{"line":286,"column":2}},"167":{"start":{"line":261,"column":17},"end":{"line":261,"column":28}},"168":{"start":{"line":262,"column":18},"end":{"line":262,"column":40}},"169":{"start":{"line":263,"column":16},"end":{"line":263,"column":79}},"170":{"start":{"line":264,"column":2},"end":{"line":264,"column":31}},"171":{"start":{"line":264,"column":24},"end":{"line":264,"column":31}},"172":{"start":{"line":266,"column":2},"end":{"line":268,"column":3}},"173":{"start":{"line":267,"column":4},"end":{"line":267,"column":71}},"174":{"start":{"line":270,"column":2},"end":{"line":285,"column":5}},"175":{"start":{"line":271,"column":4},"end":{"line":284,"column":7}},"176":{"start":{"line":272,"column":6},"end":{"line":272,"column":95}},"177":{"start":{"line":272,"column":19},"end":{"line":272,"column":95}},"178":{"start":{"line":274,"column":6},"end":{"line":283,"column":9}},"179":{"start":{"line":288,"column":0},"end":{"line":333,"column":2}},"180":{"start":{"line":289,"column":17},"end":{"line":289,"column":28}},"181":{"start":{"line":290,"column":18},"end":{"line":290,"column":39}},"182":{"start":{"line":291,"column":17},"end":{"line":291,"column":42}},"183":{"start":{"line":292,"column":20},"end":{"line":292,"column":47}},"184":{"start":{"line":294,"column":2},"end":{"line":296,"column":3}},"185":{"start":{"line":295,"column":4},"end":{"line":295,"column":88}},"186":{"start":{"line":298,"column":2},"end":{"line":332,"column":5}},"187":{"start":{"line":299,"column":4},"end":{"line":331,"column":7}},"188":{"start":{"line":300,"column":6},"end":{"line":300,"column":49}},"189":{"start":{"line":300,"column":19},"end":{"line":300,"column":49}},"190":{"start":{"line":301,"column":6},"end":{"line":303,"column":7}},"191":{"start":{"line":302,"column":8},"end":{"line":302,"column":77}},"192":{"start":{"line":305,"column":21},"end":{"line":305,"column":98}},"193":{"start":{"line":306,"column":6},"end":{"line":330,"column":9}},"194":{"start":{"line":307,"column":8},"end":{"line":307,"column":99}},"195":{"start":{"line":307,"column":23},"end":{"line":307,"column":99}},"196":{"start":{"line":309,"column":33},"end":{"line":319,"column":9}},"197":{"start":{"line":310,"column":10},"end":{"line":318,"column":13}},"198":{"start":{"line":311,"column":12},"end":{"line":311,"column":100}},"199":{"start":{"line":311,"column":25},"end":{"line":311,"column":100}},"200":{"start":{"line":313,"column":12},"end":{"line":317,"column":15}},"201":{"start":{"line":321,"column":8},"end":{"line":329,"column":11}},"202":{"start":{"line":327,"column":10},"end":{"line":327,"column":108}},"203":{"start":{"line":327,"column":25},"end":{"line":327,"column":108}},"204":{"start":{"line":328,"column":10},"end":{"line":328,"column":73}},"205":{"start":{"line":335,"column":0},"end":{"line":349,"column":2}},"206":{"start":{"line":336,"column":17},"end":{"line":336,"column":28}},"207":{"start":{"line":337,"column":18},"end":{"line":337,"column":40}},"208":{"start":{"line":338,"column":2},"end":{"line":338,"column":31}},"209":{"start":{"line":338,"column":24},"end":{"line":338,"column":31}},"210":{"start":{"line":340,"column":2},"end":{"line":348,"column":5}},"211":{"start":{"line":341,"column":4},"end":{"line":347,"column":7}},"212":{"start":{"line":342,"column":6},"end":{"line":346,"column":9}},"213":{"start":{"line":351,"column":0},"end":{"line":355,"column":2}},"214":{"start":{"line":352,"column":2},"end":{"line":354,"column":5}},"215":{"start":{"line":357,"column":0},"end":{"line":369,"column":2}},"216":{"start":{"line":358,"column":17},"end":{"line":358,"column":28}},"217":{"start":{"line":359,"column":18},"end":{"line":359,"column":40}},"218":{"start":{"line":360,"column":2},"end":{"line":360,"column":31}},"219":{"start":{"line":360,"column":24},"end":{"line":360,"column":31}},"220":{"start":{"line":362,"column":2},"end":{"line":368,"column":5}},"221":{"start":{"line":363,"column":4},"end":{"line":367,"column":7}},"222":{"start":{"line":364,"column":6},"end":{"line":364,"column":88}},"223":{"start":{"line":364,"column":21},"end":{"line":364,"column":88}},"224":{"start":{"line":366,"column":6},"end":{"line":366,"column":77}}},"fnMap":{"0":{"name":"(anonymous_0)","decl":{"start":{"line":4,"column":19},"end":{"line":4,"column":20}},"loc":{"start":{"line":4,"column":31},"end":{"line":4,"column":69}},"line":4},"1":{"name":"(anonymous_1)","decl":{"start":{"line":5,"column":30},"end":{"line":5,"column":31}},"loc":{"start":{"line":6,"column":2},"end":{"line":6,"column":66}},"line":6},"2":{"name":"(anonymous_2)","decl":{"start":{"line":7,"column":22},"end":{"line":7,"column":23}},"loc":{"start":{"line":7,"column":43},"end":{"line":7,"column":97}},"line":7},"3":{"name":"(anonymous_3)","decl":{"start":{"line":8,"column":26},"end":{"line":8,"column":27}},"loc":{"start":{"line":8,"column":35},"end":{"line":8,"column":86}},"line":8},"4":{"name":"(anonymous_4)","decl":{"start":{"line":10,"column":22},"end":{"line":10,"column":23}},"loc":{"start":{"line":10,"column":50},"end":{"line":18,"column":1}},"line":10},"5":{"name":"(anonymous_5)","decl":{"start":{"line":11,"column":30},"end":{"line":11,"column":31}},"loc":{"start":{"line":11,"column":50},"end":{"line":17,"column":3}},"line":11},"6":{"name":"(anonymous_6)","decl":{"start":{"line":20,"column":27},"end":{"line":20,"column":28}},"loc":{"start":{"line":20,"column":74},"end":{"line":28,"column":1}},"line":20},"7":{"name":"(anonymous_7)","decl":{"start":{"line":21,"column":48},"end":{"line":21,"column":49}},"loc":{"start":{"line":21,"column":74},"end":{"line":27,"column":3}},"line":21},"8":{"name":"(anonymous_8)","decl":{"start":{"line":30,"column":31},"end":{"line":30,"column":32}},"loc":{"start":{"line":30,"column":67},"end":{"line":38,"column":1}},"line":30},"9":{"name":"(anonymous_9)","decl":{"start":{"line":31,"column":36},"end":{"line":31,"column":37}},"loc":{"start":{"line":31,"column":67},"end":{"line":37,"column":3}},"line":31},"10":{"name":"(anonymous_10)","decl":{"start":{"line":40,"column":21},"end":{"line":40,"column":22}},"loc":{"start":{"line":40,"column":35},"end":{"line":49,"column":1}},"line":40},"11":{"name":"(anonymous_11)","decl":{"start":{"line":51,"column":30},"end":{"line":51,"column":31}},"loc":{"start":{"line":51,"column":61},"end":{"line":63,"column":1}},"line":51},"12":{"name":"(anonymous_12)","decl":{"start":{"line":52,"column":37},"end":{"line":52,"column":38}},"loc":{"start":{"line":52,"column":75},"end":{"line":62,"column":3}},"line":52},"13":{"name":"(anonymous_13)","decl":{"start":{"line":55,"column":39},"end":{"line":55,"column":40}},"loc":{"start":{"line":55,"column":77},"end":{"line":61,"column":5}},"line":55},"14":{"name":"(anonymous_14)","decl":{"start":{"line":65,"column":25},"end":{"line":65,"column":26}},"loc":{"start":{"line":65,"column":56},"end":{"line":70,"column":1}},"line":65},"15":{"name":"(anonymous_15)","decl":{"start":{"line":66,"column":41},"end":{"line":66,"column":42}},"loc":{"start":{"line":66,"column":90},"end":{"line":69,"column":3}},"line":66},"16":{"name":"(anonymous_16)","decl":{"start":{"line":72,"column":40},"end":{"line":72,"column":41}},"loc":{"start":{"line":72,"column":76},"end":{"line":82,"column":1}},"line":72},"17":{"name":"(anonymous_17)","decl":{"start":{"line":73,"column":41},"end":{"line":73,"column":42}},"loc":{"start":{"line":73,"column":100},"end":{"line":81,"column":3}},"line":73},"18":{"name":"(anonymous_18)","decl":{"start":{"line":84,"column":23},"end":{"line":84,"column":24}},"loc":{"start":{"line":84,"column":37},"end":{"line":139,"column":1}},"line":84},"19":{"name":"(anonymous_19)","decl":{"start":{"line":89,"column":28},"end":{"line":89,"column":29}},"loc":{"start":{"line":89,"column":39},"end":{"line":122,"column":3}},"line":89},"20":{"name":"(anonymous_20)","decl":{"start":{"line":95,"column":47},"end":{"line":95,"column":48}},"loc":{"start":{"line":95,"column":85},"end":{"line":121,"column":5}},"line":95},"21":{"name":"(anonymous_21)","decl":{"start":{"line":103,"column":49},"end":{"line":103,"column":50}},"loc":{"start":{"line":103,"column":87},"end":{"line":120,"column":7}},"line":103},"22":{"name":"(anonymous_22)","decl":{"start":{"line":111,"column":53},"end":{"line":111,"column":54}},"loc":{"start":{"line":111,"column":68},"end":{"line":119,"column":9}},"line":111},"23":{"name":"(anonymous_23)","decl":{"start":{"line":125,"column":46},"end":{"line":125,"column":47}},"loc":{"start":{"line":125,"column":66},"end":{"line":131,"column":5}},"line":125},"24":{"name":"(anonymous_24)","decl":{"start":{"line":141,"column":29},"end":{"line":141,"column":30}},"loc":{"start":{"line":141,"column":43},"end":{"line":188,"column":1}},"line":141},"25":{"name":"(anonymous_25)","decl":{"start":{"line":146,"column":37},"end":{"line":146,"column":38}},"loc":{"start":{"line":146,"column":63},"end":{"line":187,"column":3}},"line":146},"26":{"name":"(anonymous_26)","decl":{"start":{"line":156,"column":41},"end":{"line":156,"column":42}},"loc":{"start":{"line":156,"column":56},"end":{"line":186,"column":5}},"line":156},"27":{"name":"(anonymous_27)","decl":{"start":{"line":159,"column":41},"end":{"line":159,"column":42}},"loc":{"start":{"line":159,"column":74},"end":{"line":185,"column":7}},"line":159},"28":{"name":"(anonymous_28)","decl":{"start":{"line":163,"column":54},"end":{"line":163,"column":55}},"loc":{"start":{"line":163,"column":76},"end":{"line":172,"column":11}},"line":163},"29":{"name":"(anonymous_29)","decl":{"start":{"line":175,"column":88},"end":{"line":175,"column":89}},"loc":{"start":{"line":175,"column":103},"end":{"line":184,"column":9}},"line":175},"30":{"name":"(anonymous_30)","decl":{"start":{"line":190,"column":30},"end":{"line":190,"column":31}},"loc":{"start":{"line":190,"column":44},"end":{"line":195,"column":1}},"line":190},"31":{"name":"(anonymous_31)","decl":{"start":{"line":191,"column":41},"end":{"line":191,"column":42}},"loc":{"start":{"line":191,"column":60},"end":{"line":194,"column":3}},"line":191},"32":{"name":"(anonymous_32)","decl":{"start":{"line":197,"column":29},"end":{"line":197,"column":30}},"loc":{"start":{"line":197,"column":43},"end":{"line":212,"column":1}},"line":197},"33":{"name":"(anonymous_33)","decl":{"start":{"line":202,"column":43},"end":{"line":202,"column":44}},"loc":{"start":{"line":202,"column":49},"end":{"line":211,"column":3}},"line":202},"34":{"name":"(anonymous_34)","decl":{"start":{"line":203,"column":41},"end":{"line":203,"column":42}},"loc":{"start":{"line":203,"column":56},"end":{"line":210,"column":5}},"line":203},"35":{"name":"(anonymous_35)","decl":{"start":{"line":214,"column":29},"end":{"line":214,"column":30}},"loc":{"start":{"line":214,"column":43},"end":{"line":229,"column":1}},"line":214},"36":{"name":"(anonymous_36)","decl":{"start":{"line":219,"column":43},"end":{"line":219,"column":44}},"loc":{"start":{"line":219,"column":49},"end":{"line":228,"column":3}},"line":219},"37":{"name":"(anonymous_37)","decl":{"start":{"line":220,"column":41},"end":{"line":220,"column":42}},"loc":{"start":{"line":220,"column":56},"end":{"line":227,"column":5}},"line":220},"38":{"name":"(anonymous_38)","decl":{"start":{"line":231,"column":22},"end":{"line":231,"column":23}},"loc":{"start":{"line":231,"column":36},"end":{"line":245,"column":1}},"line":231},"39":{"name":"(anonymous_39)","decl":{"start":{"line":232,"column":33},"end":{"line":232,"column":34}},"loc":{"start":{"line":232,"column":51},"end":{"line":244,"column":3}},"line":232},"40":{"name":"(anonymous_40)","decl":{"start":{"line":235,"column":28},"end":{"line":235,"column":29}},"loc":{"start":{"line":235,"column":39},"end":{"line":242,"column":5}},"line":235},"41":{"name":"(anonymous_41)","decl":{"start":{"line":247,"column":24},"end":{"line":247,"column":25}},"loc":{"start":{"line":247,"column":38},"end":{"line":258,"column":1}},"line":247},"42":{"name":"(anonymous_42)","decl":{"start":{"line":252,"column":56},"end":{"line":252,"column":57}},"loc":{"start":{"line":252,"column":87},"end":{"line":257,"column":3}},"line":252},"43":{"name":"(anonymous_43)","decl":{"start":{"line":253,"column":64},"end":{"line":253,"column":65}},"loc":{"start":{"line":253,"column":84},"end":{"line":256,"column":5}},"line":253},"44":{"name":"(anonymous_44)","decl":{"start":{"line":260,"column":23},"end":{"line":260,"column":24}},"loc":{"start":{"line":260,"column":37},"end":{"line":286,"column":1}},"line":260},"45":{"name":"(anonymous_45)","decl":{"start":{"line":270,"column":56},"end":{"line":270,"column":57}},"loc":{"start":{"line":270,"column":87},"end":{"line":285,"column":3}},"line":270},"46":{"name":"(anonymous_46)","decl":{"start":{"line":271,"column":72},"end":{"line":271,"column":73}},"loc":{"start":{"line":271,"column":93},"end":{"line":284,"column":5}},"line":271},"47":{"name":"(anonymous_47)","decl":{"start":{"line":288,"column":26},"end":{"line":288,"column":27}},"loc":{"start":{"line":288,"column":40},"end":{"line":333,"column":1}},"line":288},"48":{"name":"(anonymous_48)","decl":{"start":{"line":298,"column":56},"end":{"line":298,"column":57}},"loc":{"start":{"line":298,"column":87},"end":{"line":332,"column":3}},"line":298},"49":{"name":"(anonymous_49)","decl":{"start":{"line":299,"column":63},"end":{"line":299,"column":64}},"loc":{"start":{"line":299,"column":83},"end":{"line":331,"column":5}},"line":299},"50":{"name":"(anonymous_50)","decl":{"start":{"line":306,"column":29},"end":{"line":306,"column":30}},"loc":{"start":{"line":306,"column":44},"end":{"line":330,"column":7}},"line":306},"51":{"name":"(anonymous_51)","decl":{"start":{"line":309,"column":33},"end":{"line":309,"column":34}},"loc":{"start":{"line":309,"column":52},"end":{"line":319,"column":9}},"line":309},"52":{"name":"(anonymous_52)","decl":{"start":{"line":310,"column":70},"end":{"line":310,"column":71}},"loc":{"start":{"line":310,"column":93},"end":{"line":318,"column":11}},"line":310},"53":{"name":"(anonymous_53)","decl":{"start":{"line":326,"column":11},"end":{"line":326,"column":12}},"loc":{"start":{"line":326,"column":42},"end":{"line":329,"column":9}},"line":326},"54":{"name":"(anonymous_54)","decl":{"start":{"line":335,"column":26},"end":{"line":335,"column":27}},"loc":{"start":{"line":335,"column":40},"end":{"line":349,"column":1}},"line":335},"55":{"name":"(anonymous_55)","decl":{"start":{"line":340,"column":47},"end":{"line":340,"column":48}},"loc":{"start":{"line":340,"column":63},"end":{"line":348,"column":3}},"line":340},"56":{"name":"(anonymous_56)","decl":{"start":{"line":341,"column":32},"end":{"line":341,"column":33}},"loc":{"start":{"line":341,"column":43},"end":{"line":347,"column":5}},"line":341},"57":{"name":"(anonymous_57)","decl":{"start":{"line":351,"column":23},"end":{"line":351,"column":24}},"loc":{"start":{"line":351,"column":37},"end":{"line":355,"column":1}},"line":351},"58":{"name":"(anonymous_58)","decl":{"start":{"line":357,"column":22},"end":{"line":357,"column":23}},"loc":{"start":{"line":357,"column":36},"end":{"line":369,"column":1}},"line":357},"59":{"name":"(anonymous_59)","decl":{"start":{"line":362,"column":47},"end":{"line":362,"column":48}},"loc":{"start":{"line":362,"column":53},"end":{"line":368,"column":3}},"line":362},"60":{"name":"(anonymous_60)","decl":{"start":{"line":363,"column":44},"end":{"line":363,"column":45}},"loc":{"start":{"line":363,"column":59},"end":{"line":367,"column":5}},"line":363}},"branchMap":{"0":{"loc":{"start":{"line":4,"column":31},"end":{"line":4,"column":69}},"type":"binary-expr","locations":[{"start":{"line":4,"column":31},"end":{"line":4,"column":37}},{"start":{"line":4,"column":41},"end":{"line":4,"column":69}}],"line":4},"1":{"loc":{"start":{"line":6,"column":2},"end":{"line":6,"column":66}},"type":"binary-expr","locations":[{"start":{"line":6,"column":2},"end":{"line":6,"column":32}},{"start":{"line":6,"column":36},"end":{"line":6,"column":66}}],"line":6},"2":{"loc":{"start":{"line":12,"column":4},"end":{"line":12,"column":47}},"type":"if","locations":[{"start":{"line":12,"column":4},"end":{"line":12,"column":47}},{"start":{},"end":{}}],"line":12},"3":{"loc":{"start":{"line":13,"column":4},"end":{"line":15,"column":5}},"type":"if","locations":[{"start":{"line":13,"column":4},"end":{"line":15,"column":5}},{"start":{},"end":{}}],"line":13},"4":{"loc":{"start":{"line":22,"column":4},"end":{"line":22,"column":50}},"type":"if","locations":[{"start":{"line":22,"column":4},"end":{"line":22,"column":50}},{"start":{},"end":{}}],"line":22},"5":{"loc":{"start":{"line":23,"column":4},"end":{"line":25,"column":5}},"type":"if","locations":[{"start":{"line":23,"column":4},"end":{"line":25,"column":5}},{"start":{},"end":{}}],"line":23},"6":{"loc":{"start":{"line":23,"column":8},"end":{"line":23,"column":65}},"type":"binary-expr","locations":[{"start":{"line":23,"column":8},"end":{"line":23,"column":29}},{"start":{"line":23,"column":33},"end":{"line":23,"column":65}}],"line":23},"7":{"loc":{"start":{"line":32,"column":4},"end":{"line":32,"column":53}},"type":"if","locations":[{"start":{"line":32,"column":4},"end":{"line":32,"column":53}},{"start":{},"end":{}}],"line":32},"8":{"loc":{"start":{"line":33,"column":4},"end":{"line":35,"column":5}},"type":"if","locations":[{"start":{"line":33,"column":4},"end":{"line":35,"column":5}},{"start":{},"end":{}}],"line":33},"9":{"loc":{"start":{"line":43,"column":2},"end":{"line":46,"column":3}},"type":"if","locations":[{"start":{"line":43,"column":2},"end":{"line":46,"column":3}},{"start":{},"end":{}}],"line":43},"10":{"loc":{"start":{"line":53,"column":4},"end":{"line":53,"column":50}},"type":"if","locations":[{"start":{"line":53,"column":4},"end":{"line":53,"column":50}},{"start":{},"end":{}}],"line":53},"11":{"loc":{"start":{"line":56,"column":6},"end":{"line":56,"column":52}},"type":"if","locations":[{"start":{"line":56,"column":6},"end":{"line":56,"column":52}},{"start":{},"end":{}}],"line":56},"12":{"loc":{"start":{"line":67,"column":4},"end":{"line":67,"column":34}},"type":"if","locations":[{"start":{"line":67,"column":4},"end":{"line":67,"column":34}},{"start":{},"end":{}}],"line":67},"13":{"loc":{"start":{"line":68,"column":26},"end":{"line":68,"column":66}},"type":"binary-expr","locations":[{"start":{"line":68,"column":26},"end":{"line":68,"column":44}},{"start":{"line":68,"column":48},"end":{"line":68,"column":66}}],"line":68},"14":{"loc":{"start":{"line":74,"column":4},"end":{"line":74,"column":53}},"type":"if","locations":[{"start":{"line":74,"column":4},"end":{"line":74,"column":53}},{"start":{},"end":{}}],"line":74},"15":{"loc":{"start":{"line":75,"column":4},"end":{"line":77,"column":5}},"type":"if","locations":[{"start":{"line":75,"column":4},"end":{"line":77,"column":5}},{"start":{},"end":{}}],"line":75},"16":{"loc":{"start":{"line":86,"column":19},"end":{"line":86,"column":88}},"type":"cond-expr","locations":[{"start":{"line":86,"column":59},"end":{"line":86,"column":83}},{"start":{"line":86,"column":86},"end":{"line":86,"column":88}}],"line":86},"17":{"loc":{"start":{"line":91,"column":4},"end":{"line":93,"column":5}},"type":"if","locations":[{"start":{"line":91,"column":4},"end":{"line":93,"column":5}},{"start":{},"end":{}}],"line":91},"18":{"loc":{"start":{"line":96,"column":6},"end":{"line":96,"column":53}},"type":"if","locations":[{"start":{"line":96,"column":6},"end":{"line":96,"column":53}},{"start":{},"end":{}}],"line":96},"19":{"loc":{"start":{"line":97,"column":6},"end":{"line":101,"column":7}},"type":"if","locations":[{"start":{"line":97,"column":6},"end":{"line":101,"column":7}},{"start":{},"end":{}}],"line":97},"20":{"loc":{"start":{"line":104,"column":8},"end":{"line":104,"column":55}},"type":"if","locations":[{"start":{"line":104,"column":8},"end":{"line":104,"column":55}},{"start":{},"end":{}}],"line":104},"21":{"loc":{"start":{"line":105,"column":8},"end":{"line":109,"column":9}},"type":"if","locations":[{"start":{"line":105,"column":8},"end":{"line":109,"column":9}},{"start":{},"end":{}}],"line":105},"22":{"loc":{"start":{"line":112,"column":10},"end":{"line":112,"column":98}},"type":"if","locations":[{"start":{"line":112,"column":10},"end":{"line":112,"column":98}},{"start":{},"end":{}}],"line":112},"23":{"loc":{"start":{"line":124,"column":2},"end":{"line":132,"column":3}},"type":"if","locations":[{"start":{"line":124,"column":2},"end":{"line":132,"column":3}},{"start":{},"end":{}}],"line":124},"24":{"loc":{"start":{"line":126,"column":6},"end":{"line":126,"column":49}},"type":"if","locations":[{"start":{"line":126,"column":6},"end":{"line":126,"column":49}},{"start":{},"end":{}}],"line":126},"25":{"loc":{"start":{"line":127,"column":6},"end":{"line":129,"column":7}},"type":"if","locations":[{"start":{"line":127,"column":6},"end":{"line":129,"column":7}},{"start":{},"end":{}}],"line":127},"26":{"loc":{"start":{"line":134,"column":2},"end":{"line":136,"column":3}},"type":"if","locations":[{"start":{"line":134,"column":2},"end":{"line":136,"column":3}},{"start":{},"end":{}}],"line":134},"27":{"loc":{"start":{"line":144,"column":2},"end":{"line":144,"column":31}},"type":"if","locations":[{"start":{"line":144,"column":2},"end":{"line":144,"column":31}},{"start":{},"end":{}}],"line":144},"28":{"loc":{"start":{"line":147,"column":4},"end":{"line":147,"column":50}},"type":"if","locations":[{"start":{"line":147,"column":4},"end":{"line":147,"column":50}},{"start":{},"end":{}}],"line":147},"29":{"loc":{"start":{"line":148,"column":4},"end":{"line":150,"column":5}},"type":"if","locations":[{"start":{"line":148,"column":4},"end":{"line":150,"column":5}},{"start":{},"end":{}}],"line":148},"30":{"loc":{"start":{"line":152,"column":4},"end":{"line":154,"column":5}},"type":"if","locations":[{"start":{"line":152,"column":4},"end":{"line":154,"column":5}},{"start":{},"end":{}}],"line":152},"31":{"loc":{"start":{"line":157,"column":6},"end":{"line":157,"column":96}},"type":"if","locations":[{"start":{"line":157,"column":6},"end":{"line":157,"column":96}},{"start":{},"end":{}}],"line":157},"32":{"loc":{"start":{"line":160,"column":8},"end":{"line":160,"column":83}},"type":"if","locations":[{"start":{"line":160,"column":8},"end":{"line":160,"column":83}},{"start":{},"end":{}}],"line":160},"33":{"loc":{"start":{"line":162,"column":8},"end":{"line":173,"column":9}},"type":"if","locations":[{"start":{"line":162,"column":8},"end":{"line":173,"column":9}},{"start":{},"end":{}}],"line":162},"34":{"loc":{"start":{"line":164,"column":12},"end":{"line":166,"column":13}},"type":"if","locations":[{"start":{"line":164,"column":12},"end":{"line":166,"column":13}},{"start":{},"end":{}}],"line":164},"35":{"loc":{"start":{"line":175,"column":63},"end":{"line":175,"column":86}},"type":"binary-expr","locations":[{"start":{"line":175,"column":63},"end":{"line":175,"column":81}},{"start":{"line":175,"column":85},"end":{"line":175,"column":86}}],"line":175},"36":{"loc":{"start":{"line":176,"column":10},"end":{"line":178,"column":11}},"type":"if","locations":[{"start":{"line":176,"column":10},"end":{"line":178,"column":11}},{"start":{},"end":{}}],"line":176},"37":{"loc":{"start":{"line":192,"column":4},"end":{"line":192,"column":89}},"type":"if","locations":[{"start":{"line":192,"column":4},"end":{"line":192,"column":89}},{"start":{},"end":{}}],"line":192},"38":{"loc":{"start":{"line":200,"column":2},"end":{"line":200,"column":31}},"type":"if","locations":[{"start":{"line":200,"column":2},"end":{"line":200,"column":31}},{"start":{},"end":{}}],"line":200},"39":{"loc":{"start":{"line":204,"column":6},"end":{"line":204,"column":96}},"type":"if","locations":[{"start":{"line":204,"column":6},"end":{"line":204,"column":96}},{"start":{},"end":{}}],"line":204},"40":{"loc":{"start":{"line":217,"column":2},"end":{"line":217,"column":31}},"type":"if","locations":[{"start":{"line":217,"column":2},"end":{"line":217,"column":31}},{"start":{},"end":{}}],"line":217},"41":{"loc":{"start":{"line":221,"column":6},"end":{"line":221,"column":96}},"type":"if","locations":[{"start":{"line":221,"column":6},"end":{"line":221,"column":96}},{"start":{},"end":{}}],"line":221},"42":{"loc":{"start":{"line":233,"column":4},"end":{"line":233,"column":80}},"type":"if","locations":[{"start":{"line":233,"column":4},"end":{"line":233,"column":80}},{"start":{},"end":{}}],"line":233},"43":{"loc":{"start":{"line":235,"column":5},"end":{"line":235,"column":18}},"type":"binary-expr","locations":[{"start":{"line":235,"column":5},"end":{"line":235,"column":12}},{"start":{"line":235,"column":16},"end":{"line":235,"column":18}}],"line":235},"44":{"loc":{"start":{"line":237,"column":18},"end":{"line":237,"column":86}},"type":"cond-expr","locations":[{"start":{"line":237,"column":51},"end":{"line":237,"column":67}},{"start":{"line":237,"column":70},"end":{"line":237,"column":86}}],"line":237},"45":{"loc":{"start":{"line":239,"column":6},"end":{"line":241,"column":7}},"type":"if","locations":[{"start":{"line":239,"column":6},"end":{"line":241,"column":7}},{"start":{},"end":{}}],"line":239},"46":{"loc":{"start":{"line":239,"column":10},"end":{"line":239,"column":67}},"type":"binary-expr","locations":[{"start":{"line":239,"column":10},"end":{"line":239,"column":19}},{"start":{"line":239,"column":23},"end":{"line":239,"column":67}}],"line":239},"47":{"loc":{"start":{"line":239,"column":24},"end":{"line":239,"column":41}},"type":"binary-expr","locations":[{"start":{"line":239,"column":24},"end":{"line":239,"column":36}},{"start":{"line":239,"column":40},"end":{"line":239,"column":41}}],"line":239},"48":{"loc":{"start":{"line":239,"column":46},"end":{"line":239,"column":66}},"type":"binary-expr","locations":[{"start":{"line":239,"column":46},"end":{"line":239,"column":61}},{"start":{"line":239,"column":65},"end":{"line":239,"column":66}}],"line":239},"49":{"loc":{"start":{"line":250,"column":2},"end":{"line":250,"column":31}},"type":"if","locations":[{"start":{"line":250,"column":2},"end":{"line":250,"column":31}},{"start":{},"end":{}}],"line":250},"50":{"loc":{"start":{"line":254,"column":6},"end":{"line":254,"column":94}},"type":"if","locations":[{"start":{"line":254,"column":6},"end":{"line":254,"column":94}},{"start":{},"end":{}}],"line":254},"51":{"loc":{"start":{"line":263,"column":16},"end":{"line":263,"column":79}},"type":"cond-expr","locations":[{"start":{"line":263,"column":53},"end":{"line":263,"column":74}},{"start":{"line":263,"column":77},"end":{"line":263,"column":79}}],"line":263},"52":{"loc":{"start":{"line":264,"column":2},"end":{"line":264,"column":31}},"type":"if","locations":[{"start":{"line":264,"column":2},"end":{"line":264,"column":31}},{"start":{},"end":{}}],"line":264},"53":{"loc":{"start":{"line":266,"column":2},"end":{"line":268,"column":3}},"type":"if","locations":[{"start":{"line":266,"column":2},"end":{"line":268,"column":3}},{"start":{},"end":{}}],"line":266},"54":{"loc":{"start":{"line":272,"column":6},"end":{"line":272,"column":95}},"type":"if","locations":[{"start":{"line":272,"column":6},"end":{"line":272,"column":95}},{"start":{},"end":{}}],"line":272},"55":{"loc":{"start":{"line":294,"column":2},"end":{"line":296,"column":3}},"type":"if","locations":[{"start":{"line":294,"column":2},"end":{"line":296,"column":3}},{"start":{},"end":{}}],"line":294},"56":{"loc":{"start":{"line":294,"column":6},"end":{"line":294,"column":61}},"type":"binary-expr","locations":[{"start":{"line":294,"column":6},"end":{"line":294,"column":32}},{"start":{"line":294,"column":36},"end":{"line":294,"column":61}}],"line":294},"57":{"loc":{"start":{"line":300,"column":6},"end":{"line":300,"column":49}},"type":"if","locations":[{"start":{"line":300,"column":6},"end":{"line":300,"column":49}},{"start":{},"end":{}}],"line":300},"58":{"loc":{"start":{"line":301,"column":6},"end":{"line":303,"column":7}},"type":"if","locations":[{"start":{"line":301,"column":6},"end":{"line":303,"column":7}},{"start":{},"end":{}}],"line":301},"59":{"loc":{"start":{"line":305,"column":21},"end":{"line":305,"column":98}},"type":"cond-expr","locations":[{"start":{"line":305,"column":33},"end":{"line":305,"column":63}},{"start":{"line":305,"column":66},"end":{"line":305,"column":98}}],"line":305},"60":{"loc":{"start":{"line":307,"column":8},"end":{"line":307,"column":99}},"type":"if","locations":[{"start":{"line":307,"column":8},"end":{"line":307,"column":99}},{"start":{},"end":{}}],"line":307},"61":{"loc":{"start":{"line":311,"column":12},"end":{"line":311,"column":100}},"type":"if","locations":[{"start":{"line":311,"column":12},"end":{"line":311,"column":100}},{"start":{},"end":{}}],"line":311},"62":{"loc":{"start":{"line":327,"column":10},"end":{"line":327,"column":108}},"type":"if","locations":[{"start":{"line":327,"column":10},"end":{"line":327,"column":108}},{"start":{},"end":{}}],"line":327},"63":{"loc":{"start":{"line":338,"column":2},"end":{"line":338,"column":31}},"type":"if","locations":[{"start":{"line":338,"column":2},"end":{"line":338,"column":31}},{"start":{},"end":{}}],"line":338},"64":{"loc":{"start":{"line":360,"column":2},"end":{"line":360,"column":31}},"type":"if","locations":[{"start":{"line":360,"column":2},"end":{"line":360,"column":31}},{"start":{},"end":{}}],"line":360},"65":{"loc":{"start":{"line":364,"column":6},"end":{"line":364,"column":88}},"type":"if","locations":[{"start":{"line":364,"column":6},"end":{"line":364,"column":88}},{"start":{},"end":{}}],"line":364}},"s":{"0":2,"1":2,"2":2,"3":4,"4":2,"5":4,"6":2,"7":4,"8":2,"9":0,"10":2,"11":2,"12":2,"13":0,"14":2,"15":0,"16":2,"17":2,"18":1,"19":1,"20":0,"21":1,"22":0,"23":1,"24":2,"25":2,"26":2,"27":0,"28":2,"29":0,"30":2,"31":2,"32":7,"33":7,"34":0,"35":0,"36":7,"37":2,"38":6,"39":6,"40":0,"41":6,"42":6,"43":0,"44":6,"45":6,"46":6,"47":2,"48":2,"49":2,"50":0,"51":2,"52":2,"53":4,"54":4,"55":0,"56":4,"57":0,"58":4,"59":4,"60":2,"61":1,"62":1,"63":1,"64":1,"65":1,"66":1,"67":0,"68":1,"69":1,"70":0,"71":1,"72":0,"73":1,"74":1,"75":0,"76":1,"77":0,"78":1,"79":1,"80":0,"81":1,"82":1,"83":0,"84":0,"85":0,"86":0,"87":0,"88":0,"89":1,"90":0,"91":1,"92":2,"93":1,"94":1,"95":1,"96":0,"97":1,"98":1,"99":0,"100":1,"101":0,"102":1,"103":0,"104":1,"105":1,"106":0,"107":1,"108":1,"109":0,"110":1,"111":0,"112":0,"113":0,"114":0,"115":1,"116":1,"117":0,"118":1,"119":2,"120":1,"121":1,"122":0,"123":1,"124":2,"125":1,"126":1,"127":1,"128":0,"129":1,"130":1,"131":1,"132":0,"133":1,"134":2,"135":0,"136":0,"137":0,"138":0,"139":0,"140":0,"141":0,"142":0,"143":0,"144":2,"145":1,"146":1,"147":0,"148":1,"149":1,"150":2,"151":2,"152":2,"153":2,"154":2,"155":1,"156":2,"157":2,"158":2,"159":2,"160":0,"161":2,"162":2,"163":2,"164":0,"165":2,"166":2,"167":1,"168":1,"169":1,"170":1,"171":0,"172":1,"173":0,"174":1,"175":1,"176":1,"177":0,"178":1,"179":2,"180":1,"181":1,"182":1,"183":1,"184":1,"185":0,"186":1,"187":1,"188":1,"189":0,"190":1,"191":0,"192":1,"193":1,"194":1,"195":0,"196":1,"197":1,"198":1,"199":0,"200":1,"201":1,"202":1,"203":0,"204":1,"205":2,"206":1,"207":1,"208":1,"209":0,"210":1,"211":1,"212":1,"213":2,"214":1,"215":2,"216":1,"217":1,"218":1,"219":0,"220":1,"221":1,"222":1,"223":0,"224":1},"f":{"0":4,"1":4,"2":4,"3":0,"4":2,"5":2,"6":1,"7":1,"8":2,"9":2,"10":7,"11":6,"12":6,"13":6,"14":2,"15":2,"16":4,"17":4,"18":1,"19":1,"20":1,"21":1,"22":1,"23":0,"24":1,"25":1,"26":1,"27":1,"28":0,"29":1,"30":1,"31":1,"32":1,"33":1,"34":1,"35":0,"36":0,"37":0,"38":1,"39":1,"40":2,"41":2,"42":2,"43":2,"44":1,"45":1,"46":1,"47":1,"48":1,"49":1,"50":1,"51":1,"52":1,"53":1,"54":1,"55":1,"56":1,"57":1,"58":1,"59":1,"60":1},"b":{"0":[4,4],"1":[4,0],"2":[0,2],"3":[0,2],"4":[0,1],"5":[0,1],"6":[1,1],"7":[0,2],"8":[0,2],"9":[0,7],"10":[0,6],"11":[0,6],"12":[0,2],"13":[2,0],"14":[0,4],"15":[0,4],"16":[0,1],"17":[0,1],"18":[0,1],"19":[0,1],"20":[0,1],"21":[0,1],"22":[0,1],"23":[0,1],"24":[0,0],"25":[0,0],"26":[0,1],"27":[0,1],"28":[0,1],"29":[0,1],"30":[0,1],"31":[0,1],"32":[0,1],"33":[0,1],"34":[0,0],"35":[1,0],"36":[0,1],"37":[0,1],"38":[0,1],"39":[0,1],"40":[0,0],"41":[0,0],"42":[0,1],"43":[1,0],"44":[0,2],"45":[2,0],"46":[2,0],"47":[0,0],"48":[0,0],"49":[0,2],"50":[0,2],"51":[1,0],"52":[0,1],"53":[0,1],"54":[0,1],"55":[0,1],"56":[1,1],"57":[0,1],"58":[0,1],"59":[1,0],"60":[0,1],"61":[0,1],"62":[0,1],"63":[0,1],"64":[0,1],"65":[0,1]},"_coverageSchema":"1a1c01bbd47fc00a2c39e90264f33305004495a9","hash":"0a73970aa24aa328bedfaf643197afef09a2855b"}
,"/Users/hafsajabeen/Documents/software_engineering/Mindhaven/server/controllers/journalController.js": {"path":"/Users/hafsajabeen/Documents/software_engineering/Mindhaven/server/controllers/journalController.js","statementMap":{"0":{"start":{"line":1,"column":16},"end":{"line":1,"column":44}},"1":{"start":{"line":3,"column":25},"end":{"line":12,"column":1}},"2":{"start":{"line":4,"column":2},"end":{"line":11,"column":5}},"3":{"start":{"line":5,"column":4},"end":{"line":5,"column":72}},"4":{"start":{"line":5,"column":13},"end":{"line":5,"column":72}},"5":{"start":{"line":6,"column":4},"end":{"line":6,"column":89}},"6":{"start":{"line":6,"column":27},"end":{"line":6,"column":89}},"7":{"start":{"line":7,"column":4},"end":{"line":9,"column":5}},"8":{"start":{"line":8,"column":6},"end":{"line":8,"column":81}},"9":{"start":{"line":10,"column":4},"end":{"line":10,"column":22}},"10":{"start":{"line":14,"column":0},"end":{"line":34,"column":2}},"11":{"start":{"line":15,"column":17},"end":{"line":15,"column":28}},"12":{"start":{"line":16,"column":36},"end":{"line":16,"column":44}},"13":{"start":{"line":18,"column":2},"end":{"line":20,"column":3}},"14":{"start":{"line":19,"column":4},"end":{"line":19,"column":80}},"15":{"start":{"line":23,"column":2},"end":{"line":33,"column":5}},"16":{"start":{"line":24,"column":4},"end":{"line":27,"column":5}},"17":{"start":{"line":25,"column":6},"end":{"line":25,"column":54}},"18":{"start":{"line":26,"column":6},"end":{"line":26,"column":65}},"19":{"start":{"line":29,"column":4},"end":{"line":32,"column":7}},"20":{"start":{"line":37,"column":0},"end":{"line":52,"column":2}},"21":{"start":{"line":39,"column":17},"end":{"line":39,"column":28}},"22":{"start":{"line":40,"column":20},"end":{"line":40,"column":33}},"23":{"start":{"line":41,"column":35},"end":{"line":41,"column":43}},"24":{"start":{"line":43,"column":2},"end":{"line":51,"column":5}},"25":{"start":{"line":44,"column":4},"end":{"line":50,"column":7}},"26":{"start":{"line":45,"column":6},"end":{"line":48,"column":7}},"27":{"start":{"line":46,"column":8},"end":{"line":46,"column":56}},"28":{"start":{"line":47,"column":8},"end":{"line":47,"column":75}},"29":{"start":{"line":49,"column":6},"end":{"line":49,"column":74}},"30":{"start":{"line":55,"column":0},"end":{"line":68,"column":2}},"31":{"start":{"line":56,"column":17},"end":{"line":56,"column":28}},"32":{"start":{"line":57,"column":20},"end":{"line":57,"column":33}},"33":{"start":{"line":59,"column":2},"end":{"line":67,"column":5}},"34":{"start":{"line":60,"column":4},"end":{"line":66,"column":7}},"35":{"start":{"line":61,"column":6},"end":{"line":64,"column":7}},"36":{"start":{"line":62,"column":8},"end":{"line":62,"column":56}},"37":{"start":{"line":63,"column":8},"end":{"line":63,"column":75}},"38":{"start":{"line":65,"column":6},"end":{"line":65,"column":77}},"39":{"start":{"line":71,"column":0},"end":{"line":84,"column":2}},"40":{"start":{"line":72,"column":17},"end":{"line":72,"column":28}},"41":{"start":{"line":73,"column":2},"end":{"line":83,"column":5}},"42":{"start":{"line":74,"column":4},"end":{"line":77,"column":5}},"43":{"start":{"line":75,"column":6},"end":{"line":75,"column":53}},"44":{"start":{"line":76,"column":6},"end":{"line":76,"column":65}},"45":{"start":{"line":78,"column":21},"end":{"line":81,"column":7}},"46":{"start":{"line":78,"column":44},"end":{"line":81,"column":5}},"47":{"start":{"line":80,"column":80},"end":{"line":80,"column":88}},"48":{"start":{"line":82,"column":4},"end":{"line":82,"column":39}},"49":{"start":{"line":86,"column":2},"end":{"line":95,"column":4}},"50":{"start":{"line":87,"column":19},"end":{"line":87,"column":30}},"51":{"start":{"line":88,"column":22},"end":{"line":88,"column":35}},"52":{"start":{"line":89,"column":4},"end":{"line":94,"column":7}},"53":{"start":{"line":90,"column":6},"end":{"line":90,"column":74}},"54":{"start":{"line":90,"column":15},"end":{"line":90,"column":74}},"55":{"start":{"line":91,"column":6},"end":{"line":91,"column":82}},"56":{"start":{"line":91,"column":20},"end":{"line":91,"column":82}},"57":{"start":{"line":92,"column":6},"end":{"line":92,"column":113}},"58":{"start":{"line":92,"column":38},"end":{"line":92,"column":113}},"59":{"start":{"line":93,"column":6},"end":{"line":93,"column":40}}},"fnMap":{"0":{"name":"(anonymous_0)","decl":{"start":{"line":3,"column":25},"end":{"line":3,"column":26}},"loc":{"start":{"line":3,"column":63},"end":{"line":12,"column":1}},"line":3},"1":{"name":"(anonymous_1)","decl":{"start":{"line":4,"column":36},"end":{"line":4,"column":37}},"loc":{"start":{"line":4,"column":51},"end":{"line":11,"column":3}},"line":4},"2":{"name":"(anonymous_2)","decl":{"start":{"line":14,"column":24},"end":{"line":14,"column":25}},"loc":{"start":{"line":14,"column":38},"end":{"line":34,"column":1}},"line":14},"3":{"name":"(anonymous_3)","decl":{"start":{"line":23,"column":55},"end":{"line":23,"column":56}},"loc":{"start":{"line":23,"column":72},"end":{"line":33,"column":3}},"line":23},"4":{"name":"(anonymous_4)","decl":{"start":{"line":37,"column":24},"end":{"line":37,"column":25}},"loc":{"start":{"line":37,"column":38},"end":{"line":52,"column":1}},"line":37},"5":{"name":"(anonymous_5)","decl":{"start":{"line":43,"column":43},"end":{"line":43,"column":44}},"loc":{"start":{"line":43,"column":49},"end":{"line":51,"column":3}},"line":43},"6":{"name":"(anonymous_6)","decl":{"start":{"line":44,"column":59},"end":{"line":44,"column":60}},"loc":{"start":{"line":44,"column":76},"end":{"line":50,"column":5}},"line":44},"7":{"name":"(anonymous_7)","decl":{"start":{"line":55,"column":24},"end":{"line":55,"column":25}},"loc":{"start":{"line":55,"column":38},"end":{"line":68,"column":1}},"line":55},"8":{"name":"(anonymous_8)","decl":{"start":{"line":59,"column":43},"end":{"line":59,"column":44}},"loc":{"start":{"line":59,"column":49},"end":{"line":67,"column":3}},"line":59},"9":{"name":"(anonymous_9)","decl":{"start":{"line":60,"column":37},"end":{"line":60,"column":38}},"loc":{"start":{"line":60,"column":46},"end":{"line":66,"column":5}},"line":60},"10":{"name":"(anonymous_10)","decl":{"start":{"line":71,"column":30},"end":{"line":71,"column":31}},"loc":{"start":{"line":71,"column":44},"end":{"line":84,"column":1}},"line":71},"11":{"name":"(anonymous_11)","decl":{"start":{"line":73,"column":38},"end":{"line":73,"column":39}},"loc":{"start":{"line":73,"column":55},"end":{"line":83,"column":3}},"line":73},"12":{"name":"(anonymous_12)","decl":{"start":{"line":78,"column":32},"end":{"line":78,"column":33}},"loc":{"start":{"line":78,"column":44},"end":{"line":81,"column":5}},"line":78},"13":{"name":"(anonymous_13)","decl":{"start":{"line":80,"column":75},"end":{"line":80,"column":76}},"loc":{"start":{"line":80,"column":80},"end":{"line":80,"column":88}},"line":80},"14":{"name":"(anonymous_14)","decl":{"start":{"line":86,"column":27},"end":{"line":86,"column":28}},"loc":{"start":{"line":86,"column":41},"end":{"line":95,"column":3}},"line":86},"15":{"name":"(anonymous_15)","decl":{"start":{"line":89,"column":38},"end":{"line":89,"column":39}},"loc":{"start":{"line":89,"column":56},"end":{"line":94,"column":5}},"line":89}},"branchMap":{"0":{"loc":{"start":{"line":5,"column":4},"end":{"line":5,"column":72}},"type":"if","locations":[{"start":{"line":5,"column":4},"end":{"line":5,"column":72}},{"start":{},"end":{}}],"line":5},"1":{"loc":{"start":{"line":6,"column":4},"end":{"line":6,"column":89}},"type":"if","locations":[{"start":{"line":6,"column":4},"end":{"line":6,"column":89}},{"start":{},"end":{}}],"line":6},"2":{"loc":{"start":{"line":7,"column":4},"end":{"line":9,"column":5}},"type":"if","locations":[{"start":{"line":7,"column":4},"end":{"line":9,"column":5}},{"start":{},"end":{}}],"line":7},"3":{"loc":{"start":{"line":18,"column":2},"end":{"line":20,"column":3}},"type":"if","locations":[{"start":{"line":18,"column":2},"end":{"line":20,"column":3}},{"start":{},"end":{}}],"line":18},"4":{"loc":{"start":{"line":18,"column":6},"end":{"line":18,"column":24}},"type":"binary-expr","locations":[{"start":{"line":18,"column":6},"end":{"line":18,"column":12}},{"start":{"line":18,"column":16},"end":{"line":18,"column":24}}],"line":18},"5":{"loc":{"start":{"line":24,"column":4},"end":{"line":27,"column":5}},"type":"if","locations":[{"start":{"line":24,"column":4},"end":{"line":27,"column":5}},{"start":{},"end":{}}],"line":24},"6":{"loc":{"start":{"line":45,"column":6},"end":{"line":48,"column":7}},"type":"if","locations":[{"start":{"line":45,"column":6},"end":{"line":48,"column":7}},{"start":{},"end":{}}],"line":45},"7":{"loc":{"start":{"line":61,"column":6},"end":{"line":64,"column":7}},"type":"if","locations":[{"start":{"line":61,"column":6},"end":{"line":64,"column":7}},{"start":{},"end":{}}],"line":61},"8":{"loc":{"start":{"line":74,"column":4},"end":{"line":77,"column":5}},"type":"if","locations":[{"start":{"line":74,"column":4},"end":{"line":77,"column":5}},{"start":{},"end":{}}],"line":74},"9":{"loc":{"start":{"line":80,"column":12},"end":{"line":80,"column":155}},"type":"cond-expr","locations":[{"start":{"line":80,"column":47},"end":{"line":80,"column":105}},{"start":{"line":80,"column":108},"end":{"line":80,"column":155}}],"line":80},"10":{"loc":{"start":{"line":80,"column":108},"end":{"line":80,"column":155}},"type":"cond-expr","locations":[{"start":{"line":80,"column":138},"end":{"line":80,"column":150}},{"start":{"line":80,"column":153},"end":{"line":80,"column":155}}],"line":80},"11":{"loc":{"start":{"line":90,"column":6},"end":{"line":90,"column":74}},"type":"if","locations":[{"start":{"line":90,"column":6},"end":{"line":90,"column":74}},{"start":{},"end":{}}],"line":90},"12":{"loc":{"start":{"line":91,"column":6},"end":{"line":91,"column":82}},"type":"if","locations":[{"start":{"line":91,"column":6},"end":{"line":91,"column":82}},{"start":{},"end":{}}],"line":91},"13":{"loc":{"start":{"line":92,"column":6},"end":{"line":92,"column":113}},"type":"if","locations":[{"start":{"line":92,"column":6},"end":{"line":92,"column":113}},{"start":{},"end":{}}],"line":92}},"s":{"0":1,"1":1,"2":0,"3":0,"4":0,"5":0,"6":0,"7":0,"8":0,"9":0,"10":1,"11":0,"12":0,"13":0,"14":0,"15":0,"16":0,"17":0,"18":0,"19":0,"20":1,"21":0,"22":0,"23":0,"24":0,"25":0,"26":0,"27":0,"28":0,"29":0,"30":1,"31":0,"32":0,"33":0,"34":0,"35":0,"36":0,"37":0,"38":0,"39":1,"40":0,"41":0,"42":0,"43":0,"44":0,"45":0,"46":0,"47":0,"48":0,"49":1,"50":0,"51":0,"52":0,"53":0,"54":0,"55":0,"56":0,"57":0,"58":0,"59":0},"f":{"0":0,"1":0,"2":0,"3":0,"4":0,"5":0,"6":0,"7":0,"8":0,"9":0,"10":0,"11":0,"12":0,"13":0,"14":0,"15":0},"b":{"0":[0,0],"1":[0,0],"2":[0,0],"3":[0,0],"4":[0,0],"5":[0,0],"6":[0,0],"7":[0,0],"8":[0,0],"9":[0,0],"10":[0,0],"11":[0,0],"12":[0,0],"13":[0,0]},"_coverageSchema":"1a1c01bbd47fc00a2c39e90264f33305004495a9","hash":"a12d5b6429ca5d86e5fb361527cf33edf97cb6ba"}
,"/Users/hafsajabeen/Documents/software_engineering/Mindhaven/server/controllers/tagController.js": {"path":"/Users/hafsajabeen/Documents/software_engineering/Mindhaven/server/controllers/tagController.js","statementMap":{"0":{"start":{"line":1,"column":11},"end":{"line":1,"column":40}},"1":{"start":{"line":2,"column":69},"end":{"line":2,"column":93}},"2":{"start":{"line":4,"column":0},"end":{"line":27,"column":2}},"3":{"start":{"line":5,"column":17},"end":{"line":5,"column":28}},"4":{"start":{"line":7,"column":23},"end":{"line":7,"column":69}},"5":{"start":{"line":9,"column":14},"end":{"line":12,"column":3}},"6":{"start":{"line":14,"column":2},"end":{"line":26,"column":5}},"7":{"start":{"line":15,"column":4},"end":{"line":18,"column":5}},"8":{"start":{"line":16,"column":6},"end":{"line":16,"column":50}},"9":{"start":{"line":17,"column":6},"end":{"line":17,"column":78}},"10":{"start":{"line":20,"column":18},"end":{"line":20,"column":36}},"11":{"start":{"line":22,"column":4},"end":{"line":25,"column":7}},"12":{"start":{"line":29,"column":0},"end":{"line":37,"column":2}},"13":{"start":{"line":30,"column":15},"end":{"line":30,"column":29}},"14":{"start":{"line":31,"column":13},"end":{"line":31,"column":15}},"15":{"start":{"line":32,"column":2},"end":{"line":35,"column":69}},"16":{"start":{"line":32,"column":27},"end":{"line":32,"column":48}},"17":{"start":{"line":33,"column":7},"end":{"line":35,"column":69}},"18":{"start":{"line":33,"column":32},"end":{"line":33,"column":53}},"19":{"start":{"line":34,"column":7},"end":{"line":35,"column":69}},"20":{"start":{"line":34,"column":31},"end":{"line":34,"column":51}},"21":{"start":{"line":35,"column":7},"end":{"line":35,"column":69}},"22":{"start":{"line":36,"column":2},"end":{"line":36,"column":33}}},"fnMap":{"0":{"name":"(anonymous_0)","decl":{"start":{"line":4,"column":23},"end":{"line":4,"column":24}},"loc":{"start":{"line":4,"column":37},"end":{"line":27,"column":1}},"line":4},"1":{"name":"(anonymous_1)","decl":{"start":{"line":14,"column":40},"end":{"line":14,"column":41}},"loc":{"
[...]
"column":15}},"25":{"start":{"line":37,"column":14},"end":{"line":37,"column":56}},"26":{"start":{"line":37,"column":29},"end":{"line":37,"column":56}},"27":{"start":{"line":39,"column":14},"end":{"line":39,"column":98}},"28":{"start":{"line":48,"column":0},"end":{"line":48,"column":37}}},"fnMap":{"0":{"name":"(anonymous_0)","decl":{"start":{"line":4,"column":2},"end":{"line":4,"column":3}},"loc":{"start":{"line":4,"column":26},"end":{"line":45,"column":3}},"line":4},"1":{"name":"(anonymous_1)","decl":{"start":{"line":11,"column":57},"end":{"line":11,"column":58}},"loc":{"start":{"line":11,"column":80},"end":{"line":44,"column":5}},"line":11},"2":{"name":"(anonymous_2)","decl":{"start":{"line":19,"column":70},"end":{"line":19,"column":71}},"loc":{"start":{"line":19,"column":103},"end":{"line":43,"column":7}},"line":19},"3":{"name":"(anonymous_3)","decl":{"start":{"line":27,"column":65},"end":{"line":27,"column":66}},"loc":{"start":{"line":27,"column":94},"end":{"line":42,"column":9}},"line":27},"4":{"name":"(anonymous_4)","decl":{"start":{"line":33,"column":68},"end":{"line":33,"column":69}},"loc":{"start":{"line":33,"column":86},"end":{"line":41,"column":11}},"line":33},"5":{"name":"(anonymous_5)","decl":{"start":{"line":36,"column":70},"end":{"line":36,"column":71}},"loc":{"start":{"line":36,"column":85},"end":{"line":40,"column":13}},"line":36}},"branchMap":{"0":{"loc":{"start":{"line":5,"column":4},"end":{"line":7,"column":5}},"type":"if","locations":[{"start":{"line":5,"column":4},"end":{"line":7,"column":5}},{"start":{},"end":{}}],"line":5},"1":{"loc":{"start":{"line":12,"column":6},"end":{"line":12,"column":44}},"type":"if","locations":[{"start":{"line":12,"column":6},"end":{"line":12,"column":44}},{"start":{},"end":{}}],"line":12},"2":{"loc":{"start":{"line":14,"column":25},"end":{"line":14,"column":68}},"type":"cond-expr","locations":[{"start":{"line":14,"column":39},"end":{"line":14,"column":64}},{"start":{"line":14,"column":67},"end":{"line":14,"column":68}}],"line":14},"3":{"loc":{"start":{"line":15,"column":6},"end":{"line":17,"column":7}},"type":"if","locations":[{"start":{"line":15,"column":6},"end":{"line":17,"column":7}},{"start":{},"end":{}}],"line":15},"4":{"loc":{"start":{"line":20,"column":8},"end":{"line":20,"column":56}},"type":"if","locations":[{"start":{"line":20,"column":8},"end":{"line":20,"column":56}},{"start":{},"end":{}}],"line":20},"5":{"loc":{"start":{"line":22,"column":32},"end":{"line":22,"column":85}},"type":"cond-expr","locations":[{"start":{"line":22,"column":51},"end":{"line":22,"column":81}},{"start":{"line":22,"column":84},"end":{"line":22,"column":85}}],"line":22},"6":{"loc":{"start":{"line":23,"column":8},"end":{"line":25,"column":9}},"type":"if","locations":[{"start":{"line":23,"column":8},"end":{"line":25,"column":9}},{"start":{},"end":{}}],"line":23},"7":{"loc":{"start":{"line":28,"column":10},"end":{"line":28,"column":54}},"type":"if","locations":[{"start":{"line":28,"column":10},"end":{"line":28,"column":54}},{"start":{},"end":{}}],"line":28},"8":{"loc":{"start":{"line":29,"column":10},"end":{"line":31,"column":11}},"type":"if","locations":[{"start":{"line":29,"column":10},"end":{"line":31,"column":11}},{"start":{},"end":{}}],"line":29},"9":{"loc":{"start":{"line":34,"column":12},"end":{"line":34,"column":60}},"type":"if","locations":[{"start":{"line":34,"column":12},"end":{"line":34,"column":60}},{"start":{},"end":{}}],"line":34},"10":{"loc":{"start":{"line":37,"column":14},"end":{"line":37,"column":56}},"type":"if","locations":[{"start":{"line":37,"column":14},"end":{"line":37,"column":56}},{"start":{},"end":{}}],"line":37}},"s":{"0":2,"1":2,"2":1,"3":1,"4":1,"5":1,"6":0,"7":1,"8":1,"9":0,"10":1,"11":1,"12":0,"13":1,"14":1,"15":0,"16":1,"17":1,"18":0,"19":1,"20":0,"21":1,"22":1,"23":0,"24":1,"25":1,"26":0,"27":1,"28":2},"f":{"0":2,"1":1,"2":1,"3":1,"4":1,"5":1},"b":{"0":[1,1],"1":[0,1],"2":[1,0],"3":[0,1],"4":[0,1],"5":[1,0],"6":[0,1],"7":[0,1],"8":[0,1],"9":[0,1],"10":[0,1]},"_coverageSchema":"1a1c01bbd47fc00a2c39e90264f33305004495a9","hash":"b1e9c2fecde92de44508b9061c482a3171e5b57b"}
,"/Users/hafsajabeen/Documents/software_engineering/Mindhaven/server/observers/buddyChecklistNotifier.js": {"path":"/Users/hafsajabeen/Documents/software_engineering/Mindhaven/server/observers/buddyChecklistNotifier.js","statementMap":{"0":{"start":{"line":1,"column":30},"end":{"line":1,"column":64}},"1":{"start":{"line":2,"column":28},"end":{"line":2,"column":60}},"2":{"start":{"line":4,"column":25},"end":{"line":4,"column":52}},"3":{"start":{"line":5,"column":0},"end":{"line":5,"column":54}},"4":{"start":{"line":7,"column":0},"end":{"line":7,"column":90}},"5":{"start":{"line":7,"column":49},"end":{"line":7,"column":89}}},"fnMap":{"0":{"name":"(anonymous_0)","decl":{"start":{"line":7,"column":28},"end":{"line":7,"column":29}},"loc":{"start":{"line":7,"column":49},"end":{"line":7,"column":89}},"line":7}},"branchMap":{},"s":{"0":1,"1":1,"2":1,"3":1,"4":1,"5":0},"f":{"0":0},"b":{},"_coverageSchema":"1a1c01bbd47fc00a2c39e90264f33305004495a9","hash":"890add6e9c255375e595160ecdebca2c5ae8f5ed"}
,"/Users/hafsajabeen/Documents/software_engineering/Mindhaven/server/routes/aiRoutes.js": {"path":"/Users/hafsajabeen/Documents/software_engineering/Mindhaven/server/routes/aiRoutes.js","statementMap":{"0":{"start":{"line":1,"column":16},"end":{"line":1,"column":34}},"1":{"start":{"line":2,"column":15},"end":{"line":2,"column":31}},"2":{"start":{"line":3,"column":24},"end":{"line":3,"column":63}},"3":{"start":{"line":4,"column":21},"end":{"line":4,"column":59}},"4":{"start":{"line":6,"column":0},"end":{"line":6,"column":74}},"5":{"start":{"line":8,"column":0},"end":{"line":8,"column":24}}},"fnMap":{},"branchMap":{},"s":{"0":1,"1":1,"2":1,"3":1,"4":1,"5":1},"f":{},"b":{},"_coverageSchema":"1a1c01bbd47fc00a2c39e90264f33305004495a9","hash":"72f62532bf96d153571382746238f7cbd3bcd454"}
,"/Users/hafsajabeen/Documents/software_engineering/Mindhaven/server/routes/authRoutes.js": {"path":"/Users/hafsajabeen/Documents/software_engineering/Mindhaven/server/routes/authRoutes.js","statementMap":{"0":{"start":{"line":1,"column":12},"end":{"line":1,"column":30}},"1":{"start":{"line":2,"column":15},"end":{"line":2,"column":27}},"2":{"start":{"line":3,"column":23},"end":{"line":3,"column":63}},"3":{"start":{"line":4,"column":15},"end":{"line":4,"column":56}},"4":{"start":{"line":6,"column":0},"end":{"line":6,"column":54}},"5":{"start":{"line":7,"column":0},"end":{"line":7,"column":48}},"6":{"start":{"line":9,"column":24},"end":{"line":9,"column":63}},"7":{"start":{"line":11,"column":0},"end":{"line":11,"column":67}},"8":{"start":{"line":12,"column":0},"end":{"line":12,"column":61}},"9":{"start":{"line":13,"column":0},"end":{"line":13,"column":107}},"10":{"start":{"line":14,"column":0},"end":{"line":16,"column":3}},"11":{"start":{"line":15,"column":2},"end":{"line":15,"column":81}},"12":{"start":{"line":18,"column":0},"end":{"line":18,"column":24}}},"fnMap":{"0":{"name":"(anonymous_0)","decl":{"start":{"line":14,"column":36},"end":{"line":14,"column":37}},"loc":{"start":{"line":14,"column":50},"end":{"line":16,"column":1}},"line":14}},"branchMap":{},"s":{"0":1,"1":1,"2":1,"3":1,"4":1,"5":1,"6":1,"7":1,"8":1,"9":1,"10":1,"11":0,"12":1},"f":{"0":0},"b":{},"_coverageSchema":"1a1c01bbd47fc00a2c39e90264f33305004495a9","hash":"28ee9f33540366c25e2f9387a38bc3d4d7b8f004"}
,"/Users/hafsajabeen/Documents/software_engineering/Mindhaven/server/routes/buddyRoutes.js": {"path":"/Users/hafsajabeen/Documents/software_engineering/Mindhaven/server/routes/buddyRoutes.js","statementMap":{"0":{"start":{"line":1,"column":16},"end":{"line":1,"column":34}},"1":{"start":{"line":2,"column":15},"end":{"line":2,"column":31}},"2":{"start":{"line":3,"column":24},"end":{"line":3,"column":63}},"3":{"start":{"line":4,"column":24},"end":{"line":4,"column":65}},"4":{"start":{"line":6,"column":0},"end":{"line":6,"column":60}},"5":{"start":{"line":7,"column":0},"end":{"line":7,"column":58}},"6":{"start":{"line":8,"column":0},"end":{"line":8,"column":73}},"7":{"start":{"line":10,"column":0},"end":{"line":10,"column":69}},"8":{"start":{"line":11,"column":0},"end":{"line":11,"column":69}},"9":{"start":{"line":12,"column":0},"end":{"line":12,"column":81}},"10":{"start":{"line":14,"column":0},"end":{"line":14,"column":65}},"11":{"start":{"line":16,"column":0},"end":{"line":16,"column":75}},"12":{"start":{"line":17,"column":0},"end":{"line":17,"column":78}},"13":{"start":{"line":18,"column":0},"end":{"line":18,"column":78}},"14":{"start":{"line":20,"column":0},"end":{"line":20,"column":65}},"15":{"start":{"line":21,"column":0},"end":{"line":21,"column":64}},"16":{"start":{"line":23,"column":0},"end":{"line":23,"column":24}}},"fnMap":{},"branchMap":{},"s":{"0":1,"1":1,"2":1,"3":1,"4":1,"5":1,"6":1,"7":1,"8":1,"9":1,"10":1,"11":1,"12":1,"13":1,"14":1,"15":1,"16":1},"f":{},"b":{},"_coverageSchema":"1a1c01bbd47fc00a2c39e90264f33305004495a9","hash":"c000a7e600d2984cd5af8f1e1c61d52f0b93a66f"}
,"/Users/hafsajabeen/Documents/software_engineering/Mindhaven/server/routes/journalRoutes.js": {"path":"/Users/hafsajabeen/Documents/software_engineering/Mindhaven/server/routes/journalRoutes.js","statementMap":{"0":{"start":{"line":2,"column":16},"end":{"line":2,"column":34}},"1":{"start":{"line":3,"column":15},"end":{"line":3,"column":31}},"2":{"start":{"line":4,"column":24},"end":{"line":4,"column":63}},"3":{"start":{"line":5,"column":93},"end":{"line":5,"column":136}},"4":{"start":{"line":8,"column":0},"end":{"line":8,"column":51}},"5":{"start":{"line":9,"column":0},"end":{"line":9,"column":54}},"6":{"start":{"line":10,"column":0},"end":{"line":10,"column":57}},"7":{"start":{"line":11,"column":0},"end":{"line":11,"column":54}},"8":{"start":{"line":13,"column":0},"end":{"line":13,"column":48}},"9":{"start":{"line":15,"column":0},"end":{"line":15,"column":24}}},"fnMap":{},"branchMap":{},"s":{"0":1,"1":1,"2":1,"3":1,"4":1,"5":1,"6":1,"7":1,"8":1,"9":1},"f":{},"b":{},"_coverageSchema":"1a1c01bbd47fc00a2c39e90264f33305004495a9","hash":"53c8e02081777b859e01f76c4f987c51ca178699"}
,"/Users/hafsajabeen/Documents/software_engineering/Mindhaven/server/routes/tagRoutes.js": {"path":"/Users/hafsajabeen/Documents/software_engineering/Mindhaven/server/routes/tagRoutes.js","statementMap":{"0":{"start":{"line":1,"column":16},"end":{"line":1,"column":34}},"1":{"start":{"line":2,"column":15},"end":{"line":2,"column":31}},"2":{"start":{"line":3,"column":24},"end":{"line":3,"column":63}},"3":{"start":{"line":4,"column":22},"end":{"line":4,"column":61}},"4":{"start":{"line":7,"column":0},"end":{"line":7,"column":62}},"5":{"start":{"line":8,"column":0},"end":{"line":8,"column":45}},"6":{"start":{"line":10,"column":0},"end":{"line":10,"column":24}}},"fnMap":{},"branchMap":{},"s":{"0":1,"1":1,"2":1,"3":1,"4":1,"5":1,"6":1},"f":{},"b":{},"_coverageSchema":"1a1c01bbd47fc00a2c39e90264f33305004495a9","hash":"f47a0c8c83fdfddd3f65f55fa643678b7b86882a"}
,"/Users/hafsajabeen/Documents/software_engineering/Mindhaven/server/routes/testRoutes.js": {"path":"/Users/hafsajabeen/Documents/software_engineering/Mindhaven/server/routes/testRoutes.js","statementMap":{"0":{"start":{"line":1,"column":16},"end":{"line":1,"column":34}},"1":{"start":{"line":2,"column":15},"end":{"line":2,"column":31}},"2":{"start":{"line":3,"column":23},"end":{"line":3,"column":63}},"3":{"start":{"line":5,"column":0},"end":{"line":5,"column":47}},"4":{"start":{"line":7,"column":0},"end":{"line":7,"column":24}}},"fnMap":{},"branchMap":{},"s":{"0":1,"1":1,"2":1,"3":1,"4":1},"f":{},"b":{},"_coverageSchema":"1a1c01bbd47fc00a2c39e90264f33305004495a9","hash":"56480d6bb338c21c852350c77085a96a34e78c3a"}
,"/Users/hafsajabeen/Documents/software_engineering/Mindhaven/server/routes/userRoutes.js": {"path":"/Users/hafsajabeen/Documents/software_engineering/Mindhaven/server/routes/userRoutes.js","statementMap":{"0":{"start":{"line":1,"column":16},"end":{"line":1,"column":34}},"1":{"start":{"line":2,"column":15},"end":{"line":2,"column":31}},"2":{"start":{"line":3,"column":24},"end":{"line":3,"column":63}},"3":{"start":{"line":4,"column":23},"end":{"line":4,"column":63}},"4":{"start":{"line":5,"column":15},"end":{"line":5,"column":56}},"5":{"start":{"line":8,"column":0},"end":{"line":8,"column":63}},"6":{"start":{"line":9,"column":0},"end":{"line":9,"column":66}},"7":{"start":{"line":10,"column":0},"end":{"line":10,"column":77}},"8":{"start":{"line":11,"column":0},"end":{"line":11,"column":68}},"9":{"start":{"line":15,"column":0},"end":{"line":20,"column":2}},"10":{"start":{"line":22,"column":0},"end":{"line":22,"column":24}}},"fnMap":{},"branchMap":{},"s":{"0":1,"1":1,"2":1,"3":1,"4":1,"5":1,"6":1,"7":1,"8":1,"9":1,"10":1},"f":{},"b":{},"_coverageSchema":"1a1c01bbd47fc00a2c39e90264f33305004495a9","hash":"5001cc1f7a10aae85dcad55e5d393217fd83d3f3"}
,"/Users/hafsajabeen/Documents/software_engineering/Mindhaven/server/services/localMentalHealthAiService.js": {"path":"/Users/hafsajabeen/Documents/software_engineering/Mindhaven/server/services/localMentalHealthAiService.js","statementMap":{"0":{"start":{"line":1,"column":21},"end":{"line":1,"column":45}},"1":{"start":{"line":2,"column":13},"end":{"line":2,"column":28}},"2":{"start":{"line":4,"column":19},"end":{"line":4,"column":59}},"3":{"start":{"line":5,"column":20},"end":{"line":5,"column":79}},"4":{"start":{"line":7,"column":0},"end":{"line":53,"column":5}},"5":{"start":{"line":8,"column":2},"end":{"line":53,"column":4}},"6":{"start":{"line":9,"column":4},"end":{"line":52,"column":6}},"7":{"start":{"line":18,"column":8},"end":{"line":26,"column":9}},"8":{"start":{"line":19,"column":31},"end":{"line":19,"column":67}},"9":{"start":{"line":20,"column":10},"end":{"line":20,"column":40}},"10":{"start":{"line":21,"column":10},"end":{"line":23,"column":12}},"11":{"start":{"line":24,"column":10},"end":{"line":24,"column":31}},"12":{"start":{"line":25,"column":10},"end":{"line":25,"column":17}},"13":{"start":{"line":28,"column":22},"end":{"line":28,"column":26}},"14":{"start":{"line":29,"column":8},"end":{"line":40,"column":9}},"15":{"start":{"line":30,"column":10},"end":{"line":30,"column":39}},"16":{"start":{"line":32,"column":31},"end":{"line":32,"column":74}},"17":{"start":{"line":33,"column":10},"end":{"line":33,"column":40}},"18":{"start":{"line":34,"column":10},"end":{"line":37,"column":12}},"19":{"start":{"line":38,"column":10},"end":{"line":38,"column":31}},"20":{"start":{"line":39,"column":10},"end":{"line":39,"column":17}},"21":{"start":{"line":42,"column":8},"end":{"line":48,"column":9}},"22":{"start":{"line":43,"column":31},"end":{"line":43,"column":122}},"23":{"start":{"line":44,"column":10},"end":{"line":44,"column":40}},"24":{"start":{"line":45,"column":10},"end":{"line":45,"column":90}},"25":{"start":{"line":46,"column":10},"end":{"line":46,"column":31}},"26":{"start":{"line":47,"column":10},"end":{"line":47,"column":17}},"27":{"start":{"line":50,"column":8},"end":{"line":50,"column":38}}},"fnMap":{"0":{"name":"(anonymous_0)","decl":{"start":{"line":7,"column":38},"end":{"line":7,"column":39}},"loc":{"start":{"line":8,"column":2},"end":{"line":53,"column":4}},"line":8},"1":{"name":"(anonymous_1)","decl":{"start":{"line":8,"column":14},"end":{"line":8,"column":15}},"loc":{"start":{"line":8,"column":35},"end":{"line":53,"column":3}},"line":8},"2":{"name":"(anonymous_2)","decl":{"start":{"line":17,"column":6},"end":{"line":17,"column":7}},"loc":{"start":{"line":17,"column":33},"end":{"line":51,"column":7}},"line":17}},"branchMap":{"0":{"loc":{"start":{"line":4,"column":19},"end":{"line":4,"column":59}},"type":"binary-expr","locations":[{"start":{"line":4,"column":19},"end":{"line":4,"column":46}},{"start":{"line":4,"column":50},"end":{"line":4,"column":59}}],"line":4},"1":{"loc":{"start":{"line":14,"column":24},"end":{"line":14,"column":65}},"type":"binary-expr","locations":[{"start":{"line":14,"column":24},"end":{"line":14,"column":55}},{"start":{"line":14,"column":59},"end":{"line":14,"column":65}}],"line":14},"2":{"loc":{"start":{"line":18,"column":8},"end":{"line":26,"column":9}},"type":"if","locations":[{"start":{"line":18,"column":8},"end":{"line":26,"column":9}},{"start":{},"end":{}}],"line":18},"3":{"loc":{"start":{"line":22,"column":21},"end":{"line":22,"column":33}},"type":"binary-expr","locations":[{"start":{"line":22,"column":21},"end":{"line":22,"column":27}},{"start":{"line":22,"column":31},"end":{"line":22,"column":33}}],"line":22},"4":{"loc":{"start":{"line":35,"column":28},"end":{"line":35,"column":40}},"type":"binary-expr","locations":[{"start":{"line":35,"column":28},"end":{"line":35,"column":34}},{"start":{"line":35,"column":38},"end":{"line":35,"column":40}}],"line":35},"5":{"loc":{"start":{"line":36,"column":21},"end":{"line":36,"column":33}},"type":"binary-expr","locations":[{"start":{"line":36,"column":21},"end":{"line":36,"column":27}},{"start":{"line":36,"column":31},"end":{"line":36,"column":33}}],"line":36},"6":{"loc":{"start":{"line":42,"column":8},"end":{"line":48,"column":9}},"type":"if","locations":[{"start":{"line":42,"column":8},"end":{"line":48,"column":9}},{"start":{},"end":{}}],"line":42},"7":{"loc":{"start":{"line":42,"column":12},"end":{"line":42,"column":82}},"type":"binary-expr","locations":[{"start":{"line":42,"column":12},"end":{"line":42,"column":20}},{"start":{"line":42,"column":24},"end":{"line":42,"column":57}},{"start":{"line":42,"column":61},"end":{"line":42,"column":82}}],"line":42},"8":{"loc":{"start":{"line":43,"column":41},"end":{"line":43,"column":121}},"type":"cond-expr","locations":[{"start":{"line":43,"column":68},"end":{"line":43,"column":81}},{"start":{"line":43,"column":84},"end":{"line":43,"column":121}}],"line":43},"9":{"loc":{"start":{"line":43,"column":41},"end":{"line":43,"column":65}},"type":"binary-expr","locations":[{"start":{"line":43,"column":41},"end":{"line":43,"column":48}},{"start":{"line":43,"column":52},"end":{"line":43,"column":65}}],"line":43},"10":{"loc":{"start":{"line":45,"column":33},"end":{"line":45,"column":89}},"type":"cond-expr","locations":[{"start":{"line":45,"column":62},"end":{"line":45,"column":77}},{"start":{"line":45,"column":80},"end":{"line":45,"column":89}}],"line":45},"11":{"loc":{"start":{"line":45,"column":33},"end":{"line":45,"column":59}},"type":"binary-expr","locations":[{"start":{"line":45,"column":33},"end":{"line":45,"column":40}},{"start":{"line":45,"column":44},"end":{"line":45,"column":59}}],"line":45}},"s":{"0":1,"1":1,"2":1,"3":1,"4":1,"5":0,"6":0,"7":0,"8":0,"9":0,"10":0,"11":0,"12":0,"13":0,"14":0,"15":0,"16":0,"17":0,"18":0,"19":0,"20":0,"21":0,"22":0,"23":0,"24":0,"25":0,"26":0,"27":0},"f":{"0":0,"1":0,"2":0},"b":{"0":[1,1],"1":[0,0],"2":[0,0],"3":[0,0],"4":[0,0],"5":[0,0],"6":[0,0],"7":[0,0,0],"8":[0,0],"9":[0,0],"10":[0,0],"11":[0,0]},"_coverageSchema":"1a1c01bbd47fc00a2c39e90264f33305004495a9","hash":"66202d30289d2adc6f444d1f3591575c769b32c6"}
,"/Users/hafsajabeen/Documents/software_engineering/Mindhaven/server/utils/emailService.js": {"path":"/Users/hafsajabeen/Documents/software_engineering/Mindhaven/server/utils/emailService.js","statementMap":{"0":{"start":{"line":2,"column":19},"end":{"line":2,"column":40}},"1":{"start":{"line":3,"column":0},"end":{"line":3,"column":27}},"2":{"start":{"line":5,"column":20},"end":{"line":11,"column":2}},"3":{"start":{"line":14,"column":20},"end":{"line":14,"column":72}},"4":{"start":{"line":16,"column":22},"end":{"line":31,"column":3}},"5":{"start":{"line":33,"column":2},"end":{"line":33,"column":43}},"6":{"start":{"line":36,"column":0},"end":{"line":36,"column":36}}},"fnMap":{"0":{"name":"sendResetEmail","decl":{"start":{"line":13,"column":9},"end":{"line":13,"column":23}},"loc":{"start":{"line":13,"column":45},"end":{"line":34,"column":1}},"line":13}},"branchMap":{},"s":{"0":1,"1":1,"2":1,"3":0,"4":0,"5":0,"6":1},"f":{"0":0},"b":{},"_coverageSchema":"1a1c01bbd47fc00a2c39e90264f33305004495a9","hash":"a54d38626800fc8aab03f3d572dd1a0fe6d36d50"}
}
