{"/Users/hafsajabeen/Documents/software_engineering/Mindhaven/server/index.js": {"path":"/Users/hafsajabeen/Documents/software_engineering/Mindhaven/server/index.js","statementMap":{"0":{"start":{"line":1,"column":16},"end":{"line":1,"column":34}},"1":{"start":{"line":2,"column":19},"end":{"line":2,"column":41}},"2":{"start":{"line":3,"column":19},"end":{"line":3,"column":49}},"3":{"start":{"line":4,"column":19},"end":{"line":4,"column":49}},"4":{"start":{"line":5,"column":19},"end":{"line":5,"column":49}},"5":{"start":{"line":6,"column":22},"end":{"line":6,"column":55}},"6":{"start":{"line":7,"column":18},"end":{"line":7,"column":47}},"7":{"start":{"line":8,"column":20},"end":{"line":8,"column":51}},"8":{"start":{"line":11,"column":0},"end":{"line":11,"column":27}},"9":{"start":{"line":13,"column":12},"end":{"line":13,"column":21}},"10":{"start":{"line":14,"column":13},"end":{"line":14,"column":28}},"11":{"start":{"line":15,"column":0},"end":{"line":15,"column":24}},"12":{"start":{"line":18,"column":0},"end":{"line":18,"column":15}},"13":{"start":{"line":21,"column":0},"end":{"line":21,"column":27}},"14":{"start":{"line":24,"column":0},"end":{"line":24,"column":33}},"15":{"start":{"line":25,"column":0},"end":{"line":25,"column":33}},"16":{"start":{"line":26,"column":0},"end":{"line":26,"column":47}},"17":{"start":{"line":27,"column":0},"end":{"line":27,"column":33}},"18":{"start":{"line":28,"column":0},"end":{"line":28,"column":39}},"19":{"start":{"line":29,"column":0},"end":{"line":29,"column":32}},"20":{"start":{"line":30,"column":0},"end":{"line":30,"column":37}},"21":{"start":{"line":35,"column":0},"end":{"line":37,"column":2}},"22":{"start":{"line":36,"column":4},"end":{"line":36,"column":37}},"23":{"start":{"line":40,"column":0},"end":{"line":45,"column":1}},"24":{"start":{"line":41,"column":15},"end":{"line":41,"column":39}},"25":{"start":{"line":42,"column":2},"end":{"line":44,"column":5}},"26":{"start":{"line":43,"column":4},"end":{"line":43,"column":58}},"27":{"start":{"line":47,"column":0},"end":{"line":47,"column":21}}},"fnMap":{"0":{"name":"(anonymous_0)","decl":{"start":{"line":35,"column":13},"end":{"line":35,"column":14}},"loc":{"start":{"line":35,"column":24},"end":{"line":37,"column":1}},"line":35},"1":{"name":"(anonymous_1)","decl":{"start":{"line":42,"column":19},"end":{"line":42,"column":20}},"loc":{"start":{"line":42,"column":25},"end":{"line":44,"column":3}},"line":42}},"branchMap":{"0":{"loc":{"start":{"line":40,"column":0},"end":{"line":45,"column":1}},"type":"if","locations":[{"start":{"line":40,"column":0},"end":{"line":45,"column":1}},{"start":{},"end":{}}],"line":40},"1":{"loc":{"start":{"line":41,"column":15},"end":{"line":41,"column":39}},"type":"binary-expr","locations":[{"start":{"line":41,"column":15},"end":{"line":41,"column":31}},{"start":{"line":41,"column":35},"end":{"line":41,"column":39}}],"line":41}},"s":{"0":1,"1":1,"2":1,"3":1,"4":1,"5":1,"6":1,"7":1,"8":1,"9":1,"10":1,"11":1,"12":1,"13":1,"14":1,"15":1,"16":1,"17":1,"18":1,"19":1,"20":1,"21":1,"22":0,"23":1,"24":0,"25":0,"26":0,"27":1},"f":{"0":0,"1":0},"b":{"0":[0,1],"1":[0,0]},"_coverageSchema":"1a1c01bbd47fc00a2c39e90264f33305004495a9","hash":"b4656e319035137dc3e9654e82568a780f2ac84e"}
,"/Users/hafsajabeen/Documents/software_engineering/Mindhaven/server/config/database.js": {"path":"/Users/hafsajabeen/Documents/software_engineering/Mindhaven/server/config/database.js","statementMap":{"0":{"start":{"line":1,"column":14},"end":{"line":1,"column":31}},"1":{"start":{"line":2,"column":11},"end":{"line":2,"column":24}},"2":{"start":{"line":3,"column":0},"end":{"line":3,"column":27}},"3":{"start":{"line":5,"column":25},"end":{"line":17,"column":1}},"4":{"start":{"line":19,"column":19},"end":{"line":19,"column":53}},"5":{"start":{"line":21,"column":0},"end":{"line":30,"column":1}},"6":{"start":{"line":22,"column":4},"end":{"line":29,"column":7}},"7":{"start":{"line":23,"column":8},"end":{"line":28,"column":9}},"8":{"start":{"line":24,"column":12},"end":{"line":24,"column":59}},"9":{"start":{"line":25,"column":12},"end":{"line":25,"column":28}},"10":{"start":{"line":27,"column":12},"end":{"line":27,"column":69}},"11":{"start":{"line":32,"column":0},"end":{"line":32,"column":28}}},"fnMap":{"0":{"name":"(anonymous_0)","decl":{"start":{"line":22,"column":33},"end":{"line":22,"column":34}},"loc":{"start":{"line":22,"column":42},"end":{"line":29,"column":5}},"line":22}},"branchMap":{"0":{"loc":{"start":{"line":21,"column":0},"end":{"line":30,"column":1}},"type":"if","locations":[{"start":{"line":21,"column":0},"end":{"line":30,"column":1}},{"start":{},"end":{}}],"line":21},"1":{"loc":{"start":{"line":23,"column":8},"end":{"line":28,"column":9}},"type":"if","locations":[{"start":{"line":23,"column":8},"end":{"line":28,"column":9}},{"start":{"line":26,"column":15},"end":{"line":28,"column":9}}],"line":23}},"s":{"0":2,"1":2,"2":2,"3":2,"4":2,"5":2,"6":0,"7":0,"8":0,"9":0,"10":0,"11":2},"f":{"0":0},"b":{"0":[0,2],"1":[0,0]},"_coverageSchema":"1a1c01bbd47fc00a2c39e90264f33305004495a9","hash":"e8ce8c16a82be8a3afac0c91fa264ff7bf87c92e"}
,"/Users/hafsajabeen/Documents/software_engineering/Mindhaven/server/controllers/authController.js": {"path":"/Users/hafsajabeen/Documents/software_engineering/Mindhaven/server/controllers/authController.js","statementMap":{"0":{"start":{"line":1,"column":15},"end":{"line":1,"column":34}},"1":{"start":{"line":2,"column":13},"end":{"line":2,"column":38}},"2":{"start":{"line":3,"column":13},"end":{"line":3,"column":38}},"3":{"start":{"line":4,"column":12},"end":{"line":4,"column":35}},"4":{"start":{"line":5,"column":15},"end":{"line":5,"column":32}},"5":{"start":{"line":6,"column":11},"end":{"line":6,"column":40}},"6":{"start":{"line":7,"column":27},"end":{"line":7,"column":59}},"7":{"start":{"line":11,"column":0},"end":{"line":31,"column":2}},"8":{"start":{"line":12,"column":79},"end":{"line":12,"column":87}},"9":{"start":{"line":15,"column":23},"end":{"line":15,"column":52}},"10":{"start":{"line":17,"column":2},"end":{"line":30,"column":5}},"11":{"start":{"line":18,"column":4},"end":{"line":27,"column":5}},"12":{"start":{"line":19,"column":6},"end":{"line":19,"column":68}},"13":{"start":{"line":21,"column":6},"end":{"line":25,"column":7}},"14":{"start":{"line":22,"column":8},"end":{"line":24,"column":11}},"15":{"start":{"line":26,"column":6},"end":{"line":26,"column":73}},"16":{"start":{"line":28,"column":4},"end":{"line":28,"column":71}},"17":{"start":{"line":29,"column":4},"end":{"line":29,"column":45}},"18":{"start":{"line":35,"column":0},"end":{"line":85,"column":2}},"19":{"start":{"line":36,"column":30},"end":{"line":36,"column":38}},"20":{"start":{"line":39,"column":2},"end":{"line":41,"column":3}},"21":{"start":{"line":40,"column":4},"end":{"line":40,"column":82}},"22":{"start":{"line":44,"column":2},"end":{"line":84,"column":5}},"23":{"start":{"line":45,"column":4},"end":{"line":48,"column":5}},"24":{"start":{"line":46,"column":6},"end":{"line":46,"column":25}},"25":{"start":{"line":47,"column":6},"end":{"line":47,"column":65}},"26":{"start":{"line":51,"column":4},"end":{"line":53,"column":5}},"27":{"start":{"line":52,"column":6},"end":{"line":52,"column":65}},"28":{"start":{"line":55,"column":17},"end":{"line":55,"column":27}},"29":{"start":{"line":59,"column":20},"end":{"line":59,"column":63}},"30":{"start":{"line":61,"column":4},"end":{"line":63,"column":5}},"31":{"start":{"line":62,"column":6},"end":{"line":62,"column":67}},"32":{"start":{"line":66,"column":18},"end":{"line":70,"column":5}},"33":{"start":{"line":73,"column":4},"end":{"line":83,"column":7}},"34":{"start":{"line":88,"column":0},"end":{"line":116,"column":2}},"35":{"start":{"line":89,"column":20},"end":{"line":89,"column":28}},"36":{"start":{"line":90,"column":2},"end":{"line":90,"column":76}},"37":{"start":{"line":90,"column":14},"end":{"line":90,"column":76}},"38":{"start":{"line":92,"column":2},"end":{"line":115,"column":5}},"39":{"start":{"line":93,"column":4},"end":{"line":93,"column":72}},"40":{"start":{"line":93,"column":13},"end":{"line":93,"column":72}},"41":{"start":{"line":94,"column":4},"end":{"line":95,"column":65}},"42":{"start":{"line":95,"column":6},"end":{"line":95,"column":65}},"43":{"start":{"line":97,"column":19},"end":{"line":97,"column":32}},"44":{"start":{"line":98,"column":18},"end":{"line":98,"column":56}},"45":{"start":{"line":99,"column":22},"end":{"line":99,"column":59}},"46":{"start":{"line":101,"column":4},"end":{"line":114,"column":7}},"47":{"start":{"line":102,"column":6},"end":{"line":113,"column":9}},"48":{"start":{"line":103,"column":8},"end":{"line":103,"column":77}},"49":{"start":{"line":103,"column":18},"end":{"line":103,"column":77}},"50":{"start":{"line":105,"column":8},"end":{"line":112,"column":11}},"51":{"start":{"line":107,"column":10},"end":{"line":107,"column":90}},"52":{"start":{"line":110,"column":10},"end":{"line":110,"column":56}},"53":{"start":{"line":111,"column":10},"end":{"line":111,"column":73}},"54":{"start":{"line":119,"column":0},"end":{"line":142,"column":2}},"55":{"start":{"line":120,"column":33},"end":{"line":120,"column":41}},"56":{"start":{"line":121,"column":2},"end":{"line":122,"column":84}},"57":{"start":{"line":122,"column":4},"end":{"line":122,"column":84}},"58":{"start":{"line":124,"column":2},"end":{"line":141,"column":5}},"59":{"start":{"line":125,"column":4},"end":{"line":125,"column":72}},"60":{"start":{"line":125,"column":13},"end":{"line":125,"column":72}},"61":{"start":{"line":126,"column":4},"end":{"line":127,"column":75}},"62":{"start":{"line":127,"column":6},"end":{"line":127,"column":75}},"63":{"start":{"line":129,"column":19},"end":{"line":129,"column":29}},"64":{"start":{"line":130,"column":4},"end":{"line":131,"column":64}},"65":{"start":{"line":131,"column":6},"end":{"line":131,"column":64}},"66":{"start":{"line":133,"column":19},"end":{"line":133,"column":51}},"67":{"start":{"line":134,"column":4},"end":{"line":140,"column":7}},"68":{"start":{"line":135,"column":6},"end":{"line":135,"column":84}},"69":{"start":{"line":135,"column":16},"end":{"line":135,"column":84}},"70":{"start":{"line":137,"column":6},"end":{"line":139,"column":9}},"71":{"start":{"line":138,"column":8},"end":{"line":138,"column":72}},"72":{"start":{"line":144,"column":0},"end":{"line":161,"column":2}},"73":{"start":{"line":145,"column":17},"end":{"line":145,"column":28}},"74":{"start":{"line":146,"column":35},"end":{"line":146,"column":43}},"75":{"start":{"line":147,"column":26},"end":{"line":147,"column":75}},"76":{"start":{"line":149,"column":2},"end":{"line":160,"column":5}},"77":{"start":{"line":150,"column":4},"end":{"line":150,"column":72}},"78":{"start":{"line":150,"column":13},"end":{"line":150,"column":72}},"79":{"start":{"line":151,"column":4},"end":{"line":151,"column":86}},"80":{"start":{"line":151,"column":27},"end":{"line":151,"column":86}},"81":{"start":{"line":153,"column":4},"end":{"line":159,"column":7}},"82":{"start":{"line":154,"column":6},"end":{"line":157,"column":7}},"83":{"start":{"line":155,"column":8},"end":{"line":155,"column":57}},"84":{"start":{"line":156,"column":8},"end":{"line":156,"column":75}},"85":{"start":{"line":158,"column":6},"end":{"line":158,"column":75}}},"fnMap":{"0":{"name":"(anonymous_0)","decl":{"start":{"line":11,"column":23},"end":{"line":11,"column":24}},"loc":{"start":{"line":11,"column":37},"end":{"line":31,"column":1}},"line":11},"1":{"name":"(anonymous_1)","decl":{"start":{"line":17,"column":86},"end":{"line":17,"column":87}},"loc":{"start":{"line":17,"column":103},"end":{"line":30,"column":3}},"line":17},"2":{"name":"(anonymous_2)","decl":{"start":{"line":35,"column":20},"end":{"line":35,"column":21}},"loc":{"start":{"line":35,"column":34},"end":{"line":85,"column":1}},"line":35},"3":{"name":"(anonymous_3)","decl":{"start":{"line":44,"column":26},"end":{"line":44,"column":27}},"loc":{"start":{"line":44,"column":44},"end":{"line":84,"column":3}},"line":44},"4":{"name":"(anonymous_4)","decl":{"start":{"line":88,"column":31},"end":{"line":88,"column":32}},"loc":{"start":{"line":88,"column":45},"end":{"line":116,"column":1}},"line":88},"5":{"name":"(anonymous_5)","decl":{"start":{"line":92,"column":60},"end":{"line":92,"column":61}},"loc":{"start":{"line":92,"column":78},"end":{"line":115,"column":3}},"line":92},"6":{"name":"(anonymous_6)","decl":{"start":{"line":101,"column":32},"end":{"line":101,"column":33}},"loc":{"start":{"line":101,"column":38},"end":{"line":114,"column":5}},"line":101},"7":{"name":"(anonymous_7)","decl":{"start":{"line":102,"column":49},"end":{"line":102,"column":50}},"loc":{"start":{"line":102,"column":59},"end":{"line":113,"column":7}},"line":102},"8":{"name":"(anonymous_8)","decl":{"start":{"line":106,"column":14},"end":{"line":106,"column":15}},"loc":{"start":{"line":106,"column":20},"end":{"line":108,"column":9}},"line":106},"9":{"name":"(anonymous_9)","decl":{"start":{"line":109,"column":15},"end":{"line":109,"column":16}},"loc":{"start":{"line":109,"column":26},"end":{"line":112,"column":9}},"line":109},"10":{"name":"(anonymous_10)","decl":{"start":{"line":119,"column":24},"end":{"line":119,"column":25}},"loc":{"start":{"line":119,"column":38},"end":{"line":142,"column":1}},"line":119},"11":{"name":"(anonymous_11)","decl":{"start":{"line":124,"column":26},"end":{"line":124,"column":27}},"loc":{"start":{"line":124,"column":44},"end":{"line":141,"column":3}},"line":124},"12":{"name":"(anonymous_12)","decl":{"start":{"line":134,"column":85},"end":{"line":134,"column":86}},"loc":{"start":{"line":134,"column":95},"end":{"line":140,"column":5}},"line":134},"13":{"name":"(anonymous_13)","decl":{"start":{"line":137,"column":42},"end":{"line":137,"column":43}},"loc":{"start":{"line":137,"column":48},"end":{"line":139,"column":7}},"line":137},"14":{"name":"(anonymous_14)","decl":{"start":{"line":144,"column":24},"end":{"line":144,"column":25}},"loc":{"start":{"line":144,"column":38},"end":{"line":161,"column":1}},"line":144},"15":{"name":"(anonymous_15)","decl":{"start":{"line":149,"column":30},"end":{"line":149,"column":31}},"loc":{"start":{"line":149,"column":45},"end":{"line":160,"column":3}},"line":149},"16":{"name":"(anonymous_16)","decl":{"start":{"line":153,"column":70},"end":{"line":153,"column":71}},"loc":{"start":{"line":153,"column":80},"end":{"line":159,"column":5}},"line":153}},"branchMap":{"0":{"loc":{"start":{"line":18,"column":4},"end":{"line":27,"column":5}},"type":"if","locations":[{"start":{"line":18,"column":4},"end":{"line":27,"column":5}},{"start":{},"end":{}}],"line":18},"1":{"loc":{"start":{"line":19,"column":45},"end":{"line":19,"column":66}},"type":"binary-expr","locations":[{"start":{"line":19,"column":45},"end":{"line":19,"column":59}},{"start":{"line":19,"column":63},"end":{"line":19,"column":66}}],"line":19},"2":{"loc":{"start":{"line":21,"column":6},"end":{"line":25,"column":7}},"type":"if","locations":[{"start":{"line":21,"column":6},"end":{"line":25,"column":7}},{"start":{},"end":{}}],"line":21},"3":{"loc":{"start":{"line":39,"column":2},"end":{"line":41,"column":3}},"type":"if","locations":[{"start":{"line":39,"column":2},"end":{"line":41,"column":3}},{"start":{},"end":{}}],"line":39},"4":{"loc":{"start":{"line":39,"column":6},"end":{"line":39,"column":25}},"type":"binary-expr","locations":[{"start":{"line":39,"column":6},"end":{"line":39,"column":12}},{"start":{"line":39,"column":16},"end":{"line":39,"column":25}}],"line":39},"5":{"loc":{"start":{"line":45,"column":4},"end":{"line":48,"column":5}},"type":"if","locations":[{"start":{"line":45,"column":4},"end":{"line":48,"column":5}},{"start":{},"end":{}}],"line":45},"6":{"loc":{"start":{"line":51,"column":4},"end":{"line":53,"column":5}},"type":"if","locations":[{"start":{"line":51,"column":4},"end":{"line":53,"column":5}},{"start":{},"end":{}}],"line":51},"7":{"loc":{"start":{"line":61,"column":4},"end":{"line":63,"column":5}},"type":"if","locations":[{"start":{"line":61,"column":4},"end":{"line":63,"column":5}},{"start":{},"end":{}}],"line":61},"8":{"loc":{"start":{"line":69,"column":19},"end":{"line":69,"column":53}},"type":"binary-expr","locations":[{"start":{"line":69,"column":19},"end":{"line":69,"column":45}},{"start":{"line":69,"column":49},"end":{"line":69,"column":53}}],"line":69},"9":{"loc":{"start":{"line":90,"column":2},"end":{"line":90,"column":76}},"type":"if","locations":[{"start":{"line":90,"column":2},"end":{"line":90,"column":76}},{"start":{},"end":{}}],"line":90},"10":{"loc":{"start":{"line":93,"column":4},"end":{"line":93,"column":72}},"type":"if","locations":[{"start":{"line":93,"column":4},"end":{"line":93,"column":72}},{"start":{},"end":{}}],"line":93},"11":{"loc":{"start":{"line":94,"column":4},"end":{"line":95,"column":65}},"type":"if","locations":[{"start":{"line":94,"column":4},"end":{"line":95,"column":65}},{"start":{},"end":{}}],"line":94},"12":{"loc":{"start":{"line":103,"column":8},"end":{"line":103,"column":77}},"type":"if","locations":[{"start":{"line":103,"column":8},"end":{"line":103,"column":77}},{"start":{},"end":{}}],"line":103},"13":{"loc":{"start":{"line":121,"column":2},"end":{"line":122,"column":84}},"type":"if","locations":[{"start":{"line":121,"column":2},"end":{"line":122,"column":84}},{"start":{},"end":{}}],"line":121},"14":{"loc":{"start":{"line":121,"column":6},"end":{"line":121,"column":28}},"type":"binary-expr","locations":[{"start":{"line":121,"column":6},"end":{"line":121,"column":12}},{"start":{"line":121,"column":16},"end":{"line":121,"column":28}}],"line":121},"15":{"loc":{"start":{"line":125,"column":4},"end":{"line":125,"column":72}},"type":"if","locations":[{"start":{"line":125,"column":4},"end":{"line":125,"column":72}},{"start":{},"end":{}}],"line":125},"16":{"loc":{"start":{"line":126,"column":4},"end":{"line":127,"column":75}},"type":"if","locations":[{"start":{"line":126,"column":4},"end":{"line":127,"column":75}},{"start":{},"end":{}}],"line":126},"17":{"loc":{"start":{"line":130,"column":4},"end":{"line":131,"column":64}},"type":"if","locations":[{"start":{"line":130,"column":4},"end":{"line":131,"column":64}},{"start":{},"end":{}}],"line":130},"18":{"loc":{"start":{"line":135,"column":6},"end":{"line":135,"column":84}},"type":"if","locations":[{"start":{"line":135,"column":6},"end":{"line":135,"column":84}},{"start":{},"end":{}}],"line":135},"19":{"loc":{"start":{"line":147,"column":26},"end":{"line":147,"column":75}},"type":"cond-expr","locations":[{"start":{"line":147,"column":37},"end":{"line":147,"column":68}},{"start":{"line":147,"column":71},"end":{"line":147,"column":75}}],"line":147},"20":{"loc":{"start":{"line":150,"column":4},"end":{"line":150,"column":72}},"type":"if","locations":[{"start":{"line":150,"column":4},"end":{"line":150,"column":72}},{"start":{},"end":{}}],"line":150},"21":{"loc":{"start":{"line":151,"column":4},"end":{"line":151,"column":86}},"type":"if","locations":[{"start":{"line":151,"column":4},"end":{"line":151,"column":86}},{"start":{},"end":{}}],"line":151},"22":{"loc":{"start":{"line":154,"column":6},"end":{"line":157,"column":7}},"type":"if","locations":[{"start":{"line":154,"column":6},"end":{"line":157,"column":7}},{"start":{},"end":{}}],"line":154}},"s":{"0":1,"1":1,"2":1,"3":1,"4":1,"5":1,"6":1,"7":1,"8":1,"9":1,"10":1,"11":1,"12":0,"13":0,"14":0,"15":0,"16":1,"17":1,"18":1,"19":0,"20":0,"21":0,"22":0,"23":0,"24":0,"25":0,"26":0,"27":0,"28":0,"29":0,"30":0,"31":0,"32":0,"33":0,"34":1,"35":0,"36":0,"37":0,"38":0,"39":0,"40":0,"41":0,"42":0,"43":0,"44":0,"45":0,"46":0,"47":0,"48":0,"49":0,"50":0,"51":0,"52":0,"53":0,"54":1,"55":0,"56":0,"57":0,"58":0,"59":0,"60":0,"61":0,"62":0,"63":0,"64":0,"65":0,"66":0,"67":0,"68":0,"69":0,"70":0,"71":0,"72":1,"73":0,"74":0,"75":0,"76":0,"77":0,"78":0,"79":0,"80":0,"81":0,"82":0,"83":0,"84":0,"85":0},"f":{"0":1,"1":1,"2":0,"3":0,"4":0,"5":0,"6":0,"7":0,"8":0,"9":0,"10":0,"11":0,"12":0,"13":0,"14":0,"15":0,"16":0},"b":{"0":[0,1],"1":[0,0],"2":[0,0],"3":[0,0],"4":[0,0],"5":[0,0],"6":[0,0],"7":[0,0],"8":[0,0],"9":[0,0],"10":[0,0],"11":[0,0],"12":[0,0],"13":[0,0],"14":[0,0],"15":[0,0],"16":[0,0],"17":[0,0],"18":[0,0],"19":[0,0],"20":[0,0],"21":[0,0],"22":[0,0]},"_coverageSchema":"1a1c01bbd47fc00a2c39e90264f33305004495a9","hash":"8f139140dca256a7f41b975c9963a73f6d5aa28a"}
,"/Users/hafsajabeen/Documents/software_engineering/Mindhaven/server/controllers/buddyController.js": {"path":"/Users/hafsajabeen/Documents/software_engineering/Mindhaven/server/controllers/buddyController.js","statementMap":{"0":{"start":{"line":1,"column":14},"end":{"line":1,"column":40}},"1":{"start":{"line":3,"column":19},"end":{"line":3,"column":69}},"2":{"start":{"line":3,"column":31},"end":{"line":3,"column":69}},"3":{"start":{"line":4,"column":22},"end":{"line":4,"column":97}},"4":{"start":{"line":4,"column":43},"end":{"line":4,"column":97}},"5":{"start":{"line":6,"column":30},"end":{"line":18,"column":1}},"6":{"start":{"line":7,"column":2},"end":{"line":17,"column":5}},"7":{"start":{"line":8,"column":4},"end":{"line":8,"column":50}},"8":{"start":{"line":8,"column":21},"end":{"line":8,"column":50}},"9":{"start":{"line":10,"column":4},"end":{"line":16,"column":7}},"10":{"start":{"line":11,"column":6},"end":{"line":11,"column":52}},"11":{"start":{"line":11,"column":23},"end":{"line":11,"column":52}},"12":{"start":{"line":13,"column":33},"end":{"line":13,"column":55}},"13":{"start":{"line":14,"column":33},"end":{"line":14,"column":55}},"14":{"start":{"line":15,"column":6},"end":{"line":15,"column":68}},"15":{"start":{"line":20,"column":36},"end":{"line":57,"column":1}},"16":{"start":{"line":21,"column":38},"end":{"line":21,"column":68}},"17":{"start":{"line":23,"column":2},"end":{"line":56,"column":5}},"18":{"start":{"line":24,"column":4},"end":{"line":24,"column":42}},"19":{"start":{"line":24,"column":17},"end":{"line":24,"column":42}},"20":{"start":{"line":26,"column":23},"end":{"line":26,"column":66}},"21":{"start":{"line":27,"column":4},"end":{"line":29,"column":5}},"22":{"start":{"line":28,"column":6},"end":{"line":28,"column":74}},"23":{"start":{"line":31,"column":4},"end":{"line":55,"column":7}},"24":{"start":{"line":32,"column":6},"end":{"line":32,"column":54}},"25":{"start":{"line":32,"column":24},"end":{"line":32,"column":54}},"26":{"start":{"line":34,"column":30},"end":{"line":34,"column":83}},"27":{"start":{"line":35,"column":6},"end":{"line":37,"column":7}},"28":{"start":{"line":36,"column":8},"end":{"line":36,"column":78}},"29":{"start":{"line":39,"column":6},"end":{"line":54,"column":9}},"30":{"start":{"line":40,"column":8},"end":{"line":40,"column":52}},"31":{"start":{"line":40,"column":24},"end":{"line":40,"column":52}},"32":{"start":{"line":41,"column":8},"end":{"line":43,"column":9}},"33":{"start":{"line":42,"column":10},"end":{"line":42,"column":85}},"34":{"start":{"line":45,"column":8},"end":{"line":53,"column":11}},"35":{"start":{"line":46,"column":10},"end":{"line":46,"column":58}},"36":{"start":{"line":46,"column":28},"end":{"line":46,"column":58}},"37":{"start":{"line":48,"column":10},"end":{"line":52,"column":13}},"38":{"start":{"line":49,"column":12},"end":{"line":49,"column":54}},"39":{"start":{"line":49,"column":27},"end":{"line":49,"column":54}},"40":{"start":{"line":51,"column":12},"end":{"line":51,"column":80}},"41":{"start":{"line":59,"column":0},"end":{"line":105,"column":2}},"42":{"start":{"line":60,"column":17},"end":{"line":60,"column":28}},"43":{"start":{"line":61,"column":18},"end":{"line":61,"column":42}},"44":{"start":{"line":63,"column":2},"end":{"line":65,"column":3}},"45":{"start":{"line":64,"column":4},"end":{"line":64,"column":76}},"46":{"start":{"line":67,"column":2},"end":{"line":69,"column":3}},"47":{"start":{"line":68,"column":4},"end":{"line":68,"column":81}},"48":{"start":{"line":71,"column":2},"end":{"line":104,"column":5}},"49":{"start":{"line":72,"column":4},"end":{"line":72,"column":76}},"50":{"start":{"line":72,"column":17},"end":{"line":72,"column":76}},"51":{"start":{"line":73,"column":4},"end":{"line":75,"column":5}},"52":{"start":{"line":74,"column":6},"end":{"line":74,"column":66}},"53":{"start":{"line":77,"column":4},"end":{"line":103,"column":7}},"54":{"start":{"line":78,"column":6},"end":{"line":78,"column":82}},"55":{"start":{"line":78,"column":23},"end":{"line":78,"column":82}},"56":{"start":{"line":79,"column":6},"end":{"line":83,"column":7}},"57":{"start":{"line":80,"column":8},"end":{"line":82,"column":11}},"58":{"start":{"line":85,"column":6},"end":{"line":102,"column":9}},"59":{"start":{"line":86,"column":8},"end":{"line":86,"column":84}},"60":{"start":{"line":86,"column":25},"end":{"line":86,"column":84}},"61":{"start":{"line":87,"column":8},"end":{"line":91,"column":9}},"62":{"start":{"line":88,"column":10},"end":{"line":90,"column":13}},"63":{"start":{"line":93,"column":8},"end":{"line":101,"column":11}},"64":{"start":{"line":94,"column":10},"end":{"line":94,"column":98}},"65":{"start":{"line":94,"column":25},"end":{"line":94,"column":98}},"66":{"start":{"line":96,"column":10},"end":{"line":100,"column":13}},"67":{"start":{"line":107,"column":0},"end":{"line":157,"column":2}},"68":{"start":{"line":108,"column":17},"end":{"line":108,"column":28}},"69":{"start":{"line":109,"column":18},"end":{"line":109,"column":39}},"70":{"start":{"line":111,"column":2},"end":{"line":113,"column":3}},"71":{"start":{"line":112,"column":4},"end":{"line":112,"column":77}},"72":{"start":{"line":115,"column":2},"end":{"line":156,"column":5}},"73":{"start":{"line":116,"column":4},"end":{"line":116,"column":79}},"74":{"start":{"line":116,"column":20},"end":{"line":116,"column":79}},"75":{"start":{"line":117,"column":4},"end":{"line":119,"column":5}},"76":{"start":{"line":118,"column":6},"end":{"line":118,"column":74}},"77":{"start":{"line":121,"column":4},"end":{"line":123,"column":5}},"78":{"start":{"line":122,"column":6},"end":{"line":122,"column":81}},"79":{"start":{"line":125,"column":4},"end":{"line":155,"column":7}},"80":{"start":{"line":126,"column":6},"end":{"line":126,"column":96}},"81":{"start":{"line":126,"column":21},"end":{"line":126,"column":96}},"82":{"start":{"line":128,"column":6},"end":{"line":154,"column":9}},"83":{"start":{"line":129,"column":8},"end":{"line":129,"column":83}},"84":{"start":{"line":129,"column":24},"end":{"line":129,"column":83}},"85":{"start":{"line":131,"column":8},"end":{"line":142,"column":9}},"86":{"start":{"line":132,"column":10},"end":{"line":141,"column":13}},"87":{"start":{"line":133,"column":12},"end":{"line":135,"column":13}},"88":{"start":{"line":134,"column":14},"end":{"line":134,"column":89}},"89":{"start":{"line":137,"column":12},"end":{"line":140,"column":15}},"90":{"start":{"line":144,"column":8},"end":{"line":153,"column":11}},"91":{"start":{"line":145,"column":10},"end":{"line":147,"column":11}},"92":{"start":{"line":146,"column":12},"end":{"line":146,"column":87}},"93":{"start":{"line":149,"column":10},"end":{"line":152,"column":13}},"94":{"start":{"line":159,"column":0},"end":{"line":164,"column":2}},"95":{"start":{"line":160,"column":2},"end":{"line":163,"column":5}},"96":{"start":{"line":161,"column":4},"end":{"line":161,"column":89}},"97":{"start":{"line":161,"column":13},"end":{"line":161,"column":89}},"98":{"start":{"line":162,"column":4},"end":{"line":162,"column":42}},"99":{"start":{"line":166,"column":0},"end":{"line":189,"column":2}},"100":{"start":{"line":167,"column":17},"end":{"line":167,"column":28}},"101":{"start":{"line":168,"column":18},"end":{"line":168,"column":39}},"102":{"start":{"line":170,"column":2},"end":{"line":172,"column":3}},"103":{"start":{"line":171,"column":4},"end":{"line":171,"column":77}},"104":{"start":{"line":174,"column":2},"end":{"line":188,"column":5}},"105":{"start":{"line":175,"column":4},"end":{"line":175,"column":79}},"106":{"start":{"line":175,"column":20},"end":{"line":175,"column":79}},"107":{"start":{"line":176,"column":4},"end":{"line":178,"column":5}},"108":{"start":{"line":177,"column":6},"end":{"line":177,"column":82}},"109":{"start":{"line":180,"column":4},"end":{"line":187,"column":7}},"110":{"start":{"line":181,"column":6},"end":{"line":181,"column":96}},"111":{"start":{"line":181,"column":21},"end":{"line":181,"column":96}},"112":{"start":{"line":183,"column":6},"end":{"line":186,"column":9}},"113":{"start":{"line":191,"column":0},"end":{"line":196,"column":2}},"114":{"start":{"line":192,"column":2},"end":{"line":195,"column":5}},"115":{"start":{"line":193,"column":4},"end":{"line":193,"column":80}},"116":{"start":{"line":193,"column":13},"end":{"line":193,"column":80}},"117":{"start":{"line":194,"column":4},"end":{"line":194,"column":41}},"118":{"start":{"line":198,"column":0},"end":{"line":218,"column":2}},"119":{"start":{"line":199,"column":17},"end":{"line":199,"column":28}},"120":{"start":{"line":200,"column":18},"end":{"line":200,"column":39}},"121":{"start":{"line":202,"column":2},"end":{"line":204,"column":3}},"122":{"start":{"line":203,"column":4},"end":{"line":203,"column":77}},"123":{"start":{"line":206,"column":2},"end":{"line":217,"column":5}},"124":{"start":{"line":207,"column":4},"end":{"line":207,"column":82}},"125":{"start":{"line":207,"column":23},"end":{"line":207,"column":82}},"126":{"start":{"line":208,"column":4},"end":{"line":210,"column":5}},"127":{"start":{"line":209,"column":6},"end":{"line":209,"column":103}},"128":{"start":{"line":212,"column":40},"end":{"line":212,"column":70}},"129":{"start":{"line":213,"column":4},"end":{"line":216,"column":7}},"130":{"start":{"line":214,"column":6},"end":{"line":214,"column":94}},"131":{"start":{"line":214,"column":19},"end":{"line":214,"column":94}},"132":{"start":{"line":215,"column":6},"end":{"line":215,"column":41}},"133":{"start":{"line":220,"column":0},"end":{"line":255,"column":2}},"134":{"start":{"line":221,"column":17},"end":{"line":221,"column":28}},"135":{"start":{"line":222,"column":18},"end":{"line":222,"column":39}},"136":{"start":{"line":223,"column":16},"end":{"line":223,"column":79}},"137":{"start":{"line":225,"column":2},"end":{"line":227,"column":3}},"138":{"start":{"line":226,"column":4},"end":{"line":226,"column":77}},"139":{"start":{"line":229,"column":2},"end":{"line":231,"column":3}},"140":{"start":{"line":230,"column":4},"end":{"line":230,"column":71}},"141":{"start":{"line":233,"column":2},"end":{"line":254,"column":5}},"142":{"start":{"line":234,"column":4},"end":{"line":234,"column":82}},"143":{"start":{"line":234,"column":23},"end":{"line":234,"column":82}},"144":{"start":{"line":235,"column":4},"end":{"line":237,"column":5}},"145":{"start":{"line":236,"column":6},"end":{"line":236,"column":103}},"146":{"start":{"line":239,"column":40},"end":{"line":239,"column":70}},"147":{"start":{"line":240,"column":4},"end":{"line":253,"column":7}},"148":{"start":{"line":241,"column":6},"end":{"line":241,"column":95}},"149":{"start":{"line":241,"column":19},"end":{"line":241,"column":95}},"150":{"start":{"line":243,"column":6},"end":{"line":252,"column":9}},"151":{"start":{"line":257,"column":0},"end":{"line":307,"column":2}},"152":{"start":{"line":258,"column":17},"end":{"line":258,"column":28}},"153":{"start":{"line":259,"column":18},"end":{"line":259,"column":39}},"154":{"start":{"line":260,"column":17},"end":{"line":260,"column":42}},"155":{"start":{"line":261,"column":20},"end":{"line":261,"column":47}},"156":{"start":{"line":263,"column":2},"end":{"line":265,"column":3}},"157":{"start":{"line":264,"column":4},"end":{"line":264,"column":88}},"158":{"start":{"line":267,"column":2},"end":{"line":306,"column":5}},"159":{"start":{"line":268,"column":4},"end":{"line":268,"column":82}},"160":{"start":{"line":268,"column":23},"end":{"line":268,"column":82}},"161":{"start":{"line":269,"column":4},"end":{"line":271,"column":5}},"162":{"start":{"line":270,"column":6},"end":{"line":270,"column":103}},"163":{"start":{"line":273,"column":40},"end":{"line":273,"column":70}},"164":{"start":{"line":274,"column":4},"end":{"line":305,"column":7}},"165":{"start":{"line":275,"column":6},"end":{"line":275,"column":78}},"166":{"start":{"line":275,"column":19},"end":{"line":275,"column":78}},"167":{"start":{"line":276,"column":6},"end":{"line":278,"column":7}},"168":{"start":{"line":277,"column":8},"end":{"line":277,"column":77}},"169":{"start":{"line":280,"column":21},"end":{"line":280,"column":98}},"170":{"start":{"line":281,"column":6},"end":{"line":304,"column":9}},"171":{"start":{"line":282,"column":8},"end":{"line":282,"column":99}},"172":{"start":{"line":282,"column":23},"end":{"line":282,"column":99}},"173":{"start":{"line":284,"column":33},"end":{"line":294,"column":9}},"174":{"start":{"line":285,"column":10},"end":{"line":293,"column":13}},"175":{"start":{"line":286,"column":12},"end":{"line":286,"column":100}},"176":{"start":{"line":286,"column":25},"end":{"line":286,"column":100}},"177":{"start":{"line":288,"column":12},"end":{"line":292,"column":15}},"178":{"start":{"line":296,"column":8},"end":{"line":298,"column":9}},"179":{"start":{"line":297,"column":10},"end":{"line":297,"column":41}},"180":{"start":{"line":300,"column":8},"end":{"line":303,"column":11}},"181":{"start":{"line":301,"column":10},"end":{"line":301,"column":107}},"182":{"start":{"line":301,"column":24},"end":{"line":301,"column":107}},"183":{"start":{"line":302,"column":10},"end":{"line":302,"column":70}},"184":{"start":{"line":309,"column":0},"end":{"line":342,"column":2}},"185":{"start":{"line":310,"column":17},"end":{"line":310,"column":28}},"186":{"start":{"line":311,"column":18},"end":{"line":311,"column":39}},"187":{"start":{"line":313,"column":2},"end":{"line":315,"column":3}},"188":{"start":{"line":314,"column":4},"end":{"line":314,"column":77}},"189":{"start":{"line":317,"column":2},"end":{"line":341,"column":5}},"190":{"start":{"line":318,"column":4},"end":{"line":318,"column":80}},"191":{"start":{"line":318,"column":21},"end":{"line":318,"column":80}},"192":{"start":{"line":320,"column":4},"end":{"line":340,"column":7}},"193":{"start":{"line":321,"column":6},"end":{"line":321,"column":82}},"194":{"start":{"line":321,"column":23},"end":{"line":321,"column":82}},"195":{"start":{"line":323,"column":25},"end":{"line":323,"column":73}},"196":{"start":{"line":324,"column":6},"end":{"line":326,"column":7}},"197":{"start":{"line":325,"column":8},"end":{"line":325,"column":79}},"198":{"start":{"line":328,"column":6},"end":{"line":339,"column":9}},"199":{"start":{"line":329,"column":8},"end":{"line":329,"column":80}},"200":{"start":{"line":329,"column":21},"end":{"line":329,"column":80}},"201":{"start":{"line":330,"column":8},"end":{"line":332,"column":9}},"202":{"start":{"line":331,"column":10},"end":{"line":331,"column":70}},"203":{"start":{"line":334,"column":8},"end":{"line":338,"column":11}},"204":{"start":{"line":344,"column":0},"end":{"line":348,"column":2}},"205":{"start":{"line":345,"column":2},"end":{"line":347,"column":5}},"206":{"start":{"line":350,"column":0},"end":{"line":374,"column":2}},"207":{"start":{"line":351,"column":17},"end":{"line":351,"column":28}},"208":{"start":{"line":352,"column":18},"end":{"line":352,"column":39}},"209":{"start":{"line":354,"column":2},"end":{"line":356,"column":3}},"210":{"start":{"line":355,"column":4},"end":{"line":355,"column":77}},"211":{"start":{"line":358,"column":2},"end":{"line":373,"column":5}},"212":{"start":{"line":359,"column":4},"end":{"line":359,"column":80}},"213":{"start":{"line":359,"column":21},"end":{"line":359,"column":80}},"214":{"start":{"line":361,"column":4},"end":{"line":372,"column":7}},"215":{"start":{"line":362,"column":6},"end":{"line":362,"column":82}},"216":{"start":{"line":362,"column":23},"end":{"line":362,"column":82}},"217":{"start":{"line":363,"column":6},"end":{"line":365,"column":7}},"218":{"start":{"line":364,"column":8},"end":{"line":364,"column":79}},"219":{"start":{"line":367,"column":6},"end":{"line":371,"column":9}},"220":{"start":{"line":368,"column":8},"end":{"line":368,"column":90}},"221":{"start":{"line":368,"column":23},"end":{"line":368,"column":90}},"222":{"start":{"line":370,"column":8},"end":{"line":370,"column":79}}},"fnMap":{"0":{"name":"(anonymous_0)","decl":{"start":{"line":3,"column":19},"end":{"line":3,"column":20}},"loc":{"start":{"line":3,"column":31},"end":{"line":3,"column":69}},"line":3},"1":{"name":"(anonymous_1)","decl":{"start":{"line":4,"column":22},"end":{"line":4,"column":23}},"loc":{"start":{"line":4,"column":43},"end":{"line":4,"column":97}},"line":4},"2":{"name":"(anonymous_2)","decl":{"start":{"line":6,"column":30},"end":{"line":6,"column":31}},"loc":{"start":{"line":6,"column":61},"end":{"line":18,"column":1}},"line":6},"3":{"name":"(anonymous_3)","decl":{"start":{"line":7,"column":37},"end":{"line":7,"column":38}},"loc":{"start":{"line":7,"column":75},"end":{"line":17,"column":3}},"line":7},"4":{"name":"(anonymous_4)","decl":{"start":{"line":10,"column":39},"end":{"line":10,"column":40}},"loc":{"start":{"line":10,"column":77},"end":{"line":16,"column":5}},"line":10},"5":{"name":"(anonymous_5)","decl":{"start":{"line":20,"column":36},"end":{"line":20,"column":37}},"loc":{"start":{"line":20,"column":67},"end":{"line":57,"column":1}},"line":20},"6":{"name":"(anonymous_6)","decl":{"start":{"line":23,"column":55},"end":{"line":23,"column":56}},"loc":{"start":{"line":23,"column":78},"end":{"line":56,"column":3}},"line":23},"7":{"name":"(anonymous_7)","decl":{"start":{"line":31,"column":68},"end":{"line":31,"column":69}},"loc":{"start":{"line":31,"column":101},"end":{"line":55,"column":5}},"line":31},"8":{"name":"(anonymous_8)","decl":{"start":{"line":39,"column":51},"end":{"line":39,"column":52}},"loc":{"start":{"line":39,"column":80},"end":{"line":54,"column":7}},"line":39},"9":{"name":"(anonymous_9)","decl":{"start":{"line":45,"column":54},"end":{"line":45,"column":55}},"loc":{"start":{"line":45,"column":72},"end":{"line":53,"column":9}},"line":45},"10":{"name":"(anonymous_10)","decl":{"start":{"line":48,"column":56},"end":{"line":48,"column":57}},"loc":{"start":{"line":48,"column":71},"end":{"line":52,"column":11}},"line":48},"11":{"name":"(anonymous_11)","decl":{"start":{"line":59,"column":23},"end":{"line":59,"column":24}},"loc":{"start":{"line":59,"column":37},"end":{"line":105,"column":1}},"line":59},"12":{"name":"(anonymous_12)","decl":{"start":{"line":71,"column":30},"end":{"line":71,"column":31}},"loc":{"start":{"line":71,"column":50},"end":{"line":104,"column":3}},"line":71},"13":{"name":"(anonymous_13)","decl":{"start":{"line":77,"column":39},"end":{"line":77,"column":40}},"loc":{"start":{"line":77,"column":77},"end":{"line":103,"column":5}},"line":77},"14":{"name":"(anonymous_14)","decl":{"start":{"line":85,"column":41},"end":{"line":85,"column":42}},"loc":{"start":{"line":85,"column":79},"end":{"line":102,"column":7}},"line":85},"15":{"name":"(anonymous_15)","decl":{"start":{"line":93,"column":45},"end":{"line":93,"column":46}},"loc":{"start":{"line":93,"column":60},"end":{"line":101,"column":9}},"line":93},"16":{"name":"(anonymous_16)","decl":{"start":{"line":107,"column":29},"end":{"line":107,"column":30}},"loc":{"start":{"line":107,"column":43},"end":{"line":157,"column":1}},"line":107},"17":{"name":"(anonymous_17)","decl":{"start":{"line":115,"column":37},"end":{"line":115,"column":38}},"loc":{"start":{"line":115,"column":63},"end":{"line":156,"column":3}},"line":115},"18":{"name":"(anonymous_18)","decl":{"start":{"line":125,"column":41},"end":{"line":125,"column":42}},"loc":{"start":{"line":125,"column":56},"end":{"line":155,"column":5}},"line":125},"19":{"name":"(anonymous_19)","decl":{"start":{"line":128,"column":41},"end":{"line":128,"column":42}},"loc":{"start":{"line":128,"column":74},"end":{"line":154,"column":7}},"line":128},"20":{"name":"(anonymous_20)","decl":{"start":{"line":132,"column":54},"end":{"line":132,"column":55}},"loc":{"start":{"line":132,"column":76},"end":{"line":141,"column":11}},"line":132},"21":{"name":"(anonymous_21)","decl":{"start":{"line":144,"column":88},"end":{"line":144,"column":89}},"loc":{"start":{"line":144,"column":103},"end":{"line":153,"column":9}},"line":144},"22":{"name":"(anonymous_22)","decl":{"start":{"line":159,"column":30},"end":{"line":159,"column":31}},"loc":{"start":{"line":159,"column":44},"end":{"line":164,"column":1}},"line":159},"23":{"name":"(anonymous_23)","decl":{"start":{"line":160,"column":41},"end":{"line":160,"column":42}},"loc":{"start":{"line":160,"column":60},"end":{"line":163,"column":3}},"line":160},"24":{"name":"(anonymous_24)","decl":{"start":{"line":166,"column":29},"end":{"line":166,"column":30}},"loc":{"start":{"line":166,"column":43},"end":{"line":189,"column":1}},"line":166},"25":{"name":"(anonymous_25)","decl":{"start":{"line":174,"column":37},"end":{"line":174,"column":38}},"loc":{"start":{"line":174,"column":63},"end":{"line":188,"column":3}},"line":174},"26":{"name":"(anonymous_26)","decl":{"start":{"line":180,"column":41},"end":{"line":180,"column":42}},"loc":{"start":{"line":180,"column":56},"end":{"line":187,"column":5}},"line":180},"27":{"name":"(anonymous_27)","decl":{"start":{"line":191,"column":22},"end":{"line":191,"column":23}},"loc":{"start":{"line":191,"column":36},"end":{"line":196,"column":1}},"line":191},"28":{"name":"(anonymous_28)","decl":{"start":{"line":192,"column":33},"end":{"line":192,"column":34}},"loc":{"start":{"line":192,"column":51},"end":{"line":195,"column":3}},"line":192},"29":{"name":"(anonymous_29)","decl":{"start":{"line":198,"column":24},"end":{"line":198,"column":25}},"loc":{"start":{"line":198,"column":38},"end":{"line":218,"column":1}},"line":198},"30":{"name":"(anonymous_30)","decl":{"start":{"line":206,"column":41},"end":{"line":206,"column":42}},"loc":{"start":{"line":206,"column":100},"end":{"line":217,"column":3}},"line":206},"31":{"name":"(anonymous_31)","decl":{"start":{"line":213,"column":64},"end":{"line":213,"column":65}},"loc":{"start":{"line":213,"column":84},"end":{"line":216,"column":5}},"line":213},"32":{"name":"(anonymous_32)","decl":{"start":{"line":220,"column":23},"end":{"line":220,"column":24}},"loc":{"start":{"line":220,"column":37},"end":{"line":255,"column":1}},"line":220},"33":{"name":"(anonymous_33)","decl":{"start":{"line":233,"column":41},"end":{"line":233,"column":42}},"loc":{"start":{"line":233,"column":100},"end":{"line":254,"column":3}},"line":233},"34":{"name":"(anonymous_34)","decl":{"start":{"line":240,"column":72},"end":{"line":240,"column":73}},"loc":{"start":{"line":240,"column":93},"end":{"line":253,"column":5}},"line":240},"35":{"name":"(anonymous_35)","decl":{"start":{"line":257,"column":26},"end":{"line":257,"column":27}},"loc":{"start":{"line":257,"column":40},"end":{"line":307,"column":1}},"line":257},"36":{"name":"(anonymous_36)","decl":{"start":{"line":267,"column":41},"end":{"line":267,"column":42}},"loc":{"start":{"line":267,"column":100},"end":{"line":306,"column":3}},"line":267},"37":{"name":"(anonymous_37)","decl":{"start":{"line":274,"column":63},"end":{"line":274,"column":64}},"loc":{"start":{"line":274,"column":83},"end":{"line":305,"column":5}},"line":274},"38":{"name":"(anonymous_38)","decl":{"start":{"line":281,"column":29},"end":{"line":281,"column":30}},"loc":{"start":{"line":281,"column":44},"end":{"line":304,"column":7}},"line":281},"39":{"name":"(anonymous_39)","decl":{"start":{"line":284,"column":33},"end":{"line":284,"column":34}},"loc":{"start":{"line":284,"column":52},"end":{"line":294,"column":9}},"line":284},"40":{"name":"(anonymous_40)","decl":{"start":{"line":285,"column":70},"end":{"line":285,"column":71}},"loc":{"start":{"line":285,"column":93},"end":{"line":293,"column":11}},"line":285},"41":{"name":"(anonymous_41)","decl":{"start":{"line":300,"column":60},"end":{"line":300,"column":61}},"loc":{"start":{"line":300,"column":87},"end":{"line":303,"column":9}},"line":300},"42":{"name":"(anonymous_42)","decl":{"start":{"line":309,"column":26},"end":{"line":309,"column":27}},"loc":{"start":{"line":309,"column":40},"end":{"line":342,"column":1}},"line":309},"43":{"name":"(anonymous_43)","decl":{"start":{"line":317,"column":37},"end":{"line":317,"column":38}},"loc":{"start":{"line":317,"column":75},"end":{"line":341,"column":3}},"line":317},"44":{"name":"(anonymous_44)","decl":{"start":{"line":320,"column":39},"end":{"line":320,"column":40}},"loc":{"start":{"line":320,"column":77},"end":{"line":340,"column":5}},"line":320},"45":{"name":"(anonymous_45)","decl":{"start":{"line":328,"column":34},"end":{"line":328,"column":35}},"loc":{"start":{"line":328,"column":54},"end":{"line":339,"column":7}},"line":328},"46":{"name":"(anonymous_46)","decl":{"start":{"line":344,"column":23},"end":{"line":344,"column":24}},"loc":{"start":{"line":344,"column":37},"end":{"line":348,"column":1}},"line":344},"47":{"name":"(anonymous_47)","decl":{"start":{"line":350,"column":22},"end":{"line":350,"column":23}},"loc":{"start":{"line":350,"column":36},"end":{"line":374,"column":1}},"line":350},"48":{"name":"(anonymous_48)","decl":{"start":{"line":358,"column":37},"end":{"line":358,"column":38}},"loc":{"start":{"line":358,"column":75},"end":{"line":373,"column":3}},"line":358},"49":{"name":"(anonymous_49)","decl":{"start":{"line":361,"column":39},"end":{"line":361,"column":40}},"loc":{"start":{"line":361,"column":77},"end":{"line":372,"column":5}},"line":361},"50":{"name":"(anonymous_50)","decl":{"start":{"line":367,"column":46},"end":{"line":367,"column":47}},"loc":{"start":{"line":367,"column":61},"end":{"line":371,"column":7}},"line":367}},"branchMap":{"0":{"loc":{"start":{"line":3,"column":31},"end":{"line":3,"column":69}},"type":"binary-expr","locations":[{"start":{"line":3,"column":31},"end":{"line":3,"column":37}},{"start":{"line":3,"column":41},"end":{"line":3,"column":69}}],"line":3},"1":{"loc":{"start":{"line":8,"column":4},"end":{"line":8,"column":50}},"type":"if","locations":[{"start":{"line":8,"column":4},"end":{"line":8,"column":50}},{"start":{},"end":{}}],"line":8},"2":{"loc":{"start":{"line":11,"column":6},"end":{"line":11,"column":52}},"type":"if","locations":[{"start":{"line":11,"column":6},"end":{"line":11,"column":52}},{"start":{},"end":{}}],"line":11},"3":{"loc":{"start":{"line":24,"column":4},"end":{"line":24,"column":42}},"type":"if","locations":[{"start":{"line":24,"column":4},"end":{"line":24,"column":42}},{"start":{},"end":{}}],"line":24},"4":{"loc":{"start":{"line":26,"column":23},"end":{"line":26,"column":66}},"type":"cond-expr","locations":[{"start":{"line":26,"column":37},"end":{"line":26,"column":62}},{"start":{"line":26,"column":65},"end":{"line":26,"column":66}}],"line":26},"5":{"loc":{"start":{"line":27,"column":4},"end":{"line":29,"column":5}},"type":"if","locations":[{"start":{"line":27,"column":4},"end":{"line":29,"column":5}},{"start":{},"end":{}}],"line":27},"6":{"loc":{"start":{"line":32,"column":6},"end":{"line":32,"column":54}},"type":"if","locations":[{"start":{"line":32,"column":6},"end":{"line":32,"column":54}},{"start":{},"end":{}}],"line":32},"7":{"loc":{"start":{"line":34,"column":30},"end":{"line":34,"column":83}},"type":"cond-expr","locations":[{"start":{"line":34,"column":49},"end":{"line":34,"column":79}},{"start":{"line":34,"column":82},"end":{"line":34,"column":83}}],"line":34},"8":{"loc":{"start":{"line":35,"column":6},"end":{"line":37,"column":7}},"type":"if","locations":[{"start":{"line":35,"column":6},"end":{"line":37,"column":7}},{"start":{},"end":{}}],"line":35},"9":{"loc":{"start":{"line":40,"column":8},"end":{"line":40,"column":52}},"type":"if","locations":[{"start":{"line":40,"column":8},"end":{"line":40,"column":52}},{"start":{},"end":{}}],"line":40},"10":{"loc":{"start":{"line":41,"column":8},"end":{"line":43,"column":9}},"type":"if","locations":[{"start":{"line":41,"column":8},"end":{"line":43,"column":9}},{"start":{},"end":{}}],"line":41},"11":{"loc":{"start":{"line":46,"column":10},"end":{"line":46,"column":58}},"type":"if","locations":[{"start":{"line":46,"column":10},"end":{"line":46,"column":58}},{"start":{},"end":{}}],"line":46},"12":{"loc":{"start":{"line":49,"column":12},"end":{"line":49,"column":54}},"type":"if","locations":[{"start":{"line":49,"column":12},"end":{"line":49,"column":54}},{"start":{},"end":{}}],"line":49},"13":{"loc":{"start":{"line":63,"column":2},"end":{"line":65,"column":3}},"type":"if","locations":[{"start":{"line":63,"column":2},"end":{"line":65,"column":3}},{"start":{},"end":{}}],"line":63},"14":{"loc":{"start":{"line":67,"column":2},"end":{"line":69,"column":3}},"type":"if","locations":[{"start":{"line":67,"column":2},"end":{"line":69,"column":3}},{"start":{},"end":{}}],"line":67},"15":{"loc":{"start":{"line":72,"column":4},"end":{"line":72,"column":76}},"type":"if","locations":[{"start":{"line":72,"column":4},"end":{"line":72,"column":76}},{"start":{},"end":{}}],"line":72},"16":{"loc":{"start":{"line":73,"column":4},"end":{"line":75,"column":5}},"type":"if","locations":[{"start":{"line":73,"column":4},"end":{"line":75,"column":5}},{"start":{},"end":{}}],"line":73},"17":{"loc":{"start":{"line":78,"column":6},"end":{"line":78,"column":82}},"type":"if","locations":[{"start":{"line":78,"column":6},"end":{"line":78,"column":82}},{"start":{},"end":{}}],"line":78},"18":{"loc":{"start":{"line":79,"column":6},"end":{"line":83,"column":7}},"type":"if","locations":[{"start":{"line":79,"column":6},"end":{"line":83,"column":7}},{"start":{},"end":{}}],"line":79},"19":{"loc":{"start":{"line":86,"column":8},"end":{"line":86,"column":84}},"type":"if","locations":[{"start":{"line":86,"column":8},"end":{"line":86,"column":84}},{"start":{},"end":{}}],"line":86},"20":{"loc":{"start":{"line":87,"column":8},"end":{"line":91,"column":9}},"type":"if","locations":[{"start":{"line":87,"column":8},"end":{"line":91,"column":9}},{"start":{},"end":{}}],"line":87},"21":{"loc":{"start":{"line":94,"column":10},"end":{"line":94,"column":98}},"type":"if","locations":[{"start":{"line":94,"column":10},"end":{"line":94,"column":98}},{"start":{},"end":{}}],"line":94},"22":{"loc":{"start":{"line":111,"column":2},"end":{"line":113,"column":3}},"type":"if","locations":[{"start":{"line":111,"column":2},"end":{"line":113,"column":3}},{"start":{},"end":{}}],"line":111},"23":{"loc":{"start":{"line":116,"column":4},"end":{"line":116,"column":79}},"type":"if","locations":[{"start":{"line":116,"column":4},"end":{"line":116,"column":79}},{"start":{},"end":{}}],"line":116},"24":{"loc":{"start":{"line":117,"column":4},"end":{"line":119,"column":5}},"type":"if","locations":[{"start":{"line":117,"column":4},"end":{"line":119,"column":5}},{"start":{},"end":{}}],"line":117},"25":{"loc":{"start":{"line":121,"column":4},"end":{"line":123,"column":5}},"type":"if","locations":[{"start":{"line":121,"column":4},"end":{"line":123,"column":5}},{"start":{},"end":{}}],"line":121},"26":{"loc":{"start":{"line":126,"column":6},"end":{"line":126,"column":96}},"type":"if","locations":[{"start":{"line":126,"column":6},"end":{"line":126,"column":96}},{"start":{},"end":{}}],"line":126},"27":{"loc":{"start":{"line":129,"column":8},"end":{"line":129,"column":83}},"type":"if","locations":[{"start":{"line":129,"column":8},"end":{"line":129,"column":83}},{"start":{},"end":{}}],"line":129},"28":{"loc":{"start":{"line":131,"column":8},"end":{"line":142,"column":9}},"type":"if","locations":[{"start":{"line":131,"column":8},"end":{"line":142,"column":9}},{"start":{},"end":{}}],"line":131},"29":{"loc":{"start":{"line":133,"column":12},"end":{"line":135,"column":13}},"type":"if","locations":[{"start":{"line":133,"column":12},"end":{"line":135,"column":13}},{"start":{},"end":{}}],"line":133},"30":{"loc":{"start":{"line":144,"column":63},"end":{"line":144,"column":86}},"type":"binary-expr","locations":[{"start":{"line":144,"column":63},"end":{"line":144,"column":81}},{"start":{"line":144,"column":85},"end":{"line":144,"column":86}}],"line":144},"31":{"loc":{"start":{"line":145,"column":10},"end":{"line":147,"column":11}},"type":"if","locations":[{"start":{"line":145,"column":10},"end":{"line":147,"column":11}},{"start":{},"end":{}}],"line":145},"32":{"loc":{"start":{"line":161,"column":4},"end":{"line":161,"column":89}},"type":"if","locations":[{"start":{"line":161,"column":4},"end":{"line":161,"column":89}},{"start":{},"end":{}}],"line":161},"33":{"loc":{"start":{"line":170,"column":2},"end":{"line":172,"column":3}},"type":"if","locations":[{"start":{"line":170,"column":2},"end":{"line":172,"column":3}},{"start":{},"end":{}}],"line":170},"34":{"loc":{"start":{"line":175,"column":4},"end":{"line":175,"column":79}},"type":"if","locations":[{"start":{"line":175,"column":4},"end":{"line":175,"column":79}},{"start":{},"end":{}}],"line":175},"35":{"loc":{"start":{"line":176,"column":4},"end":{"line":178,"column":5}},"type":"if","locations":[{"start":{"line":176,"column":4},"end":{"line":178,"column":5}},{"start":{},"end":{}}],"line":176},"36":{"loc":{"start":{"line":176,"column":8},"end":{"line":176,"column":65}},"type":"binary-expr","locations":[{"start":{"line":176,"column":8},"end":{"line":176,"column":29}},{"start":{"line":176,"column":33},"end":{"line":176,"column":65}}],"line":176},"37":{"loc":{"start":{"line":181,"column":6},"end":{"line":181,"column":96}},"type":"if","locations":[{"start":{"line":181,"column":6},"end":{"line":181,"column":96}},{"start":{},"end":{}}],"line":181},"38":{"loc":{"start":{"line":193,"column":4},"end":{"line":193,"column":80}},"type":"if","locations":[{"start":{"line":193,"column":4},"end":{"line":193,"column":80}},{"start":{},"end":{}}],"line":193},"39":{"loc":{"start":{"line":202,"column":2},"end":{"line":204,"column":3}},"type":"if","locations":[{"start":{"line":202,"column":2},"end":{"line":204,"column":3}},{"start":{},"end":{}}],"line":202},"40":{"loc":{"start":{"line":207,"column":4},"end":{"line":207,"column":82}},"type":"if","locations":[{"start":{"line":207,"column":4},"end":{"line":207,"column":82}},{"start":{},"end":{}}],"line":207},"41":{"loc":{"start":{"line":208,"column":4},"end":{"line":210,"column":5}},"type":"if","locations":[{"start":{"line":208,"column":4},"end":{"line":210,"column":5}},{"start":{},"end":{}}],"line":208},"42":{"loc":{"start":{"line":208,"column":8},"end":{"line":208,"column":74}},"type":"binary-expr","locations":[{"start":{"line":208,"column":8},"end":{"line":208,"column":39}},{"start":{"line":208,"column":43},"end":{"line":208,"column":74}}],"line":208},"43":{"loc":{"start":{"line":214,"column":6},"end":{"line":214,"column":94}},"type":"if","locations":[{"start":{"line":214,"column":6},"end":{"line":214,"column":94}},{"start":{},"end":{}}],"line":214},"44":{"loc":{"start":{"line":223,"column":16},"end":{"line":223,"column":79}},"type":"cond-expr","locations":[{"start":{"line":223,"column":53},"end":{"line":223,"column":74}},{"start":{"line":223,"column":77},"end":{"line":223,"column":79}}],"line":223},"45":{"loc":{"start":{"line":225,"column":2},"end":{"line":227,"column":3}},"type":"if","locations":[{"start":{"line":225,"column":2},"end":{"line":227,"column":3}},{"start":{},"end":{}}],"line":225},"46":{"loc":{"start":{"line":229,"column":2},"end":{"line":231,"column":3}},"type":"if","locations":[{"start":{"line":229,"column":2},"end":{"line":231,"column":3}},{"start":{},"end":{}}],"line":229},"47":{"loc":{"start":{"line":234,"column":4},"end":{"line":234,"column":82}},"type":"if","locations":[{"start":{"line":234,"column":4},"end":{"line":234,"column":82}},{"start":{},"end":{}}],"line":234},"48":{"loc":{"start":{"line":235,"column":4},"end":{"line":237,"column":5}},"type":"if","locations":[{"start":{"line":235,"column":4},"end":{"line":237,"column":5}},{"start":{},"end":{}}],"line":235},"49":{"loc":{"start":{"line":235,"column":8},"end":{"line":235,"column":74}},"type":"binary-expr","locations":[{"start":{"line":235,"column":8},"end":{"line":235,"column":39}},{"start":{"line":235,"column":43},"end":{"line":235,"column":74}}],"line":235},"50":{"loc":{"start":{"line":241,"column":6},"end":{"line":241,"column":95}},"type":"if","locations":[{"start":{"line":241,"column":6},"end":{"line":241,"column":95}},{"start":{},"end":{}}],"line":241},"51":{"loc":{"start":{"line":263,"column":2},"end":{"line":265,"column":3}},"type":"if","locations":[{"start":{"line":263,"column":2},"end":{"line":265,"column":3}},{"start":{},"end":{}}],"line":263},"52":{"loc":{"start":{"line":263,"column":6},"end":{"line":263,"column":61}},"type":"binary-expr","locations":[{"start":{"line":263,"column":6},"end":{"line":263,"column":32}},{"start":{"line":263,"column":36},"end":{"line":263,"column":61}}],"line":263},"53":{"loc":{"start":{"line":268,"column":4},"end":{"line":268,"column":82}},"type":"if","locations":[{"start":{"line":268,"column":4},"end":{"line":268,"column":82}},{"start":{},"end":{}}],"line":268},"54":{"loc":{"start":{"line":269,"column":4},"end":{"line":271,"column":5}},"type":"if","locations":[{"start":{"line":269,"column":4},"end":{"line":271,"column":5}},{"start":{},"end":{}}],"line":269},"55":{"loc":{"start":{"line":269,"column":8},"end":{"line":269,"column":74}},"type":"binary-expr","locations":[{"start":{"line":269,"column":8},"end":{"line":269,"column":39}},{"start":{"line":269,"column":43},"end":{"line":269,"column":74}}],"line":269},"56":{"loc":{"start":{"line":275,"column":6},"end":{"line":275,"column":78}},"type":"if","locations":[{"start":{"line":275,"column":6},"end":{"line":275,"column":78}},{"start":{},"end":{}}],"line":275},"57":{"loc":{"start":{"line":276,"column":6},"end":{"line":278,"column":7}},"type":"if","locations":[{"start":{"line":276,"column":6},"end":{"line":278,"column":7}},{"start":{},"end":{}}],"line":276},"58":{"loc":{"start":{"line":280,"column":21},"end":{"line":280,"column":98}},"type":"cond-expr","locations":[{"start":{"line":280,"column":33},"end":{"line":280,"column":63}},{"start":{"line":280,"column":66},"end":{"line":280,"column":98}}],"line":280},"59":{"loc":{"start":{"line":282,"column":8},"end":{"line":282,"column":99}},"type":"if","locations":[{"start":{"line":282,"column":8},"end":{"line":282,"column":99}},{"start":{},"end":{}}],"line":282},"60":{"loc":{"start":{"line":286,"column":12},"end":{"line":286,"column":100}},"type":"if","locations":[{"start":{"line":286,"column":12},"end":{"line":286,"column":100}},{"start":{},"end":{}}],"line":286},"61":{"loc":{"start":{"line":296,"column":8},"end":{"line":298,"column":9}},"type":"if","locations":[{"start":{"line":296,"column":8},"end":{"line":298,"column":9}},{"start":{},"end":{}}],"line":296},"62":{"loc":{"start":{"line":301,"column":10},"end":{"line":301,"column":107}},"type":"if","locations":[{"start":{"line":301,"column":10},"end":{"line":301,"column":107}},{"start":{},"end":{}}],"line":301},"63":{"loc":{"start":{"line":313,"column":2},"end":{"line":315,"column":3}},"type":"if","locations":[{"start":{"line":313,"column":2},"end":{"line":315,"column":3}},{"start":{},"end":{}}],"line":313},"64":{"loc":{"start":{"line":318,"column":4},"end":{"line":318,"column":80}},"type":"if","locations":[{"start":{"line":318,"column":4},"end":{"line":318,"column":80}},{"start":{},"end":{}}],"line":318},"65":{"loc":{"start":{"line":321,"column":6},"end":{"line":321,"column":82}},"type":"if","locations":[{"start":{"line":321,"column":6},"end":{"line":321,"column":82}},{"start":{},"end":{}}],"line":321},"66":{"loc":{"start":{"line":323,"column":25},"end":{"line":323,"column":73}},"type":"binary-expr","locations":[{"start":{"line":323,"column":25},"end":{"line":323,"column":47}},{"start":{"line":323,"column":51},"end":{"line":323,"column":73}}],"line":323},"67":{"loc":{"start":{"line":324,"column":6},"end":{"line":326,"column":7}},"type":"if","locations":[{"start":{"line":324,"column":6},"end":{"line":326,"column":7}},{"start":{},"end":{}}],"line":324},"68":{"loc":{"start":{"line":329,"column":8},"end":{"line":329,"column":80}},"type":"if","locations":[{"start":{"line":329,"column":8},"end":{"line":329,"column":80}},{"start":{},"end":{}}],"line":329},"69":{"loc":{"start":{"line":330,"column":8},"end":{"line":332,"column":9}},"type":"if","locations":[{"start":{"line":330,"column":8},"end":{"line":332,"column":9}},{"start":{},"end":{}}],"line":330},"70":{"loc":{"start":{"line":354,"column":2},"end":{"line":356,"column":3}},"type":"if","locations":[{"start":{"line":354,"column":2},"end":{"line":356,"column":3}},{"start":{},"end":{}}],"line":354},"71":{"loc":{"start":{"line":359,"column":4},"end":{"line":359,"column":80}},"type":"if","locations":[{"start":{"line":359,"column":4},"end":{"line":359,"column":80}},{"start":{},"end":{}}],"line":359},"72":{"loc":{"start":{"line":362,"column":6},"end":{"line":362,"column":82}},"type":"if","locations":[{"start":{"line":362,"column":6},"end":{"line":362,"column":82}},{"start":{},"end":{}}],"line":362},"73":{"loc":{"start":{"line":363,"column":6},"end":{"line":365,"column":7}},"type":"if","locations":[{"start":{"line":363,"column":6},"end":{"line":365,"column":7}},{"start":{},"end":{}}],"line":363},"74":{"loc":{"start":{"line":363,"column":10},"end":{"line":363,"column":78}},"type":"binary-expr","locations":[{"start":{"line":363,"column":10},"end":{"line":363,"column":42}},{"start":{"line":363,"column":46},"end":{"line":363,"column":78}}],"line":363},"75":{"loc":{"start":{"line":368,"column":8},"end":{"line":368,"column":90}},"type":"if","locations":[{"start":{"line":368,"column":8},"end":{"line":368,"column":90}},{"start":{},"end":{}}],"line":368}},"s":{"0":2,"1":2,"2":6,"3":2,"4":4,"5":2,"6":3,"7":3,"8":0,"9":3,"10":3,"11":0,"12":3,"13":3,"14":3,"15":2,"16":1,"17":1,"18":1,"19":0,"20":1,"21":1,"22":0,"23":1,"24":1,"25":0,"26":1,"27":1,"28":0,"29":1,"30":1,"31":0,"32":1,"33":0,"34":1,"35":1,"36":0,"37":1,"38":1,"39":0,"40":1,"41":2,"42":1,"43":1,"44":1,"45":0,"46":1,"47":0,"48":1,"49":1,"50":0,"51":1,"52":0,"53":1,"54":1,"55":0,"56":1,"57":0,"58":1,"59":1,"60":0,"61":1,"62":0,"63":1,"64":1,"65":0,"66":1,"67":2,"68":1,"69":1,"70":1,"71":0,"72":1,"73":1,"74":0,"75":1,"76":0,"77":1,"78":0,"79":1,"80":1,"81":0,"82":1,"83":1,"84":0,"85":1,"86":0,"87":0,"88":0,"89":0,"90":1,"91":1,"92":0,"93":1,"94":2,"95":1,"96":1,"97":0,"98":1,"99":2,"100":1,"101":1,"102":1,"103":0,"104":1,"105":1,"106":0,"107":1,"108":0,"109":1,"110":1,"111":0,"112":1,"113":2,"114":1,"115":1,"116":0,"117":1,"118":2,"119":1,"120":1,"121":1,"122":0,"123":1,"124":1,"125":0,"126":1,"127":0,"128":1,"129":1,"130":1,"131":0,"132":1,"133":2,"134":1,"135":1,"136":1,"137":1,"138":0,"139":1,"140":0,"141":1,"142":1,"143":0,"144":1,"145":0,"146":1,"147":1,"148":1,"149":0,"150":1,"151":2,"152":1,"153":1,"154":1,"155":1,"156":1,"157":0,"158":1,"159":1,"160":0,"161":1,"162":0,"163":1,"164":1,"165":1,"166":0,"167":1,"168":0,"169":1,"170":1,"171":1,"172":0,"173":1,"174":1,"175":1,"176":0,"177":1,"178":1,"179":0,"180":1,"181":1,"182":0,"183":1,"184":2,"185":1,"186":1,"187":1,"188":0,"189":1,"190":1,"191":0,"192":1,"193":1,"194":0,"195":1,"196":1,"197":0,"198":1,"199":1,"200":0,"201":1,"202":0,"203":1,"204":2,"205":1,"206":2,"207":1,"208":1,"209":1,"210":0,"211":1,"212":1,"213":0,"214":1,"215":1,"216":0,"217":1,"218":0,"219":1,"220":1,"221":0,"222":1},"f":{"0":6,"1":4,"2":3,"3":3,"4":3,"5":1,"6":1,"7":1,"8":1,"9":1,"10":1,"11":1,"12":1,"13":1,"14":1,"15":1,"16":1,"17":1,"18":1,"19":1,"20":0,"21":1,"22":1,"23":1,"24":1,"25":1,"26":1,"27":1,"28":1,"29":1,"30":1,"31":1,"32":1,"33":1,"34":1,"35":1,"36":1,"37":1,"38":1,"39":1,"40":1,"41":1,"42":1,"43":1,"44":1,"45":1,"46":1,"47":1,"48":1,"49":1,"50":1},"b":{"0":[6,6],"1":[0,3],"2":[0,3],"3":[0,1],"4":[1,0],"5":[0,1],"6":[0,1],"7":[1,0],"8":[0,1],"9":[0,1],"10":[0,1],"11":[0,1],"12":[0,1],"13":[0,1],"14":[0,1],"15":[0,1],"16":[0,1],"17":[0,1],"18":[0,1],"19":[0,1],"20":[0,1],"21":[0,1],"22":[0,1],"23":[0,1],"24":[0,1],"25":[0,1],"26":[0,1],"27":[0,1],"28":[0,1],"29":[0,0],"30":[1,0],"31":[0,1],"32":[0,1],"33":[0,1],"34":[0,1],"35":[0,1],"36":[1,1],"37":[0,1],"38":[0,1],"39":[0,1],"40":[0,1],"41":[0,1],"42":[1,1],"43":[0,1],"44":[1,0],"45":[0,1],"46":[0,1],"47":[0,1],"48":[0,1],"49":[1,1],"50":[0,1],"51":[0,1],"52":[1,1],"53":[0,1],"54":[0,1],"55":[1,1],"56":[0,1],"57":[0,1],"58":[1,0],"59":[0,1],"60":[0,1],"61":[0,1],"62":[0,1],"63":[0,1],"64":[0,1],"65":[0,1],"66":[1,0],"67":[0,1],"68":[0,1],"69":[0,1],"70":[0,1],"71":[0,1],"72":[0,1],"73":[0,1],"74":[1,0],"75":[0,1]},"_coverageSchema":"1a1c01bbd47fc00a2c39e90264f33305004495a9","hash":"080359d18527716b1f9e3c2d7097104d83dafca3"}
,"/Users/hafsajabeen/Documents/software_engineering/Mindhaven/server/controllers/journalController.js": {"path":"/Users/hafsajabeen/Documents/software_engineering/Mindhaven/server/controllers/journalController.js","statementMap":{"0":{"start":{"line":1,"column":16},"end":{"line":1,"column":44}},"1":{"start":{"line":3,"column":0},"end":{"line":23,"column":2}},"2":{"start":{"line":4,"column":17},"end":{"line":4,"column":28}},"3":{"start":{"line":5,"column":36},"end":{"line":5,"column":44}},"4":{"start":{"line":7,"column":2},"end":{"line":9,"column":3}},"5":{"start":{"line":8,"column":4},"end":{"line":8,"column":80}},"6":{"start":{"line":12,"column":2},"end":{"line":22,"column":5}},"7":{"start":{"line":13,"column":4},"end":{"line":16,"column":5}},"8":{"start":{"line":14,"column":6},"end":{"line":14,"column":54}},"9":{"start":{"line":15,"column":6},"end":{"line":15,"column":65}},"10":{"start":{"line":18,"column":4},"end":{"line":21,"column":7}},"11":{"start":{"line":26,"column":0},"end":{"line":47,"column":2}},"12":{"start":{"line":28,"column":17},"end":{"line":28,"column":28}},"13":{"start":{"line":29,"column":20},"end":{"line":29,"column":33}},"14":{"start":{"line":30,"column":35},"end":{"line":30,"column":43}},"15":{"start":{"line":32,"column":2},"end":{"line":46,"column":5}},"16":{"start":{"line":33,"column":4},"end":{"line":33,"column":72}},"17":{"start":{"line":33,"column":13},"end":{"line":33,"column":72}},"18":{"start":{"line":34,"column":4},"end":{"line":34,"column":89}},"19":{"start":{"line":34,"column":27},"end":{"line":34,"column":89}},"20":{"start":{"line":35,"column":4},"end":{"line":36,"column":81}},"21":{"start":{"line":36,"column":6},"end":{"line":36,"column":81}},"22":{"start":{"line":39,"column":2},"end":{"line":45,"column":7}},"23":{"start":{"line":40,"column":6},"end":{"line":43,"column":7}},"24":{"start":{"line":41,"column":8},"end":{"line":41,"column":56}},"25":{"start":{"line":42,"column":8},"end":{"line":42,"column":75}},"26":{"start":{"line":44,"column":6},"end":{"line":44,"column":74}},"27":{"start":{"line":50,"column":0},"end":{"line":68,"column":2}},"28":{"start":{"line":51,"column":17},"end":{"line":51,"column":28}},"29":{"start":{"line":52,"column":20},"end":{"line":52,"column":33}},"30":{"start":{"line":54,"column":0},"end":{"line":67,"column":5}},"31":{"start":{"line":55,"column":4},"end":{"line":55,"column":72}},"32":{"start":{"line":55,"column":13},"end":{"line":55,"column":72}},"33":{"start":{"line":56,"column":4},"end":{"line":56,"column":89}},"34":{"start":{"line":56,"column":27},"end":{"line":56,"column":89}},"35":{"start":{"line":57,"column":4},"end":{"line":58,"column":81}},"36":{"start":{"line":58,"column":6},"end":{"line":58,"column":81}},"37":{"start":{"line":60,"column":4},"end":{"line":66,"column":7}},"38":{"start":{"line":61,"column":6},"end":{"line":64,"column":7}},"39":{"start":{"line":62,"column":8},"end":{"line":62,"column":56}},"40":{"start":{"line":63,"column":8},"end":{"line":63,"column":75}},"41":{"start":{"line":65,"column":6},"end":{"line":65,"column":77}},"42":{"start":{"line":71,"column":0},"end":{"line":84,"column":2}},"43":{"start":{"line":72,"column":17},"end":{"line":72,"column":28}},"44":{"start":{"line":73,"column":2},"end":{"line":83,"column":5}},"45":{"start":{"line":74,"column":4},"end":{"line":77,"column":5}},"46":{"start":{"line":75,"column":6},"end":{"line":75,"column":53}},"47":{"start":{"line":76,"column":6},"end":{"line":76,"column":65}},"48":{"start":{"line":78,"column":21},"end":{"line":81,"column":7}},"49":{"start":{"line":78,"column":44},"end":{"line":81,"column":5}},"50":{"start":{"line":80,"column":80},"end":{"line":80,"column":88}},"51":{"start":{"line":82,"column":4},"end":{"line":82,"column":39}},"52":{"start":{"line":86,"column":2},"end":{"line":95,"column":4}},"53":{"start":{"line":87,"column":19},"end":{"line":87,"column":30}},"54":{"start":{"line":88,"column":22},"end":{"line":88,"column":35}},"55":{"start":{"line":89,"column":4},"end":{"line":94,"column":7}},"56":{"start":{"line":90,"column":6},"end":{"line":90,"column":74}},"57":{"start":{"line":90,"column":15},"end":{"line":90,"column":74}},"58":{"start":{"line":91,"column":6},"end":{"line":91,"column":82}},"59":{"start":{"line":91,"column":20},"end":{"line":91,"column":82}},"60":{"start":{"line":92,"column":6},"end":{"line":92,"column":113}},"61":{"start":{"line":92,"column":38},"end":{"line":92,"column":113}},"62":{"start":{"line":93,"column":6},"end":{"line":93,"column":40}}},"fnMap":{"0":{"name":"(anonymous_0)","decl":{"start":{"line":3,"column":24},"end":{"line":3,"column":25}},"loc":{"start":{"line":3,"column":38},"end":{"line":23,"column":1}},"line":3},"1":{"name":"(anonymous_1)","decl":{"start":{"line":12,"column":55},"end":{"line":12,"column":56}},"loc":{"start":{"line":12,"column":72},"end":{"line":22,"column":3}},"line":12},"2":{"name":"(anonymous_2)","decl":{"start":{"line":26,"column":24},"end":{"line":26,"column":25}},"loc":{"start":{"line":26,"column":38},"end":{"line":47,"column":1}},"line":26},"3":{"name":"(anonymous_3)","decl":{"start":{"line":32,"column":36},"end":{"line":32,"column":37}},"loc":{"start":{"line":32,"column":51},"end":{"line":46,"column":3}},"line":32},"4":{"name":"(anonymous_4)","decl":{"start":{"line":39,"column":57},"end":{"line":39,"column":58}},"loc":{"start":{"line":39,"column":74},"end":{"line":45,"column":5}},"line":39},"5":{"name":"(anonymous_5)","decl":{"start":{"line":50,"column":24},"end":{"line":50,"column":25}},"loc":{"start":{"line":50,"column":38},"end":{"line":68,"column":1}},"line":50},"6":{"name":"(anonymous_6)","decl":{"start":{"line":54,"column":34},"end":{"line":54,"column":35}},"loc":{"start":{"line":54,"column":49},"end":{"line":67,"column":3}},"line":54},"7":{"name":"(anonymous_7)","decl":{"start":{"line":60,"column":37},"end":{"line":60,"column":38}},"loc":{"start":{"line":60,"column":46},"end":{"line":66,"column":5}},"line":60},"8":{"name":"(anonymous_8)","decl":{"start":{"line":71,"column":30},"end":{"line":71,"column":31}},"loc":{"start":{"line":71,"column":44},"end":{"line":84,"column":1}},"line":71},"9":{"name":"(anonymous_9)","decl":{"start":{"line":73,"column":38},"end":{"line":73,"column":39}},"loc":{"start":{"line":73,"column":55},"end":{"line":83,"column":3}},"line":73},"10":{"name":"(anonymous_10)","decl":{"start":{"line":78,"column":32},"end":{"line":78,"column":33}},"loc":{"start":{"line":78,"column":44},"end":{"line":81,"column":5}},"line":78},"11":{"name":"(anonymous_11)","decl":{"start":{"line":80,"column":75},"end":{"line":80,"column":76}},"loc":{"start":{"line":80,"column":80},"end":{"line":80,"column":88}},"line":80},"12":{"name":"(anonymous_12)","decl":{"start":{"line":86,"column":27},"end":{"line":86,"column":28}},"loc":{"start":{"line":86,"column":41},"end":{"line":95,"column":3}},"line":86},"13":{"name":"(anonymous_13)","decl":{"start":{"line":89,"column":38},"end":{"line":89,"column":39}},"loc":{"start":{"line":89,"column":56},"end":{"line":94,"column":5}},"line":89}},"branchMap":{"0":{"loc":{"start":{"line":7,"column":2},"end":{"line":9,"column":3}},"type":"if","locations":[{"start":{"line":7,"column":2},"end":{"line":9,"column":3}},{"start":{},"end":{}}],"line":7},"1":{"loc":{"start":{"line":7,"column":6},"end":{"line":7,"column":24}},"type":"binary-expr","locations":[{"start":{"line":7,"column":6},"end":{"line":7,"column":12}},{"start":{"line":7,"column":16},"end":{"line":7,"column":24}}],"line":7},"2":{"loc":{"start":{"line":13,"column":4},"end":{"line":16,"column":5}},"type":"if","locations":[{"start":{"line":13,"column":4},"end":{"line":16,"column":5}},{"start":{},"end":{}}],"line":13},"3":{"loc":{"start":{"line":33,"column":4},"end":{"line":33,"column":72}},"type":"if","locations":[{"start":{"line":33,"column":4},"end":{"line":33,"column":72}},{"start":{},"end":{}}],"line":33},"4":{"loc":{"start":{"line":34,"column":4},"end":{"line":34,"column":89}},"type":"if","locations":[{"start":{"line":34,"column":4},"end":{"line":34,"column":89}},{"start":{},"end":{}}],"line":34},"5":{"loc":{"start":{"line":35,"column":4},"end":{"line":36,"column":81}},"type":"if","locations":[{"start":{"line":35,"column":4},"end":{"line":36,"column":81}},{"start":{},"end":{}}],"line":35},"6":{"loc":{"start":{"line":40,"column":6},"end":{"line":43,"column":7}},"type":"if","locations":[{"start":{"line":40,"column":6},"end":{"line":43,"column":7}},{"start":{},"end":{}}],"line":40},"7":{"loc":{"start":{"line":55,"column":4},"end":{"line":55,"column":72}},"type":"if","locations":[{"start":{"line":55,"column":4},"end":{"line":55,"column":72}},{"start":{},"end":{}}],"line":55},"8":{"loc":{"start":{"line":56,"column":4},"end":{"line":56,"column":89}},"type":"if","locations":[{"start":{"line":56,"column":4},"end":{"line":56,"column":89}},{"start":{},"end":{}}],"line":56},"9":{"loc":{"start":{"line":57,"column":4},"end":{"line":58,"column":81}},"type":"if","locations":[{"start":{"line":57,"column":4},"end":{"line":58,"column":81}},{"start":{},"end":{}}],"line":57},"10":{"loc":{"start":{"line":61,"column":6},"end":{"line":64,"column":7}},"type":"if","locations":[{"start":{"line":61,"column":6},"end":{"line":64,"column":7}},{"start":{},"end":{}}],"line":61},"11":{"loc":{"start":{"line":74,"column":4},"end":{"line":77,"column":5}},"type":"if","locations":[{"start":{"line":74,"column":4},"end":{"line":77,"column":5}},{"start":{},"end":{}}],"line":74},"12":{"loc":{"start":{"line":80,"column":12},"end":{"line":80,"column":155}},"type":"cond-expr","locations":[{"start":{"line":80,"column":47},"end":{"line":80,"column":105}},{"start":{"line":80,"column":108},"end":{"line":80,"column":155}}],"line":80},"13":{"loc":{"start":{"line":80,"column":108},"end":{"line":80,"column":155}},"type":"cond-expr","locations":[{"start":{"line":80,"column":138},"end":{"line":80,"column":150}},{"start":{"line":80,"column":153},"end":{"line":80,"column":155}}],"line":80},"14":{"loc":{"start":{"line":90,"column":6},"end":{"line":90,"column":74}},"type":"if","locations":[{"start":{"line":90,"column":6},"end":{"line":90,"column":74}},{"start":{},"end":{}}],"line":90},"15":{"loc":{"start":{"line":91,"column":6},"end":{"line":91,"column":82}},"type":"if","locations":[{"start":{"line":91,"column":6},"end":{"line":91,"column":82}},{"start":{},"end":{}}],"line":91},"16":{"loc":{"start":{"line":92,"column":6},"end":{"line":92,"column":113}},"type":"if","locations":[{"start":{"line":92,"column":6},"end":{"line":92,"column":113}},{"start":{},"end":{}}],"line":92}},"s":{"0":1,"1":1,"2":0,"3":0,"4":0,"5":0,"6":0,"7":0,"8":0,"9":0,"10":0,"11":1,"12":0,"13":0,"14":0,"15":0,"16":0,"17":0,"18":0,"19":0,"20":0,"21":0,"22":0,"23":0,"24":0,"25":0,"26":0,"27":1,"28":0,"29":0,"30":0,"31":0,"32":0,"33":0,"34":0,"35":0,"36":0,"37":0,"38":0,"39":0,"40":0,"41":0,"42":1,"43":0,"44":0,"45":0,"46":0,"47":0,"48":0,"49":0,"50":0,"51":0,"52":1,"53":0,"54":0,"55":0,"56":0,"57":0,"58":0,"59":0,"60":0,"61":0,"62":0},"f":{"0":0,"1":0,"2":0,"3":0,"4":0,"5":0,"6":0,"7":0,"8":0,"9":0,"10":0,"11":0,"12":0,"13":0},"b":{"0":[0,0],"1":[0,0],"2":[0,0],"3":[0,0],"4":[0,0],"5":[0,0],"6":[0,0],"7":[0,0],"8":[0,0],"9":[0,0],"10":[0,0],"11":[0,0],"12":[0,0],"13":[0,0],"14":[0,0],"15":[0,0],"16":[0,0]},"_coverageSchema":"1a1c01bbd47fc00a2c39e90264f33305004495a9","hash":"3b59ed40bf9b5edf3f9d2455edfad890e827c91a"}
,"/Users/hafsajabeen/Documents/software_engineering/Mindhaven/server/controllers/tagController.js": {"path":"/Users/hafsajabeen/Documents/software_engineering/Mindhaven/server/controllers/tagController.js","statementMap":{"0":{"start":{"line":1,"column":11},"end":{"line":1,"column":40}},"1":{"start":{"line":2,"column":69},"end":{"line":2,"column":93}},"2":{"start":{"line":4,"column":0},"end":{"line":27,"column":2}},"3":{"start":{"line":5,"column":17},"end":{"line":5,"column":28}},"4":{"start":{"line":7,"column":23},"end":{"line":7,"column":69}},"5":{"start":{"line":9,"column":14},"end":{"line":12,"column":3}},"6":{"start":{"line":14,"column":2},"end":{"line":26,"column":5}},"7":{"start":{"line":15,"column":4},"end":{"line":18,"column":5}},"8":{"start":{"line":16,"column":6},"end":{"line":16,"column":50}},"9":{"start":{"line":17,"column":6},"end":{"line":17,"column":78}},"10":{"start":{"line":20,"column":18},"end":{"line":20,"column":36}},"11":{"start":{"line":22,"column":4},"end":{"line":25,"column":7}},"12":{"start":{"line":29,"column":0},"end":{"line":37,"column":2}},"13":{"start":{"line":30,"column":15},"end":{"line":30,"column":29}},"14":{"start":{"line":31,"column":13},"end":{"line":31,"column":15}},"15":{"start":{"line":32,"column":2},"end":{"line":35,"column":69}},"16":{"start":{"line":32,"column":27},"end":{"line":32,"column":48}},"17":{"start":{"line":33,"column":7},"end":{"line":35,"column":69}},"18":{"start":{"line":33,"column":32},"end":{"line":33,"column":53}},"19":{"start":{"line":34,"column":7},"end":{"line":35,"column":69}},"20":{"start":{"line":34,"column":31},"end":{"line":34,"column":51}},"21":{"start":{"line":35,"column":7},"end":{"line":35,"column":69}},"22":{"start":{"line":36,"column":2},"end":{"line":36,"column":33}}},"fnMap":{"0":{"name":"(anonymous_0)","decl":{"start":{"line":4,"column":23},"end":{"line":4,"column":24}},"loc":{"start":{"line":4,"column":37},"end":{"line":27,"column":1}},"line":4},"1":{"name":"(anonymous_1)","decl":{"start":{"line":14,"column":40},"end":{"line":14,"column":41}},"loc":{"start":{"line":14,"column":55},"end":{"line":26,"column":3}},"line":14},"2":{"name":"(anonymous_2)","decl":{"start":{"line":29,"column":24},"end":{"line":29,"column":25}},"loc":{"start":{"line":29,"column":38},"end":{"line":37,"column":1}},"line":29}},"branchMap":{"0":{"loc":{"start":{"line":15,"column":4},"end":{"line":18,"column":5}},"type":"if","locations":[{"start":{"line":15,"column":4},"end":{"line":18,"column":5}},{"start":{},"end":{}}],"line":15},"1":{"loc":{"start":{"line":32,"column":2},"end":{"line":35,"column":69}},"type":"if","locations":[{"start":{"line":32,"column":2},"end":{"line":35,"column":69}},{"start":{"line":33,"column":7},"end":{"line":35,"column":69}}],"line":32},"2":{"loc":{"start":{"line":33,"column":7},"end":{"line":35,"column":69}},"type":"if","locations":[{"start":{"line":33,"column":7},"end":{"line":35,"column":69}},{"start":{"line":34,"column":7},"end":{"line":35,"column":69}}],"line":33},"3":{"loc":{"start":{"line":34,"column":7},"end":{"line":35,"column":69}},"type":"if","locations":[{"start":{"line":34,"column":7},"end":{"line":35,"column":69}},{"start":{"line":35,"column":7},"end":{"line":35,"column":69}}],"line":34}},"s":{"0":2,"1":2,"2":2,"3":0,"4":0,"5":0,"6":0,"7":0,"8":0,"9":0,"10":0,"11":0,"12":2,"13":0,"14":0,"15":0,"16":0,"17":0,"18":0,"19":0,"20":0,"21":0,"22":0},"f":{"0":0,"1":0,"2":0},"b":{"0":[0,0],"1":[0,0],"2":[0,0],"3":[0,0]},"_coverageSchema":"1a1c01bbd47fc00a2c39e90264f33305004495a9","hash":"e01c2814b34d51f1940964dab6805a4ce8d78d62"}
[...]
umn":5}},"3":{"start":{"line":9,"column":4},"end":{"line":9,"column":60}},"4":{"start":{"line":13,"column":16},"end":{"line":17,"column":5}},"5":{"start":{"line":18,"column":4},"end":{"line":18,"column":56}},"6":{"start":{"line":22,"column":16},"end":{"line":23,"column":38}},"7":{"start":{"line":24,"column":4},"end":{"line":24,"column":34}},"8":{"start":{"line":28,"column":14},"end":{"line":28,"column":57}},"9":{"start":{"line":29,"column":2},"end":{"line":29,"column":39}},"10":{"start":{"line":34,"column":4},"end":{"line":38,"column":6}},"11":{"start":{"line":42,"column":16},"end":{"line":42,"column":109}},"12":{"start":{"line":43,"column":4},"end":{"line":49,"column":7}},"13":{"start":{"line":44,"column":6},"end":{"line":44,"column":36}},"14":{"start":{"line":44,"column":15},"end":{"line":44,"column":36}},"15":{"start":{"line":45,"column":6},"end":{"line":45,"column":55}},"16":{"start":{"line":45,"column":27},"end":{"line":45,"column":55}},"17":{"start":{"line":46,"column":22},"end":{"line":46,"column":32}},"18":{"start":{"line":47,"column":6},"end":{"line":47,"column":165}},"19":{"start":{"line":47,"column":89},"end":{"line":47,"column":97}},"20":{"start":{"line":48,"column":6},"end":{"line":48,"column":30}},"21":{"start":{"line":54,"column":0},"end":{"line":54,"column":25}}},"fnMap":{"0":{"name":"(anonymous_0)","decl":{"start":{"line":4,"column":17},"end":{"line":4,"column":18}},"loc":{"start":{"line":4,"column":61},"end":{"line":10,"column":3}},"line":4},"1":{"name":"(anonymous_1)","decl":{"start":{"line":12,"column":19},"end":{"line":12,"column":20}},"loc":{"start":{"line":12,"column":59},"end":{"line":19,"column":3}},"line":12},"2":{"name":"(anonymous_2)","decl":{"start":{"line":21,"column":19},"end":{"line":21,"column":20}},"loc":{"start":{"line":21,"column":37},"end":{"line":25,"column":3}},"line":21},"3":{"name":"(anonymous_3)","decl":{"start":{"line":27,"column":18},"end":{"line":27,"column":19}},"loc":{"start":{"line":27,"column":43},"end":{"line":30,"column":3}},"line":27},"4":{"name":"(anonymous_4)","decl":{"start":{"line":33,"column":23},"end":{"line":33,"column":24}},"loc":{"start":{"line":33,"column":45},"end":{"line":39,"column":3}},"line":33},"5":{"name":"(anonymous_5)","decl":{"start":{"line":41,"column":18},"end":{"line":41,"column":19}},"loc":{"start":{"line":41,"column":43},"end":{"line":50,"column":3}},"line":41},"6":{"name":"(anonymous_6)","decl":{"start":{"line":43,"column":31},"end":{"line":43,"column":32}},"loc":{"start":{"line":43,"column":49},"end":{"line":49,"column":5}},"line":43},"7":{"name":"(anonymous_7)","decl":{"start":{"line":47,"column":84},"end":{"line":47,"column":85}},"loc":{"start":{"line":47,"column":89},"end":{"line":47,"column":97}},"line":47}},"branchMap":{"0":{"loc":{"start":{"line":44,"column":6},"end":{"line":44,"column":36}},"type":"if","locations":[{"start":{"line":44,"column":6},"end":{"line":44,"column":36}},{"start":{},"end":{}}],"line":44},"1":{"loc":{"start":{"line":45,"column":6},"end":{"line":45,"column":55}},"type":"if","locations":[{"start":{"line":45,"column":6},"end":{"line":45,"column":55}},{"start":{},"end":{}}],"line":45},"2":{"loc":{"start":{"line":47,"column":21},"end":{"line":47,"column":164}},"type":"cond-expr","locations":[{"start":{"line":47,"column":56},"end":{"line":47,"column":114}},{"start":{"line":47,"column":117},"end":{"line":47,"column":164}}],"line":47},"3":{"loc":{"start":{"line":47,"column":117},"end":{"line":47,"column":164}},"type":"cond-expr","locations":[{"start":{"line":47,"column":147},"end":{"line":47,"column":159}},{"start":{"line":47,"column":162},"end":{"line":47,"column":164}}],"line":47}},"s":{"0":1,"1":1,"2":0,"3":0,"4":0,"5":0,"6":0,"7":0,"8":0,"9":0,"10":0,"11":0,"12":0,"13":0,"14":0,"15":0,"16":0,"17":0,"18":0,"19":0,"20":0,"21":1},"f":{"0":0,"1":0,"2":0,"3":0,"4":0,"5":0,"6":0,"7":0},"b":{"0":[0,0],"1":[0,0],"2":[0,0],"3":[0,0]},"_coverageSchema":"1a1c01bbd47fc00a2c39e90264f33305004495a9","hash":"3ffc9e4142a52d31162a466d7a81a58b6484cc3c"}
,"/Users/hafsajabeen/Documents/software_engineering/Mindhaven/server/models/tag.js": {"path":"/Users/hafsajabeen/Documents/software_engineering/Mindhaven/server/models/tag.js","statementMap":{"0":{"start":{"line":1,"column":11},"end":{"line":1,"column":40}},"1":{"start":{"line":2,"column":22},"end":{"line":6,"column":1}},"2":{"start":{"line":8,"column":22},"end":{"line":12,"column":1}},"3":{"start":{"line":14,"column":21},"end":{"line":16,"column":1}},"4":{"start":{"line":19,"column":2},"end":{"line":19,"column":53}},"5":{"start":{"line":19,"column":35},"end":{"line":19,"column":53}},"6":{"start":{"line":20,"column":2},"end":{"line":20,"column":53}},"7":{"start":{"line":20,"column":35},"end":{"line":20,"column":53}},"8":{"start":{"line":21,"column":2},"end":{"line":21,"column":51}},"9":{"start":{"line":21,"column":34},"end":{"line":21,"column":51}},"10":{"start":{"line":22,"column":2},"end":{"line":22,"column":19}},"11":{"start":{"line":26,"column":17},"end":{"line":26,"column":18}},"12":{"start":{"line":26,"column":31},"end":{"line":26,"column":32}},"13":{"start":{"line":26,"column":44},"end":{"line":26,"column":45}},"14":{"start":{"line":28,"column":2},"end":{"line":33,"column":5}},"15":{"start":{"line":29,"column":17},"end":{"line":29,"column":37}},"16":{"start":{"line":30,"column":4},"end":{"line":30,"column":40}},"17":{"start":{"line":30,"column":29},"end":{"line":30,"column":40}},"18":{"start":{"line":31,"column":4},"end":{"line":31,"column":40}},"19":{"start":{"line":31,"column":29},"end":{"line":31,"column":40}},"20":{"start":{"line":32,"column":4},"end":{"line":32,"column":38}},"21":{"start":{"line":32,"column":28},"end":{"line":32,"column":38}},"22":{"start":{"line":35,"column":16},"end":{"line":35,"column":31}},"23":{"start":{"line":37,"column":2},"end":{"line":37,"column":59}},"24":{"start":{"line":37,"column":19},"end":{"line":37,"column":59}},"25":{"start":{"line":39,"column":2},"end":{"line":44,"column":3}},"26":{"start":{"line":40,"column":4},"end":{"line":43,"column":6}},"27":{"start":{"line":46,"column":2},"end":{"line":51,"column":3}},"28":{"start":{"line":47,"column":4},"end":{"line":50,"column":6}},"29":{"start":{"line":53,"column":2},"end":{"line":56,"column":4}},"30":{"start":{"line":59,"column":0},"end":{"line":65,"column":2}}},"fnMap":{"0":{"name":"classifyMood","decl":{"start":{"line":18,"column":9},"end":{"line":18,"column":21}},"loc":{"start":{"line":18,"column":27},"end":{"line":23,"column":1}},"line":18},"1":{"name":"analyzeTrend","decl":{"start":{"line":25,"column":9},"end":{"line":25,"column":21}},"loc":{"start":{"line":25,"column":32},"end":{"line":57,"column":1}},"line":25},"2":{"name":"(anonymous_2)","decl":{"start":{"line":28,"column":19},"end":{"line":28,"column":20}},"loc":{"start":{"line":28,"column":24},"end":{"line":33,"column":3}},"line":28}},"branchMap":{"0":{"loc":{"start":{"line":19,"column":2},"end":{"line":19,"column":53}},"type":"if","locations":[{"start":{"line":19,"column":2},"end":{"line":19,"column":53}},{"start":{},"end":{}}],"line":19},"1":{"loc":{"start":{"line":20,"column":2},"end":{"line":20,"column":53}},"type":"if","locations":[{"start":{"line":20,"column":2},"end":{"line":20,"column":53}},{"start":{},"end":{}}],"line":20},"2":{"loc":{"start":{"line":21,"column":2},"end":{"line":21,"column":51}},"type":"if","locations":[{"start":{"line":21,"column":2},"end":{"line":21,"column":51}},{"start":{},"end":{}}],"line":21},"3":{"loc":{"start":{"line":30,"column":4},"end":{"line":30,"column":40}},"type":"if","locations":[{"start":{"line":30,"column":4},"end":{"line":30,"column":40}},{"start":{},"end":{}}],"line":30},"4":{"loc":{"start":{"line":31,"column":4},"end":{"line":31,"column":40}},"type":"if","locations":[{"start":{"line":31,"column":4},"end":{"line":31,"column":40}},{"start":{},"end":{}}],"line":31},"5":{"loc":{"start":{"line":32,"column":4},"end":{"line":32,"column":38}},"type":"if","locations":[{"start":{"line":32,"column":4},"end":{"line":32,"column":38}},{"start":{},"end":{}}],"line":32},"6":{"loc":{"start":{"line":37,"column":2},"end":{"line":37,"column":59}},"type":"if","locations":[{"start":{"line":37,"column":2},"end":{"line":37,"column":59}},{"start":{},"end":{}}],"line":37},"7":{"loc":{"start":{"line":39,"column":2},"end":{"line":44,"column":3}},"type":"if","locations":[{"start":{"line":39,"column":2},"end":{"line":44,"column":3}},{"start":{},"end":{}}],"line":39},"8":{"loc":{"start":{"line":46,"column":2},"end":{"line":51,"column":3}},"type":"if","locations":[{"start":{"line":46,"column":2},"end":{"line":51,"column":3}},{"start":{},"end":{}}],"line":46}},"s":{"0":2,"1":2,"2":2,"3":2,"4":0,"5":0,"6":0,"7":0,"8":0,"9":0,"10":0,"11":0,"12":0,"13":0,"14":0,"15":0,"16":0,"17":0,"18":0,"19":0,"20":0,"21":0,"22":0,"23":0,"24":0,"25":0,"26":0,"27":0,"28":0,"29":0,"30":2},"f":{"0":0,"1":0,"2":0},"b":{"0":[0,0],"1":[0,0],"2":[0,0],"3":[0,0],"4":[0,0],"5":[0,0],"6":[0,0],"7":[0,0],"8":[0,0]},"_coverageSchema":"1a1c01bbd47fc00a2c39e90264f33305004495a9","hash":"029ae73b278b684a97cd70c2663b96478ef9ff18"}
,"/Users/hafsajabeen/Documents/software_engineering/Mindhaven/server/models/user.js": {"path":"/Users/hafsajabeen/Documents/software_engineering/Mindhaven/server/models/user.js","statementMap":{"0":{"start":{"line":1,"column":11},"end":{"line":1,"column":40}},"1":{"start":{"line":3,"column":13},"end":{"line":53,"column":1}},"2":{"start":{"line":6,"column":18},"end":{"line":6,"column":112}},"3":{"start":{"line":7,"column":6},"end":{"line":7,"column":58}},"4":{"start":{"line":11,"column":18},"end":{"line":11,"column":65}},"5":{"start":{"line":12,"column":6},"end":{"line":12,"column":39}},"6":{"start":{"line":16,"column":18},"end":{"line":16,"column":65}},"7":{"start":{"line":17,"column":6},"end":{"line":17,"column":40}},"8":{"start":{"line":20,"column":4},"end":{"line":24,"column":6}},"9":{"start":{"line":28,"column":4},"end":{"line":32,"column":6}},"10":{"start":{"line":36,"column":4},"end":{"line":40,"column":6}},"11":{"start":{"line":44,"column":14},"end":{"line":44,"column":49}},"12":{"start":{"line":45,"column":2},"end":{"line":45,"column":36}},"13":{"start":{"line":49,"column":14},"end":{"line":49,"column":46}},"14":{"start":{"line":50,"column":2},"end":{"line":50,"column":36}},"15":{"start":{"line":55,"column":0},"end":{"line":55,"column":22}}},"fnMap":{"0":{"name":"(anonymous_0)","decl":{"start":{"line":5,"column":17},"end":{"line":5,"column":18}},"loc":{"start":{"line":5,"column":57},"end":{"line":8,"column":5}},"line":5},"1":{"name":"(anonymous_1)","decl":{"start":{"line":10,"column":17},"end":{"line":10,"column":18}},"loc":{"start":{"line":10,"column":38},"end":{"line":13,"column":5}},"line":10},"2":{"name":"(anonymous_2)","decl":{"start":{"line":15,"column":20},"end":{"line":15,"column":21}},"loc":{"start":{"line":15,"column":42},"end":{"line":18,"column":5}},"line":15},"3":{"name":"(anonymous_3)","decl":{"start":{"line":19,"column":12},"end":{"line":19,"column":13}},"loc":{"start":{"line":19,"column":30},"end":{"line":25,"column":3}},"line":19},"4":{"name":"(anonymous_4)","decl":{"start":{"line":27,"column":10},"end":{"line":27,"column":11}},"loc":{"start":{"line":27,"column":69},"end":{"line":33,"column":3}},"line":27},"5":{"name":"(anonymous_5)","decl":{"start":{"line":35,"column":15},"end":{"line":35,"column":16}},"loc":{"start":{"line":35,"column":37},"end":{"line":41,"column":3}},"line":35},"6":{"name":"(anonymous_6)","decl":{"start":{"line":43,"column":22},"end":{"line":43,"column":23}},"loc":{"start":{"line":43,"column":44},"end":{"line":46,"column":1}},"line":43},"7":{"name":"(anonymous_7)","decl":{"start":{"line":48,"column":13},"end":{"line":48,"column":14}},"loc":{"start":{"line":48,"column":35},"end":{"line":51,"column":1}},"line":48}},"branchMap":{},"s":{"0":2,"1":2,"2":0,"3":0,"4":0,"5":0,"6":0,"7":0,"8":0,"9":0,"10":0,"11":0,"12":0,"13":0,"14":0,"15":2},"f":{"0":0,"1":0,"2":0,"3":0,"4":0,"5":0,"6":0,"7":0},"b":{},"_coverageSchema":"1a1c01bbd47fc00a2c39e90264f33305004495a9","hash":"fb94452a98d1ecd7d9697ffc2046cc5ca4bf1a7b"}
,"/Users/hafsajabeen/Documents/software_engineering/Mindhaven/server/routes/authRoutes.js": {"path":"/Users/hafsajabeen/Documents/software_engineering/Mindhaven/server/routes/authRoutes.js","statementMap":{"0":{"start":{"line":1,"column":12},"end":{"line":1,"column":30}},"1":{"start":{"line":2,"column":15},"end":{"line":2,"column":27}},"2":{"start":{"line":3,"column":23},"end":{"line":3,"column":63}},"3":{"start":{"line":4,"column":15},"end":{"line":4,"column":56}},"4":{"start":{"line":6,"column":0},"end":{"line":6,"column":54}},"5":{"start":{"line":7,"column":0},"end":{"line":7,"column":48}},"6":{"start":{"line":9,"column":24},"end":{"line":9,"column":63}},"7":{"start":{"line":11,"column":0},"end":{"line":11,"column":67}},"8":{"start":{"line":12,"column":0},"end":{"line":12,"column":61}},"9":{"start":{"line":13,"column":0},"end":{"line":13,"column":107}},"10":{"start":{"line":14,"column":0},"end":{"line":16,"column":3}},"11":{"start":{"line":15,"column":2},"end":{"line":15,"column":81}},"12":{"start":{"line":18,"column":0},"end":{"line":18,"column":24}}},"fnMap":{"0":{"name":"(anonymous_0)","decl":{"start":{"line":14,"column":36},"end":{"line":14,"column":37}},"loc":{"start":{"line":14,"column":50},"end":{"line":16,"column":1}},"line":14}},"branchMap":{},"s":{"0":1,"1":1,"2":1,"3":1,"4":1,"5":1,"6":1,"7":1,"8":1,"9":1,"10":1,"11":0,"12":1},"f":{"0":0},"b":{},"_coverageSchema":"1a1c01bbd47fc00a2c39e90264f33305004495a9","hash":"28ee9f33540366c25e2f9387a38bc3d4d7b8f004"}
,"/Users/hafsajabeen/Documents/software_engineering/Mindhaven/server/routes/buddyRoutes.js": {"path":"/Users/hafsajabeen/Documents/software_engineering/Mindhaven/server/routes/buddyRoutes.js","statementMap":{"0":{"start":{"line":1,"column":16},"end":{"line":1,"column":34}},"1":{"start":{"line":2,"column":15},"end":{"line":2,"column":31}},"2":{"start":{"line":3,"column":24},"end":{"line":3,"column":63}},"3":{"start":{"line":4,"column":24},"end":{"line":4,"column":65}},"4":{"start":{"line":6,"column":0},"end":{"line":6,"column":60}},"5":{"start":{"line":7,"column":0},"end":{"line":7,"column":58}},"6":{"start":{"line":8,"column":0},"end":{"line":8,"column":73}},"7":{"start":{"line":9,"column":0},"end":{"line":9,"column":69}},"8":{"start":{"line":10,"column":0},"end":{"line":10,"column":69}},"9":{"start":{"line":11,"column":0},"end":{"line":11,"column":81}},"10":{"start":{"line":12,"column":0},"end":{"line":12,"column":65}},"11":{"start":{"line":13,"column":0},"end":{"line":13,"column":75}},"12":{"start":{"line":14,"column":0},"end":{"line":14,"column":78}},"13":{"start":{"line":15,"column":0},"end":{"line":15,"column":65}},"14":{"start":{"line":16,"column":0},"end":{"line":16,"column":64}},"15":{"start":{"line":18,"column":0},"end":{"line":18,"column":24}}},"fnMap":{},"branchMap":{},"s":{"0":1,"1":1,"2":1,"3":1,"4":1,"5":1,"6":1,"7":1,"8":1,"9":1,"10":1,"11":1,"12":1,"13":1,"14":1,"15":1},"f":{},"b":{},"_coverageSchema":"1a1c01bbd47fc00a2c39e90264f33305004495a9","hash":"453b7fe43332abf29ab20e07314a69cdf52047fb"}
,"/Users/hafsajabeen/Documents/software_engineering/Mindhaven/server/routes/journalRoutes.js": {"path":"/Users/hafsajabeen/Documents/software_engineering/Mindhaven/server/routes/journalRoutes.js","statementMap":{"0":{"start":{"line":2,"column":16},"end":{"line":2,"column":34}},"1":{"start":{"line":3,"column":15},"end":{"line":3,"column":31}},"2":{"start":{"line":4,"column":24},"end":{"line":4,"column":63}},"3":{"start":{"line":5,"column":93},"end":{"line":5,"column":136}},"4":{"start":{"line":8,"column":0},"end":{"line":8,"column":51}},"5":{"start":{"line":9,"column":0},"end":{"line":9,"column":54}},"6":{"start":{"line":10,"column":0},"end":{"line":10,"column":57}},"7":{"start":{"line":11,"column":0},"end":{"line":11,"column":54}},"8":{"start":{"line":13,"column":0},"end":{"line":13,"column":48}},"9":{"start":{"line":15,"column":0},"end":{"line":15,"column":24}}},"fnMap":{},"branchMap":{},"s":{"0":1,"1":1,"2":1,"3":1,"4":1,"5":1,"6":1,"7":1,"8":1,"9":1},"f":{},"b":{},"_coverageSchema":"1a1c01bbd47fc00a2c39e90264f33305004495a9","hash":"53c8e02081777b859e01f76c4f987c51ca178699"}
,"/Users/hafsajabeen/Documents/software_engineering/Mindhaven/server/routes/tagRoutes.js": {"path":"/Users/hafsajabeen/Documents/software_engineering/Mindhaven/server/routes/tagRoutes.js","statementMap":{"0":{"start":{"line":1,"column":16},"end":{"line":1,"column":34}},"1":{"start":{"line":2,"column":15},"end":{"line":2,"column":31}},"2":{"start":{"line":3,"column":24},"end":{"line":3,"column":63}},"3":{"start":{"line":4,"column":22},"end":{"line":4,"column":61}},"4":{"start":{"line":7,"column":0},"end":{"line":7,"column":62}},"5":{"start":{"line":8,"column":0},"end":{"line":8,"column":45}},"6":{"start":{"line":10,"column":0},"end":{"line":10,"column":24}}},"fnMap":{},"branchMap":{},"s":{"0":1,"1":1,"2":1,"3":1,"4":1,"5":1,"6":1},"f":{},"b":{},"_coverageSchema":"1a1c01bbd47fc00a2c39e90264f33305004495a9","hash":"f47a0c8c83fdfddd3f65f55fa643678b7b86882a"}
,"/Users/hafsajabeen/Documents/software_engineering/Mindhaven/server/routes/testRoutes.js": {"path":"/Users/hafsajabeen/Documents/software_engineering/Mindhaven/server/routes/testRoutes.js","statementMap":{"0":{"start":{"line":1,"column":16},"end":{"line":1,"column":34}},"1":{"start":{"line":2,"column":15},"end":{"line":2,"column":31}},"2":{"start":{"line":3,"column":23},"end":{"line":3,"column":63}},"3":{"start":{"line":5,"column":0},"end":{"line":5,"column":47}},"4":{"start":{"line":7,"column":0},"end":{"line":7,"column":24}}},"fnMap":{},"branchMap":{},"s":{"0":1,"1":1,"2":1,"3":1,"4":1},"f":{},"b":{},"_coverageSchema":"1a1c01bbd47fc00a2c39e90264f33305004495a9","hash":"56480d6bb338c21c852350c77085a96a34e78c3a"}
,"/Users/hafsajabeen/Documents/software_engineering/Mindhaven/server/routes/userRoutes.js": {"path":"/Users/hafsajabeen/Documents/software_engineering/Mindhaven/server/routes/userRoutes.js","statementMap":{"0":{"start":{"line":1,"column":16},"end":{"line":1,"column":34}},"1":{"start":{"line":2,"column":15},"end":{"line":2,"column":31}},"2":{"start":{"line":3,"column":24},"end":{"line":3,"column":63}},"3":{"start":{"line":4,"column":23},"end":{"line":4,"column":63}},"4":{"start":{"line":5,"column":15},"end":{"line":5,"column":56}},"5":{"start":{"line":8,"column":0},"end":{"line":8,"column":63}},"6":{"start":{"line":9,"column":0},"end":{"line":9,"column":66}},"7":{"start":{"line":10,"column":0},"end":{"line":10,"column":77}},"8":{"start":{"line":11,"column":0},"end":{"line":11,"column":68}},"9":{"start":{"line":15,"column":0},"end":{"line":20,"column":2}},"10":{"start":{"line":22,"column":0},"end":{"line":22,"column":24}}},"fnMap":{},"branchMap":{},"s":{"0":1,"1":1,"2":1,"3":1,"4":1,"5":1,"6":1,"7":1,"8":1,"9":1,"10":1},"f":{},"b":{},"_coverageSchema":"1a1c01bbd47fc00a2c39e90264f33305004495a9","hash":"5001cc1f7a10aae85dcad55e5d393217fd83d3f3"}
,"/Users/hafsajabeen/Documents/software_engineering/Mindhaven/server/utils/emailService.js": {"path":"/Users/hafsajabeen/Documents/software_engineering/Mindhaven/server/utils/emailService.js","statementMap":{"0":{"start":{"line":2,"column":19},"end":{"line":2,"column":40}},"1":{"start":{"line":3,"column":0},"end":{"line":3,"column":27}},"2":{"start":{"line":5,"column":20},"end":{"line":11,"column":2}},"3":{"start":{"line":14,"column":20},"end":{"line":14,"column":72}},"4":{"start":{"line":16,"column":22},"end":{"line":31,"column":3}},"5":{"start":{"line":33,"column":2},"end":{"line":33,"column":43}},"6":{"start":{"line":36,"column":0},"end":{"line":36,"column":36}}},"fnMap":{"0":{"name":"sendResetEmail","decl":{"start":{"line":13,"column":9},"end":{"line":13,"column":23}},"loc":{"start":{"line":13,"column":45},"end":{"line":34,"column":1}},"line":13}},"branchMap":{},"s":{"0":1,"1":1,"2":1,"3":0,"4":0,"5":0,"6":1},"f":{"0":0},"b":{},"_coverageSchema":"1a1c01bbd47fc00a2c39e90264f33305004495a9","hash":"a54d38626800fc8aab03f3d572dd1a0fe6d36d50"}
}
