TN:
SF:index.js
FN:37,(anonymous_0)
FN:44,(anonymous_1)
FNF:2
FNH:0
FNDA:0,(anonymous_0)
FNDA:0,(anonymous_1)
DA:1,1
DA:2,1
DA:3,1
DA:4,1
DA:5,1
DA:6,1
DA:7,1
DA:8,1
DA:9,1
DA:12,1
DA:14,1
DA:15,1
DA:16,1
DA:19,1
DA:22,1
DA:25,1
DA:26,1
DA:27,1
DA:28,1
DA:29,1
DA:30,1
DA:31,1
DA:32,1
DA:37,1
DA:38,0
DA:42,1
DA:43,0
DA:44,0
DA:45,0
DA:49,1
LF:30
LH:26
BRDA:42,0,0,0
BRDA:42,0,1,1
BRDA:43,1,0,0
BRDA:43,1,1,0
BRF:4
BRH:1
end_of_record
TN:
SF:config/database.js
FN:22,(anonymous_0)
FNF:1
FNH:0
FNDA:0,(anonymous_0)
DA:1,3
DA:2,3
DA:3,3
DA:5,3
DA:19,3
DA:21,3
DA:22,0
DA:23,0
DA:24,0
DA:25,0
DA:27,0
DA:32,3
LF:12
LH:7
BRDA:21,0,0,0
BRDA:21,0,1,3
BRDA:23,1,0,0
BRDA:23,1,1,0
BRF:4
BRH:1
end_of_record
TN:
SF:controllers/aiController.js
FN:6,(anonymous_0)
FNF:1
FNH:1
FNDA:2,(anonymous_0)
DA:1,2
DA:4,2
DA:6,2
DA:7,2
DA:9,2
DA:10,1
DA:13,1
DA:14,1
DA:16,1
DA:22,0
DA:23,0
LF:11
LH:9
BRDA:7,0,0,2
BRDA:7,0,1,0
BRDA:9,1,0,1
BRDA:9,1,1,1
BRDA:9,2,0,2
BRDA:9,2,1,2
BRDA:22,3,0,0
BRDA:22,3,1,0
BRDA:24,4,0,0
BRDA:24,4,1,0
BRF:10
BRH:5
end_of_record
TN:
SF:controllers/authController.js
FN:11,(anonymous_0)
FN:17,(anonymous_1)
FN:35,(anonymous_2)
FN:44,(anonymous_3)
FN:88,(anonymous_4)
FN:92,(anonymous_5)
FN:101,(anonymous_6)
FN:102,(anonymous_7)
FN:106,(anonymous_8)
FN:109,(anonymous_9)
FN:119,(anonymous_10)
FN:124,(anonymous_11)
FN:134,(anonymous_12)
FN:137,(anonymous_13)
FN:144,(anonymous_14)
FN:149,(anonymous_15)
FN:153,(anonymous_16)
FNF:17
FNH:2
FNDA:1,(anonymous_0)
FNDA:1,(anonymous_1)
FNDA:0,(anonymous_2)
FNDA:0,(anonymous_3)
FNDA:0,(anonymous_4)
FNDA:0,(anonymous_5)
FNDA:0,(anonymous_6)
FNDA:0,(anonymous_7)
FNDA:0,(anonymous_8)
FNDA:0,(anonymous_9)
FNDA:0,(anonymous_10)
FNDA:0,(anonymous_11)
FNDA:0,(anonymous_12)
FNDA:0,(anonymous_13)
FNDA:0,(anonymous_14)
FNDA:0,(anonymous_15)
FNDA:0,(anonymous_16)
DA:1,1
DA:2,1
DA:3,1
DA:4,1
DA:5,1
DA:6,1
DA:7,1
DA:11,1
DA:12,1
DA:15,1
DA:17,1
DA:18,1
DA:19,0
DA:21,0
DA:22,0
DA:26,0
DA:28,1
DA:29,1
DA:35,1
DA:36,0
DA:39,0
DA:40,0
DA:44,0
DA:45,0
DA:46,0
DA:47,0
DA:51,0
DA:52,0
DA:55,0
DA:59,0
DA:61,0
DA:62,0
DA:66,0
DA:73,0
DA:88,1
DA:89,0
DA:90,0
DA:92,0
DA:93,0
DA:94,0
DA:95,0
DA:97,0
DA:98,0
DA:99,0
DA:101,0
DA:102,0
DA:103,0
DA:105,0
DA:107,0
DA:110,0
DA:111,0
DA:119,1
DA:120,0
DA:121,0
DA:122,0
DA:124,0
DA:125,0
DA:126,0
DA:127,0
DA:129,0
DA:130,0
DA:131,0
DA:133,0
DA:134,0
DA:135,0
DA:137,0
DA:138,0
DA:144,1
DA:145,0
DA:146,0
DA:147,0
DA:149,0
DA:150,0
DA:151,0
DA:153,0
DA:154,0
DA:155,0
DA:156,0
DA:158,0
LF:79
LH:18
BRDA:18,0,0,0
BRDA:18,0,1,1
BRDA:19,1,0,0
BRDA:19,1,1,0
BRDA:21,2,0,0
BRDA:21,2,1,0
BRDA:39,3,0,0
BRDA:39,3,1,0
BRDA:39,4,0,0
BRDA:39,4,1,0
BRDA:45,5,0,0
BRDA:45,5,1,0
BRDA:51,6,0,0
BRDA:51,6,1,0
BRDA:61,7,0,0
BRDA:61,7,1,0
BRDA:69,8,0,0
BRDA:69,8,1,0
BRDA:90,9,0,0
BRDA:90,9,1,0
BRDA:93,10,0,0
BRDA:93,10,1,0
BRDA:94,11,0,0
BRDA:94,11,1,0
BRDA:103,12,0,0
BRDA:103,12,1,0
BRDA:121,13,0,0
BRDA:121,13,1,0
BRDA:121,14,0,0
BRDA:121,14,1,0
BRDA:125,15,0,0
BRDA:125,15,1,0
BRDA:126,16,0,0
BRDA:126,16,1,0
BRDA:130,17,0,0
BRDA:130,17,1,0
BRDA:135,18,0,0
BRDA:135,18,1,0
BRDA:147,19,0,0
BRDA:147,19,1,0
BRDA:150,20,0,0
BRDA:150,20,1,0
BRDA:151,21,0,0
BRDA:151,21,1,0
BRDA:154,22,0,0
BRDA:154,22,1,0
BRF:46
BRH:1
end_of_record
TN:
SF:controllers/buddyController.js
FN:4,(anonymous_0)
FN:5,(anonymous_1)
FN:7,(anonymous_2)
FN:8,(anonymous_3)
FN:10,(anonymous_4)
FN:11,(anonymous_5)
FN:20,(anonymous_6)
FN:21,(anonymous_7)
FN:30,(anonymous_8)
FN:31,(anonymous_9)
FN:40,(anonymous_10)
FN:51,(anonymous_11)
FN:52,(anonymous_12)
FN:55,(anonymous_13)
FN:65,(anonymous_14)
FN:66,(anonymous_15)
FN:72,(anonymous_16)
FN:73,(anonymous_17)
FN:84,(anonymous_18)
FN:89,(anonymous_19)
FN:95,(anonymous_20)
FN:103,(anonymous_21)
FN:111,(anonymous_22)
FN:125,(anonymous_23)
FN:141,(anonymous_24)
FN:146,(anonymous_25)
FN:156,(anonymous_26)
FN:159,(anonymous_27)
FN:163,(anonymous_28)
FN:175,(anonymous_29)
FN:190,(anonymous_30)
FN:191,(anonymous_31)
FN:197,(anonymous_32)
FN:202,(anonymous_33)
FN:203,(anonymous_34)
FN:214,(anonymous_35)
FN:219,(anonymous_36)
FN:220,(anonymous_37)
FN:231,(anonymous_38)
FN:232,(anonymous_39)
FN:235,(anonymous_40)
FN:247,(anonymous_41)
FN:252,(anonymous_42)
FN:253,(anonymous_43)
FN:260,(anonymous_44)
FN:270,(anonymous_45)
FN:271,(anonymous_46)
FN:288,(anonymous_47)
FN:298,(anonymous_48)
FN:299,(anonymous_49)
FN:306,(anonymous_50)
FN:309,(anonymous_51)
FN:310,(anonymous_52)
FN:326,(anonymous_53)
FN:335,(anonymous_54)
FN:340,(anonymous_55)
FN:341,(anonymous_56)
FN:351,(anonymous_57)
FN:357,(anonymous_58)
FN:362,(anonymous_59)
FN:363,(anonymous_60)
FNF:61
FNH:55
FNDA:4,(anonymous_0)
FNDA:4,(anonymous_1)
FNDA:4,(anonymous_2)
FNDA:0,(anonymous_3)
FNDA:2,(anonymous_4)
FNDA:2,(anonymous_5)
FNDA:1,(anonymous_6)
FNDA:1,(anonymous_7)
FNDA:2,(anonymous_8)
FNDA:2,(anonymous_9)
FNDA:7,(anonymous_10)
FNDA:6,(anonymous_11)
FNDA:6,(anonymous_12)
FNDA:6,(anonymous_13)
FNDA:2,(anonymous_14)
FNDA:2,(anonymous_15)
FNDA:4,(anonymous_16)
FNDA:4,(anonymous_17)
FNDA:1,(anonymous_18)
FNDA:1,(anonymous_19)
FNDA:1,(anonymous_20)
FNDA:1,(anonymous_21)
FNDA:1,(anonymous_22)
FNDA:0,(anonymous_23)
FNDA:1,(anonymous_24)
FNDA:1,(anonymous_25)
FNDA:1,(anonymous_26)
FNDA:1,(anonymous_27)
FNDA:0,(anonymous_28)
FNDA:1,(anonymous_29)
FNDA:1,(anonymous_30)
FNDA:1,(anonymous_31)
FNDA:1,(anonymous_32)
FNDA:1,(anonymous_33)
FNDA:1,(anonymous_34)
FNDA:0,(anonymous_35)
FNDA:0,(anonymous_36)
FNDA:0,(anonymous_37)
FNDA:1,(anonymous_38)
FNDA:1,(anonymous_39)
FNDA:2,(anonymous_40)
FNDA:2,(anonymous_41)
FNDA:2,(anonymous_42)
FNDA:2,(anonymous_43)
FNDA:1,(anonymous_44)
FNDA:1,(anonymous_45)
FNDA:1,(anonymous_46)
FNDA:1,(anonymous_47)
FNDA:1,(anonymous_48)
FNDA:1,(anonymous_49)
FNDA:1,(anonymous_50)
FNDA:1,(anonymous_51)
FNDA:1,(anonymous_52)
FNDA:1,(anonymous_53)
FNDA:1,(anonymous_54)
FNDA:1,(anonymous_55)
FNDA:1,(anonymous_56)
FNDA:1,(anonymous_57)
FNDA:1,(anonymous_58)
FNDA:1,(anonymous_59)
FNDA:1,(anonymous_60)
DA:1,2
DA:2,2
DA:4,4
DA:5,2
DA:6,4
DA:7,4
DA:8,2
DA:10,2
DA:11,2
DA:12,2
DA:13,2
DA:14,0
DA:16,2
DA:20,2
DA:21,1
DA:22,1
DA:23,1
DA:24,0
DA:26,1
DA:30,2
DA:31,2
DA:32,2
DA:33,2
DA:34,0
DA:36,2
DA:40,2
DA:41,7
DA:43,7
DA:44,0
DA:45,0
DA:48,7
DA:51,2
DA:52,6
DA:53,6
DA:55,6
DA:56,6
DA:58,6
DA:59,6
DA:60,6
DA:65,2
DA:66,2
DA:67,2
DA:68,2
DA:72,2
DA:73,4
DA:74,4
DA:75,4
DA:76,0
DA:79,4
DA:80,4
DA:84,2
DA:85,1
DA:86,1
DA:87,1
DA:89,1
DA:90,1
DA:91,1
DA:92,0
DA:95,1
DA:96,1
DA:97,1
DA:98,0
DA:103,1
DA:104,1
DA:105,1
DA:106,0
DA:111,1
DA:112,1
DA:114,1
DA:124,1
DA:125,0
DA:126,0
DA:127,0
DA:128,0
DA:130,0
DA:134,1
DA:135,0
DA:138,1
DA:141,2
DA:142,1
DA:143,1
DA:144,1
DA:146,1
DA:147,1
DA:148,1
DA:149,0
DA:152,1
DA:153,0
DA:156,1
DA:157,1
DA:159,1
DA:160,1
DA:162,1
DA:163,0
DA:164,0
DA:165,0
DA:168,0
DA:175,1
DA:176,1
DA:177,0
DA:180,1
DA:190,2
DA:191,1
DA:192,1
DA:193,1
DA:197,2
DA:198,1
DA:199,1
DA:200,1
DA:202,1
DA:203,1
DA:204,1
DA:206,1
DA:214,2
DA:215,0
DA:216,0
DA:217,0
DA:219,0
DA:220,0
DA:221,0
DA:223,0
DA:231,2
DA:232,1
DA:233,1
DA:234,1
DA:235,1
DA:236,2
DA:237,2
DA:238,2
DA:239,2
DA:240,2
DA:243,1
DA:247,2
DA:248,2
DA:249,2
DA:250,2
DA:252,2
DA:253,2
DA:254,2
DA:255,2
DA:260,2
DA:261,1
DA:262,1
DA:263,1
DA:264,1
DA:266,1
DA:267,0
DA:270,1
DA:271,1
DA:272,1
DA:274,1
DA:288,2
DA:289,1
DA:290,1
DA:291,1
DA:292,1
DA:294,1
DA:295,0
DA:298,1
DA:299,1
DA:300,1
DA:301,1
DA:302,0
DA:305,1
DA:306,1
DA:307,1
DA:309,1
DA:310,1
DA:311,1
DA:313,1
DA:321,1
DA:327,1
DA:328,1
DA:335,2
DA:336,1
DA:337,1
DA:338,1
DA:340,1
DA:341,1
DA:342,1
DA:351,2
DA:352,1
DA:357,2
DA:358,1
DA:359,1
DA:360,1
DA:362,1
DA:363,1
DA:364,1
DA:366,1
LF:190
LH:158
BRDA:4,0,0,4
BRDA:4,0,1,4
BRDA:6,1,0,4
BRDA:6,1,1,0
BRDA:12,2,0,0
BRDA:12,2,1,2
BRDA:13,3,0,0
BRDA:13,3,1,2
BRDA:22,4,0,0
BRDA:22,4,1,1
BRDA:23,5,0,0
BRDA:23,5,1,1
BRDA:23,6,0,1
BRDA:23,6,1,1
BRDA:32,7,0,0
BRDA:32,7,1,2
BRDA:33,8,0,0
BRDA:33,8,1,2
BRDA:43,9,0,0
BRDA:43,9,1,7
BRDA:53,10,0,0
BRDA:53,10,1,6
BRDA:56,11,0,0
BRDA:56,11,1,6
BRDA:67,12,0,0
BRDA:67,12,1,2
BRDA:68,13,0,2
BRDA:68,13,1,0
BRDA:74,14,0,0
BRDA:74,14,1,4
BRDA:75,15,0,0
BRDA:75,15,1,4
BRDA:86,16,0,0
BRDA:86,16,1,1
BRDA:91,17,0,0
BRDA:91,17,1,1
BRDA:96,18,0,0
BRDA:96,18,1,1
BRDA:97,19,0,0
BRDA:97,19,1,1
BRDA:104,20,0,0
BRDA:104,20,1,1
BRDA:105,21,0,0
BRDA:105,21,1,1
BRDA:112,22,0,0
BRDA:112,22,1,1
BRDA:124,23,0,0
BRDA:124,23,1,1
BRDA:126,24,0,0
BRDA:126,24,1,0
BRDA:127,25,0,0
BRDA:127,25,1,0
BRDA:134,26,0,0
BRDA:134,26,1,1
BRDA:144,27,0,0
BRDA:144,27,1,1
BRDA:147,28,0,0
BRDA:147,28,1,1
BRDA:148,29,0,0
BRDA:148,29,1,1
BRDA:152,30,0,0
BRDA:152,30,1,1
BRDA:157,31,0,0
BRDA:157,31,1,1
BRDA:160,32,0,0
BRDA:160,32,1,1
BRDA:162,33,0,0
BRDA:162,33,1,1
BRDA:164,34,0,0
BRDA:164,34,1,0
BRDA:175,35,0,1
BRDA:175,35,1,0
BRDA:176,36,0,0
BRDA:176,36,1,1
BRDA:192,37,0,0
BRDA:192,37,1,1
BRDA:200,38,0,0
BRDA:200,38,1,1
BRDA:204,39,0,0
BRDA:204,39,1,1
BRDA:217,40,0,0
BRDA:217,40,1,0
BRDA:221,41,0,0
BRDA:221,41,1,0
BRDA:233,42,0,0
BRDA:233,42,1,1
BRDA:235,43,0,1
BRDA:235,43,1,0
BRDA:237,44,0,0
BRDA:237,44,1,2
BRDA:239,45,0,2
BRDA:239,45,1,0
BRDA:239,46,0,2
BRDA:239,46,1,0
BRDA:239,47,0,0
BRDA:239,47,1,0
BRDA:239,48,0,0
BRDA:239,48,1,0
BRDA:250,49,0,0
BRDA:250,49,1,2
BRDA:254,50,0,0
BRDA:254,50,1,2
BRDA:263,51,0,1
BRDA:263,51,1,0
BRDA:264,52,0,0
BRDA:264,52,1,1
BRDA:266,53,0,0
BRDA:266,53,1,1
BRDA:272,54,0,0
BRDA:272,54,1,1
BRDA:294,55,0,0
BRDA:294,55,1,1
BRDA:294,56,0,1
BRDA:294,56,1,1
BRDA:300,57,0,0
BRDA:300,57,1,1
BRDA:301,58,0,0
BRDA:301,58,1,1
BRDA:305,59,0,1
BRDA:305,59,1,0
BRDA:307,60,0,0
BRDA:307,60,1,1
BRDA:311,61,0,0
BRDA:311,61,1,1
BRDA:327,62,0,0
BRDA:327,62,1,1
BRDA:338,63,0,0
BRDA:338,63,1,1
BRDA:360,64,0,0
BRDA:360,64,1,1
BRDA:364,65,0,0
BRDA:364,65,1,1
BRF:132
BRH:62
end_of_record
TN:
SF:controllers/journalController.js
FN:3,(anonymous_0)
FN:4,(anonymous_1)
FN:14,(anonymous_2)
FN:23,(anonymous_3)
FN:37,(anonymous_4)
FN:43,(anonymous_5)
FN:44,(anonymous_6)
FN:55,(anonymous_7)
FN:59,(anonymous_8)
FN:60,(anonymous_9)
FN:71,(anonymous_10)
FN:73,(anonymous_11)
FN:78,(anonymous_12)
FN:80,(anonymous_13)
FN:86,(anonymous_14)
FN:89,(anonymous_15)
FNF:16
FNH:0
FNDA:0,(anonymous_0)
FNDA:0,(anonymous_1)
FNDA:0,(anonymous_2)
FNDA:0,(anonymous_3)
FNDA:0,(anonymous_4)
FNDA:0,(anonymous_5)
FNDA:0,(anonymous_6)
FNDA:0,(anonymous_7)
FNDA:0,(anonymous_8)
FNDA:0,(anonymous_9)
FNDA:0,(anonymous_10)
FNDA:0,(anonymous_11)
FNDA:0,(anonymous_12)
FNDA:0,(anonymous_13)
FNDA:0,(anonymous_14)
FNDA:0,(anonymous_15)
DA:1,1
DA:3,1
DA:4,0
DA:5,0
DA:6,0
DA:7,0
DA:8,0
DA:10,0
DA:14,1
DA:15,0
DA:16,0
DA:18,0
DA:19,0
DA:23,0
DA:24,0
DA:25,0
DA:26,0
DA:29,0
DA:37,1
DA:39,0
DA:40,0
DA:41,0
DA:43,0
DA:44,0
DA:45,0
DA:46,0
DA:47,0
DA:49,0
DA:55,1
DA:56,0
DA:57,0
DA:59,0
DA:60,0
DA:61,0
DA:62,0
DA:63,0
DA:65,0
DA:71,1
DA:72,0
DA:73,0
DA:74,0
DA:75,0
DA:76,0
DA:78,0
DA:80,0
DA:82,0
DA:86,1
DA:87,0
DA:88,0
DA:89,0
DA:90,0
DA:91,0
DA:92,0
DA:93,0
LF:54
LH:7
BRDA:5,0,0,0
BRDA:5,0,1,0
BRDA:6,1,0,0
BRDA:6,1,1,0
BRDA:7,2,0,0
BRDA:7,2,1,0
BRDA:18,3,0,0
BRDA:18,3,1,0
BRDA:18,4,0,0
BRDA:18,4,1,0
BRDA:24,5,0,0
BRDA:24,5,1,0
BRDA:45,6,0,0
BRDA:45,6,1,0
BRDA:61,7,0,0
BRDA:61,7,1,0
BRDA:74,8,0,0
BRDA:74,8,1,0
BRDA:80,9,0,0
BRDA:80,9,1,0
BRDA:80,10,0,0
BRDA:80,10,1,0
BRDA:90,11,0,0
BRDA:90,11,1,0
BRDA:91,12,0,0
BRDA:91,12,1,0
BRDA:92,13,0,0
BRDA:92,13,1,0
BRF:28
BRH:0
end_of_record
TN:
SF:controllers/tagController.js
FN:4,(anonymous_0)
FN:14,(anonymous_1)
FN:29,(anonymous_2)
FNF:3
FNH:0
FNDA:0,(anonymous_0)
FNDA:0,(anonymous_1)
FNDA:0,(anonymous_2)
DA:1,2
DA:2,2
DA:4,2
DA:5,0
DA:7,0
DA:9,0
DA:14,0
DA:15,0
DA:16,0
DA:17,0
DA:20,0
DA:22,0
DA:29,2
DA:30,0
DA:31,0
DA:32,0
DA:33,0
DA:34,0
DA:35,0
DA:36,0
LF:20
LH:4
BRDA:15,0,0,0
BRDA:15,0,1,0
BRDA:32,1,0,0
BRDA:32,1,1,0
BRDA:33,2,0,0
BRDA:33,2,1,0
BRDA:34,3,0,0
BRDA:34,3,1,0
BRF:8
BRH:0
end_of_record
TN:
SF:controllers/testController.js
FN:2,(anonymous_0)
FNF:1
FNH:0
FNDA:0,(anonymous_0)
DA:2,1
DA:3,0
DA:4,0
LF:3
LH:1
BRF:0
BRH:0
end_of_record
TN:
SF:controllers/userController.js
FN:4,(anonymous_0)
FN:9,(anonymous_1)
FN:17,(anonymous_2)
FN:22,(anonymous_3)
FN:32,(anonymous_4)
FN:40,(anonymous_5)
FN:46,(anonymous_6)
FN:53,(anonymous_7)
FN:62,(anonymous_8)
FN:71,(anonymous_9)
FN:74,(anonymous_10)
FN:88,(anonymous_11)
FNF:12
FNH:2
FNDA:1,(anonymous_0)
FNDA:1,(anonymous_1)
FNDA:0,(anonymous_2)
FNDA:0,(anonymous_3)
FNDA:0,(anonymous_4)
FNDA:0,(anonymous_5)
FNDA:0,(anonymous_6)
FNDA:0,(anonymous_7)
FNDA:0,(anonymous_8)
FNDA:0,(anonymous_9)
FNDA:0,(anonymous_10)
FNDA:0,(anonymous_11)
DA:1,2
DA:2,2
DA:4,2
DA:5,1
DA:6,1
DA:9,1
DA:10,1
DA:11,1
DA:12,1
DA:17,2
DA:18,0
DA:19,0
DA:21,0
DA:22,0
DA:23,0
DA:24,0
DA:25,0
DA:28,0
DA:32,0
DA:33,0
DA:34,0
DA:40,2
DA:41,0
DA:42,0
DA:43,0
DA:46,0
DA:47,0
DA:48,0
DA:53,2
DA:54,0
DA:55,0
DA:57,0
DA:58,0
DA:61,0
DA:62,0
DA:63,0
DA:64,0
DA:71,2
DA:72,0
DA:74,0
DA:75,0
DA:76,0
DA:77,0
DA:80,0
DA:81,0
DA:83,0
DA:84,0
DA:88,0
DA:89,0
DA:90,0
DA:91,0
DA:94,0
LF:52
LH:13
BRDA:10,0,0,0
BRDA:10,0,1,1
BRDA:11,1,0,0
BRDA:11,1,1,1
BRDA:23,2,0,0
BRDA:23,2,1,0
BRDA:24,3,0,0
BRDA:24,3,1,0
BRDA:33,4,0,0
BRDA:33,4,1,0
BRDA:47,5,0,0
BRDA:47,5,1,0
BRDA:55,6,0,0
BRDA:55,6,1,0
BRDA:57,7,0,0
BRDA:57,7,1,0
BRDA:63,8,0,0
BRDA:63,8,1,0
BRDA:75,9,0,0
BRDA:75,9,1,0
BRDA:80,10,0,0
BRDA:80,10,1,0
BRDA:83,11,0,0
BRDA:83,11,1,0
BRDA:89,12,0,0
BRDA:89,12,1,0
BRF:26
BRH:2
end_of_record
TN:
SF:middleware/authMiddleware
FN:3,(anonymous_0)
FN:12,(anonymous_1)
FNF:2
FNH:0
FNDA:0,(anonymous_0)
FNDA:0,(anonymous_1)
DA:1,1
DA:3,1
DA:4,0
DA:7,0
DA:8,0
DA:9,0
DA:12,0
DA:13,0
DA:14,0
DA:16,0
DA:17,0
LF:11
LH:2
BRDA:7,0,0,0
BRDA:7,0,1,0
BRDA:8,1,0,0
BRDA:8,1,1,0
BRDA:13,2,0,0
BRDA:13,2,1,0
BRF:6
BRH:0
end_of_record
TN:
SF:middleware/uploadMiddleware.js
FN:5,(anonymous_0)
FN:8,(anonymous_1)
FN:15,(anonymous_2)
FNF:3
FNH:0
FNDA:0,(anonymous_0)
FNDA:0,(anonymous_1)
FNDA:0,(anonymous_2)
DA:1,1
DA:2,1
DA:4,1
DA:6,0
DA:9,0
DA:13,1
DA:16,0
DA:17,0
DA:18,0
DA:19,0
DA:20,0
DA:22,0
DA:27,1
LF:13
LH:5
BRDA:19,0,0,0
BRDA:19,0,1,0
BRDA:19,1,0,0
BRDA:19,1,1,0
BRF:4
BRH:0
end_of_record
TN:
SF:models/buddy.js
FN:4,(anonymous_0)
FN:12,(anonymous_1)
FN:20,(anonymous_2)
FN:28,(anonymous_3)
FN:35,(anonymous_4)
FN:43,(anonymous_5)
FN:50,(anonymous_6)
FN:80,(anonymous_7)
FN:110,(anonymous_8)
FN:134,(anonymous_9)
FN:141,(anonymous_10)
FN:149,(anonymous_11)
FN:157,(anonymous_12)
FN:164,(anonymous_13)
FN:172,(anonymous_14)
FN:188,(anonymous_15)
FN:196,(anonymous_16)
FN:204,(anonymous_17)
FN:212,(anonymous_18)
FN:219,(anonymous_19)
FN:226,(anonymous_20)
FNF:21
FNH:3
FNDA:1,(anonymous_0)
FNDA:0,(anonymous_1)
FNDA:0,(anonymous_2)
FNDA:1,(anonymous_3)
FNDA:0,(anonymous_4)
FNDA:0,(anonymous_5)
FNDA:0,(anonymous_6)
FNDA:0,(anonymous_7)
FNDA:0,(anonymous_8)
FNDA:0,(anonymous_9)
FNDA:0,(anonymous_10)
FNDA:0,(anonymous_11)
FNDA:0,(anonymous_12)
FNDA:0,(anonymous_13)
FNDA:0,(anonymous_14)
FNDA:1,(anonymous_15)
FNDA:0,(anonymous_16)
FNDA:0,(anonymous_17)
FNDA:0,(anonymous_18)
FNDA:0,(anonymous_19)
FNDA:0,(anonymous_20)
DA:1,2
DA:3,2
DA:5,1
DA:9,1
DA:13,0
DA:17,0
DA:21,0
DA:25,0
DA:29,1
DA:32,1
DA:36,0
DA:40,0
DA:44,0
DA:47,0
DA:51,0
DA:77,0
DA:81,0
DA:107,0
DA:111,0
DA:112,0
DA:131,0
DA:135,0
DA:138,0
DA:142,0
DA:146,0
DA:150,0
DA:154,0
DA:158,0
DA:161,0
DA:165,0
DA:169,0
DA:173,0
DA:185,0
DA:189,1
DA:193,1
DA:197,0
DA:201,0
DA:205,0
DA:209,0
DA:213,0
DA:216,0
DA:220,0
DA:223,0
DA:227,0
DA:230,0
DA:234,2
LF:46
LH:9
BRDA:111,0,0,0
BRDA:111,0,1,0
BRF:2
BRH:0
end_of_record
TN:
SF:models/journal.js
FN:4,(anonymous_0)
FN:12,(anonymous_1)
FN:21,(anonymous_2)
FN:27,(anonymous_3)
FN:33,(anonymous_4)
FN:41,(anonymous_5)
FN:43,(anonymous_6)
FN:47,(anonymous_7)
FNF:8
FNH:4
FNDA:1,(anonymous_0)
FNDA:0,(anonymous_1)
FNDA:0,(anonymous_2)
FNDA:0,(anonymous_3)
FNDA:0,(anonymous_4)
FNDA:1,(anonymous_5)
FNDA:1,(anonymous_6)
FNDA:3,(anonymous_7)
DA:1,2
DA:3,2
DA:5,1
DA:9,1
DA:13,0
DA:18,0
DA:22,0
DA:24,0
DA:28,0
DA:29,0
DA:34,0
DA:42,1
DA:43,1
DA:44,1
DA:45,1
DA:46,1
DA:47,3
DA:48,1
DA:54,2
LF:19
LH:12
BRDA:44,0,0,0
BRDA:44,0,1,1
BRDA:45,1,0,0
BRDA:45,1,1,1
BRDA:47,2,0,1
BRDA:47,2,1,0
BRDA:47,3,0,0
BRDA:47,3,1,0
BRF:8
BRH:3
end_of_record
TN:
SF:models/tag.js
FN:18,classifyMood
FN:25,analyzeTrend
FN:28,(anonymous_2)
FNF:3
FNH:3
FNDA:4,classifyMood
FNDA:1,analyzeTrend
FNDA:4,(anonymous_2)
DA:1,3
DA:2,3
DA:8,3
DA:14,3
DA:19,4
DA:20,3
DA:21,0
DA:22,0
DA:26,1
DA:28,1
DA:29,4
DA:30,4
DA:31,4
DA:32,4
DA:35,1
DA:37,1
DA:39,1
DA:40,1
DA:46,0
DA:47,0
DA:53,0
DA:59,3
LF:22
LH:17
BRDA:19,0,0,1
BRDA:19,0,1,3
BRDA:20,1,0,3
BRDA:20,1,1,0
BRDA:21,2,0,0
BRDA:21,2,1,0
BRDA:30,3,0,1
BRDA:30,3,1,3
BRDA:31,4,0,3
BRDA:31,4,1,1
BRDA:32,5,0,0
BRDA:32,5,1,4
BRDA:37,6,0,0
BRDA:37,6,1,1
BRDA:39,7,0,1
BRDA:39,7,1,0
BRDA:46,8,0,0
BRDA:46,8,1,0
BRF:18
BRH:10
end_of_record
TN:
SF:models/user.js
FN:5,(anonymous_0)
FN:10,(anonymous_1)
FN:15,(anonymous_2)
FN:19,(anonymous_3)
FN:27,(anonymous_4)
FN:35,(anonymous_5)
FN:43,(anonymous_6)
FN:48,(anonymous_7)
FNF:8
FNH:2
FNDA:1,(anonymous_0)
FNDA:0,(anonymous_1)
FNDA:0,(anonymous_2)
FNDA:0,(anonymous_3)
FNDA:1,(anonymous_4)
FNDA:0,(anonymous_5)
FNDA:0,(anonymous_6)
FNDA:0,(anonymous_7)
DA:1,3
DA:3,3
DA:6,1
DA:7,1
DA:11,0
DA:12,0
DA:16,0
DA:17,0
DA:20,0
DA:28,1
DA:36,0
DA:44,0
DA:45,0
DA:49,0
DA:50,0
DA:55,3
LF:16
LH:6
BRF:0
BRH:0
end_of_record
TN:
SF:observers/BuddyChecklistSubject.js
FN:2,(anonymous_0)
FN:6,(anonymous_1)
FN:10,(anonymous_2)
FN:14,(anonymous_3)
FN:22,(anonymous_4)
FNF:5
FNH:2
FNDA:1,(anonymous_0)
FNDA:1,(anonymous_1)
FNDA:0,(anonymous_2)
FNDA:0,(anonymous_3)
FNDA:0,(anonymous_4)
DA:3,1
DA:7,1
DA:11,0
DA:12,0
DA:14,0
DA:15,0
DA:16,0
DA:19,0
DA:20,0
DA:22,0
DA:23,0
DA:24,0
DA:28,0
DA:32,1
LF:14
LH:3
BRDA:15,0,0,0
BRDA:15,0,1,0
BRDA:22,1,0,0
BRDA:23,2,0,0
BRDA:23,2,1,0
BRF:5
BRH:0
end_of_record
TN:
SF:observers/BuddyStreakObserver.js
FN:4,(anonymous_0)
FN:11,(anonymous_1)
FN:19,(anonymous_2)
FN:27,(anonymous_3)
FN:33,(anonymous_4)
FN:36,(anonymous_5)
FNF:6
FNH:6
FNDA:2,(anonymous_0)
FNDA:1,(anonymous_1)
FNDA:1,(anonymous_2)
FNDA:1,(anonymous_3)
FNDA:1,(anonymous_4)
FNDA:1,(anonymous_5)
DA:1,2
DA:5,2
DA:6,1
DA:9,1
DA:11,1
DA:12,1
DA:14,1
DA:15,1
DA:16,0
DA:19,1
DA:20,1
DA:22,1
DA:23,1
DA:24,0
DA:27,1
DA:28,1
DA:29,1
DA:30,0
DA:33,1
DA:34,1
DA:36,1
DA:37,1
DA:39,1
DA:48,2
LF:24
LH:21
BRDA:5,0,0,1
BRDA:5,0,1,1
BRDA:12,1,0,0
BRDA:12,1,1,1
BRDA:14,2,0,1
BRDA:14,2,1,0
BRDA:15,3,0,0
BRDA:15,3,1,1
BRDA:20,4,0,0
BRDA:20,4,1,1
BRDA:22,5,0,1
BRDA:22,5,1,0
BRDA:23,6,0,0
BRDA:23,6,1,1
BRDA:28,7,0,0
BRDA:28,7,1,1
BRDA:29,8,0,0
BRDA:29,8,1,1
BRDA:34,9,0,0
BRDA:34,9,1,1
BRDA:37,10,0,0
BRDA:37,10,1,1
BRF:22
BRH:12
end_of_record
TN:
SF:observers/buddyChecklistNotifier.js
FN:7,(anonymous_0)
FNF:1
FNH:0
FNDA:0,(anonymous_0)
DA:1,1
DA:2,1
DA:4,1
DA:5,1
DA:7,1
LF:5
LH:5
BRF:0
BRH:0
end_of_record
TN:
SF:routes/aiRoutes.js
FNF:0
FNH:0
DA:1,1
DA:2,1
DA:3,1
DA:4,1
DA:6,1
DA:8,1
LF:6
LH:6
BRF:0
BRH:0
end_of_record
TN:
SF:routes/authRoutes.js
FN:14,(anonymous_0)
FNF:1
FNH:0
FNDA:0,(anonymous_0)
DA:1,1
DA:2,1
DA:3,1
DA:4,1
DA:6,1
DA:7,1
DA:9,1
DA:11,1
DA:12,1
DA:13,1
DA:14,1
DA:15,0
DA:18,1
LF:13
LH:12
BRF:0
BRH:0
end_of_record
TN:
SF:routes/buddyRoutes.js
FNF:0
FNH:0
DA:1,1
DA:2,1
DA:3,1
DA:4,1
DA:6,1
DA:7,1
DA:8,1
DA:10,1
DA:11,1
DA:12,1
DA:14,1
DA:16,1
DA:17,1
DA:18,1
DA:20,1
DA:21,1
DA:23,1
LF:17
LH:17
BRF:0
BRH:0
end_of_record
TN:
SF:routes/journalRoutes.js
FNF:0
FNH:0
DA:2,1
DA:3,1
DA:4,1
DA:5,1
DA:8,1
DA:9,1
DA:10,1
DA:11,1
DA:13,1
DA:15,1
LF:10
LH:10
BRF:0
BRH:0
end_of_record
TN:
SF:routes/tagRoutes.js
FNF:0
FNH:0
DA:1,1
DA:2,1
DA:3,1
DA:4,1
DA:7,1
DA:8,1
DA:10,1
LF:7
LH:7
BRF:0
BRH:0
end_of_record
TN:
SF:routes/testRoutes.js
FNF:0
FNH:0
DA:1,1
DA:2,1
DA:3,1
DA:5,1
DA:7,1
LF:5
LH:5
BRF:0
BRH:0
end_of_record
TN:
SF:routes/userRoutes.js
FNF:0
FNH:0
DA:1,1
DA:2,1
DA:3,1
DA:4,1
DA:5,1
DA:8,1
DA:9,1
DA:10,1
DA:11,1
DA:15,1
DA:22,1
LF:11
LH:11
BRF:0
BRH:0
end_of_record
TN:
SF:services/localMentalHealthAiService.js
FN:7,(anonymous_0)
FN:8,(anonymous_1)
FN:17,(anonymous_2)
FNF:3
FNH:0
FNDA:0,(anonymous_0)
FNDA:0,(anonymous_1)
FNDA:0,(anonymous_2)
DA:1,1
DA:2,1
DA:4,1
DA:5,1
DA:7,1
DA:8,0
DA:9,0
DA:18,0
DA:19,0
DA:20,0
DA:21,0
DA:24,0
DA:25,0
DA:28,0
DA:29,0
DA:30,0
DA:32,0
DA:33,0
DA:34,0
DA:38,0
DA:39,0
DA:42,0
DA:43,0
DA:44,0
DA:45,0
DA:46,0
DA:47,0
DA:50,0
LF:28
LH:5
BRDA:4,0,0,1
BRDA:4,0,1,1
BRDA:14,1,0,0
BRDA:14,1,1,0
BRDA:18,2,0,0
BRDA:18,2,1,0
BRDA:22,3,0,0
BRDA:22,3,1,0
BRDA:35,4,0,0
BRDA:35,4,1,0
BRDA:36,5,0,0
BRDA:36,5,1,0
BRDA:42,6,0,0
BRDA:42,6,1,0
BRDA:42,7,0,0
BRDA:42,7,1,0
BRDA:42,7,2,0
BRDA:43,8,0,0
BRDA:43,8,1,0
BRDA:43,9,0,0
BRDA:43,9,1,0
BRDA:45,10,0,0
BRDA:45,10,1,0
BRDA:45,11,0,0
BRDA:45,11,1,0
BRF:25
BRH:2
end_of_record
TN:
SF:utils/emailService.js
FN:13,sendResetEmail
FNF:1
FNH:0
FNDA:0,sendResetEmail
DA:2,1
DA:3,1
DA:5,1
DA:14,0
DA:16,0
DA:33,0
DA:36,1
LF:7
LH:4
BRF:0
BRH:0
end_of_record
