TN:
SF:index.js
FN:35,(anonymous_0)
FN:42,(anonymous_1)
FNF:2
FNH:0
FNDA:0,(anonymous_0)
FNDA:0,(anonymous_1)
DA:1,1
DA:2,1
DA:3,1
DA:4,1
DA:5,1
DA:6,1
DA:7,1
DA:8,1
DA:11,1
DA:13,1
DA:14,1
DA:15,1
DA:18,1
DA:21,1
DA:24,1
DA:25,1
DA:26,1
DA:27,1
DA:28,1
DA:29,1
DA:30,1
DA:35,1
DA:36,0
DA:40,1
DA:41,0
DA:42,0
DA:43,0
DA:47,1
LF:28
LH:24
BRDA:40,0,0,0
BRDA:40,0,1,1
BRDA:41,1,0,0
BRDA:41,1,1,0
BRF:4
BRH:1
end_of_record
TN:
SF:config/database.js
FN:22,(anonymous_0)
FNF:1
FNH:0
FNDA:0,(anonymous_0)
DA:1,2
DA:2,2
DA:3,2
DA:5,2
DA:19,2
DA:21,2
DA:22,0
DA:23,0
DA:24,0
DA:25,0
DA:27,0
DA:32,2
LF:12
LH:7
BRDA:21,0,0,0
BRDA:21,0,1,2
BRDA:23,1,0,0
BRDA:23,1,1,0
BRF:4
BRH:1
end_of_record
TN:
SF:controllers/authController.js
FN:11,(anonymous_0)
FN:17,(anonymous_1)
FN:35,(anonymous_2)
FN:44,(anonymous_3)
FN:88,(anonymous_4)
FN:92,(anonymous_5)
FN:101,(anonymous_6)
FN:102,(anonymous_7)
FN:106,(anonymous_8)
FN:109,(anonymous_9)
FN:119,(anonymous_10)
FN:124,(anonymous_11)
FN:134,(anonymous_12)
FN:137,(anonymous_13)
FN:144,(anonymous_14)
FN:149,(anonymous_15)
FN:153,(anonymous_16)
FNF:17
FNH:2
FNDA:1,(anonymous_0)
FNDA:1,(anonymous_1)
FNDA:0,(anonymous_2)
FNDA:0,(anonymous_3)
FNDA:0,(anonymous_4)
FNDA:0,(anonymous_5)
FNDA:0,(anonymous_6)
FNDA:0,(anonymous_7)
FNDA:0,(anonymous_8)
FNDA:0,(anonymous_9)
FNDA:0,(anonymous_10)
FNDA:0,(anonymous_11)
FNDA:0,(anonymous_12)
FNDA:0,(anonymous_13)
FNDA:0,(anonymous_14)
FNDA:0,(anonymous_15)
FNDA:0,(anonymous_16)
DA:1,1
DA:2,1
DA:3,1
DA:4,1
DA:5,1
DA:6,1
DA:7,1
DA:11,1
DA:12,1
DA:15,1
DA:17,1
DA:18,1
DA:19,0
DA:21,0
DA:22,0
DA:26,0
DA:28,1
DA:29,1
DA:35,1
DA:36,0
DA:39,0
DA:40,0
DA:44,0
DA:45,0
DA:46,0
DA:47,0
DA:51,0
DA:52,0
DA:55,0
DA:59,0
DA:61,0
DA:62,0
DA:66,0
DA:73,0
DA:88,1
DA:89,0
DA:90,0
DA:92,0
DA:93,0
DA:94,0
DA:95,0
DA:97,0
DA:98,0
DA:99,0
DA:101,0
DA:102,0
DA:103,0
DA:105,0
DA:107,0
DA:110,0
DA:111,0
DA:119,1
DA:120,0
DA:121,0
DA:122,0
DA:124,0
DA:125,0
DA:126,0
DA:127,0
DA:129,0
DA:130,0
DA:131,0
DA:133,0
DA:134,0
DA:135,0
DA:137,0
DA:138,0
DA:144,1
DA:145,0
DA:146,0
DA:147,0
DA:149,0
DA:150,0
DA:151,0
DA:153,0
DA:154,0
DA:155,0
DA:156,0
DA:158,0
LF:79
LH:18
BRDA:18,0,0,0
BRDA:18,0,1,1
BRDA:19,1,0,0
BRDA:19,1,1,0
BRDA:21,2,0,0
BRDA:21,2,1,0
BRDA:39,3,0,0
BRDA:39,3,1,0
BRDA:39,4,0,0
BRDA:39,4,1,0
BRDA:45,5,0,0
BRDA:45,5,1,0
BRDA:51,6,0,0
BRDA:51,6,1,0
BRDA:61,7,0,0
BRDA:61,7,1,0
BRDA:69,8,0,0
BRDA:69,8,1,0
BRDA:90,9,0,0
BRDA:90,9,1,0
BRDA:93,10,0,0
BRDA:93,10,1,0
BRDA:94,11,0,0
BRDA:94,11,1,0
BRDA:103,12,0,0
BRDA:103,12,1,0
BRDA:121,13,0,0
BRDA:121,13,1,0
BRDA:121,14,0,0
BRDA:121,14,1,0
BRDA:125,15,0,0
BRDA:125,15,1,0
BRDA:126,16,0,0
BRDA:126,16,1,0
BRDA:130,17,0,0
BRDA:130,17,1,0
BRDA:135,18,0,0
BRDA:135,18,1,0
BRDA:147,19,0,0
BRDA:147,19,1,0
BRDA:150,20,0,0
BRDA:150,20,1,0
BRDA:151,21,0,0
BRDA:151,21,1,0
BRDA:154,22,0,0
BRDA:154,22,1,0
BRF:46
BRH:1
end_of_record
TN:
SF:controllers/buddyController.js
FN:3,(anonymous_0)
FN:4,(anonymous_1)
FN:6,(anonymous_2)
FN:7,(anonymous_3)
FN:10,(anonymous_4)
FN:20,(anonymous_5)
FN:23,(anonymous_6)
FN:31,(anonymous_7)
FN:39,(anonymous_8)
FN:45,(anonymous_9)
FN:48,(anonymous_10)
FN:59,(anonymous_11)
FN:71,(anonymous_12)
FN:77,(anonymous_13)
FN:85,(anonymous_14)
FN:93,(anonymous_15)
FN:107,(anonymous_16)
FN:115,(anonymous_17)
FN:125,(anonymous_18)
FN:128,(anonymous_19)
FN:132,(anonymous_20)
FN:144,(anonymous_21)
FN:159,(anonymous_22)
FN:160,(anonymous_23)
FN:166,(anonymous_24)
FN:174,(anonymous_25)
FN:180,(anonymous_26)
FN:191,(anonymous_27)
FN:192,(anonymous_28)
FN:198,(anonymous_29)
FN:206,(anonymous_30)
FN:213,(anonymous_31)
FN:220,(anonymous_32)
FN:233,(anonymous_33)
FN:240,(anonymous_34)
FN:257,(anonymous_35)
FN:267,(anonymous_36)
FN:274,(anonymous_37)
FN:281,(anonymous_38)
FN:284,(anonymous_39)
FN:285,(anonymous_40)
FN:300,(anonymous_41)
FN:309,(anonymous_42)
FN:317,(anonymous_43)
FN:320,(anonymous_44)
FN:328,(anonymous_45)
FN:344,(anonymous_46)
FN:350,(anonymous_47)
FN:358,(anonymous_48)
FN:361,(anonymous_49)
FN:367,(anonymous_50)
FNF:51
FNH:50
FNDA:6,(anonymous_0)
FNDA:4,(anonymous_1)
FNDA:3,(anonymous_2)
FNDA:3,(anonymous_3)
FNDA:3,(anonymous_4)
FNDA:1,(anonymous_5)
FNDA:1,(anonymous_6)
FNDA:1,(anonymous_7)
FNDA:1,(anonymous_8)
FNDA:1,(anonymous_9)
FNDA:1,(anonymous_10)
FNDA:1,(anonymous_11)
FNDA:1,(anonymous_12)
FNDA:1,(anonymous_13)
FNDA:1,(anonymous_14)
FNDA:1,(anonymous_15)
FNDA:1,(anonymous_16)
FNDA:1,(anonymous_17)
FNDA:1,(anonymous_18)
FNDA:1,(anonymous_19)
FNDA:0,(anonymous_20)
FNDA:1,(anonymous_21)
FNDA:1,(anonymous_22)
FNDA:1,(anonymous_23)
FNDA:1,(anonymous_24)
FNDA:1,(anonymous_25)
FNDA:1,(anonymous_26)
FNDA:1,(anonymous_27)
FNDA:1,(anonymous_28)
FNDA:1,(anonymous_29)
FNDA:1,(anonymous_30)
FNDA:1,(anonymous_31)
FNDA:1,(anonymous_32)
FNDA:1,(anonymous_33)
FNDA:1,(anonymous_34)
FNDA:1,(anonymous_35)
FNDA:1,(anonymous_36)
FNDA:1,(anonymous_37)
FNDA:1,(anonymous_38)
FNDA:1,(anonymous_39)
FNDA:1,(anonymous_40)
FNDA:1,(anonymous_41)
FNDA:1,(anonymous_42)
FNDA:1,(anonymous_43)
FNDA:1,(anonymous_44)
FNDA:1,(anonymous_45)
FNDA:1,(anonymous_46)
FNDA:1,(anonymous_47)
FNDA:1,(anonymous_48)
FNDA:1,(anonymous_49)
FNDA:1,(anonymous_50)
DA:1,2
DA:3,6
DA:4,4
DA:6,2
DA:7,3
DA:8,3
DA:10,3
DA:11,3
DA:13,3
DA:14,3
DA:15,3
DA:20,2
DA:21,1
DA:23,1
DA:24,1
DA:26,1
DA:27,1
DA:28,0
DA:31,1
DA:32,1
DA:34,1
DA:35,1
DA:36,0
DA:39,1
DA:40,1
DA:41,1
DA:42,0
DA:45,1
DA:46,1
DA:48,1
DA:49,1
DA:51,1
DA:59,2
DA:60,1
DA:61,1
DA:63,1
DA:64,0
DA:67,1
DA:68,0
DA:71,1
DA:72,1
DA:73,1
DA:74,0
DA:77,1
DA:78,1
DA:79,1
DA:80,0
DA:85,1
DA:86,1
DA:87,1
DA:88,0
DA:93,1
DA:94,1
DA:96,1
DA:107,2
DA:108,1
DA:109,1
DA:111,1
DA:112,0
DA:115,1
DA:116,1
DA:117,1
DA:118,0
DA:121,1
DA:122,0
DA:125,1
DA:126,1
DA:128,1
DA:129,1
DA:131,1
DA:132,0
DA:133,0
DA:134,0
DA:137,0
DA:144,1
DA:145,1
DA:146,0
DA:149,1
DA:159,2
DA:160,1
DA:161,1
DA:162,1
DA:166,2
DA:167,1
DA:168,1
DA:170,1
DA:171,0
DA:174,1
DA:175,1
DA:176,1
DA:177,0
DA:180,1
DA:181,1
DA:183,1
DA:191,2
DA:192,1
DA:193,1
DA:194,1
DA:198,2
DA:199,1
DA:200,1
DA:202,1
DA:203,0
DA:206,1
DA:207,1
DA:208,1
DA:209,0
DA:212,1
DA:213,1
DA:214,1
DA:215,1
DA:220,2
DA:221,1
DA:222,1
DA:223,1
DA:225,1
DA:226,0
DA:229,1
DA:230,0
DA:233,1
DA:234,1
DA:235,1
DA:236,0
DA:239,1
DA:240,1
DA:241,1
DA:243,1
DA:257,2
DA:258,1
DA:259,1
DA:260,1
DA:261,1
DA:263,1
DA:264,0
DA:267,1
DA:268,1
DA:269,1
DA:270,0
DA:273,1
DA:274,1
DA:275,1
DA:276,1
DA:277,0
DA:280,1
DA:281,1
DA:282,1
DA:284,1
DA:285,1
DA:286,1
DA:288,1
DA:296,1
DA:297,0
DA:300,1
DA:301,1
DA:302,1
DA:309,2
DA:310,1
DA:311,1
DA:313,1
DA:314,0
DA:317,1
DA:318,1
DA:320,1
DA:321,1
DA:323,1
DA:324,1
DA:325,0
DA:328,1
DA:329,1
DA:330,1
DA:331,0
DA:334,1
DA:344,2
DA:345,1
DA:350,2
DA:351,1
DA:352,1
DA:354,1
DA:355,0
DA:358,1
DA:359,1
DA:361,1
DA:362,1
DA:363,1
DA:364,0
DA:367,1
DA:368,1
DA:370,1
LF:188
LH:156
BRDA:3,0,0,6
BRDA:3,0,1,6
BRDA:8,1,0,0
BRDA:8,1,1,3
BRDA:11,2,0,0
BRDA:11,2,1,3
BRDA:24,3,0,0
BRDA:24,3,1,1
BRDA:26,4,0,1
BRDA:26,4,1,0
BRDA:27,5,0,0
BRDA:27,5,1,1
BRDA:32,6,0,0
BRDA:32,6,1,1
BRDA:34,7,0,1
BRDA:34,7,1,0
BRDA:35,8,0,0
BRDA:35,8,1,1
BRDA:40,9,0,0
BRDA:40,9,1,1
BRDA:41,10,0,0
BRDA:41,10,1,1
BRDA:46,11,0,0
BRDA:46,11,1,1
BRDA:49,12,0,0
BRDA:49,12,1,1
BRDA:63,13,0,0
BRDA:63,13,1,1
BRDA:67,14,0,0
BRDA:67,14,1,1
BRDA:72,15,0,0
BRDA:72,15,1,1
BRDA:73,16,0,0
BRDA:73,16,1,1
BRDA:78,17,0,0
BRDA:78,17,1,1
BRDA:79,18,0,0
BRDA:79,18,1,1
BRDA:86,19,0,0
BRDA:86,19,1,1
BRDA:87,20,0,0
BRDA:87,20,1,1
BRDA:94,21,0,0
BRDA:94,21,1,1
BRDA:111,22,0,0
BRDA:111,22,1,1
BRDA:116,23,0,0
BRDA:116,23,1,1
BRDA:117,24,0,0
BRDA:117,24,1,1
BRDA:121,25,0,0
BRDA:121,25,1,1
BRDA:126,26,0,0
BRDA:126,26,1,1
BRDA:129,27,0,0
BRDA:129,27,1,1
BRDA:131,28,0,0
BRDA:131,28,1,1
BRDA:133,29,0,0
BRDA:133,29,1,0
BRDA:144,30,0,1
BRDA:144,30,1,0
BRDA:145,31,0,0
BRDA:145,31,1,1
BRDA:161,32,0,0
BRDA:161,32,1,1
BRDA:170,33,0,0
BRDA:170,33,1,1
BRDA:175,34,0,0
BRDA:175,34,1,1
BRDA:176,35,0,0
BRDA:176,35,1,1
BRDA:176,36,0,1
BRDA:176,36,1,1
BRDA:181,37,0,0
BRDA:181,37,1,1
BRDA:193,38,0,0
BRDA:193,38,1,1
BRDA:202,39,0,0
BRDA:202,39,1,1
BRDA:207,40,0,0
BRDA:207,40,1,1
BRDA:208,41,0,0
BRDA:208,41,1,1
BRDA:208,42,0,1
BRDA:208,42,1,1
BRDA:214,43,0,0
BRDA:214,43,1,1
BRDA:223,44,0,1
BRDA:223,44,1,0
BRDA:225,45,0,0
BRDA:225,45,1,1
BRDA:229,46,0,0
BRDA:229,46,1,1
BRDA:234,47,0,0
BRDA:234,47,1,1
BRDA:235,48,0,0
BRDA:235,48,1,1
BRDA:235,49,0,1
BRDA:235,49,1,1
BRDA:241,50,0,0
BRDA:241,50,1,1
BRDA:263,51,0,0
BRDA:263,51,1,1
BRDA:263,52,0,1
BRDA:263,52,1,1
BRDA:268,53,0,0
BRDA:268,53,1,1
BRDA:269,54,0,0
BRDA:269,54,1,1
BRDA:269,55,0,1
BRDA:269,55,1,1
BRDA:275,56,0,0
BRDA:275,56,1,1
BRDA:276,57,0,0
BRDA:276,57,1,1
BRDA:280,58,0,1
BRDA:280,58,1,0
BRDA:282,59,0,0
BRDA:282,59,1,1
BRDA:286,60,0,0
BRDA:286,60,1,1
BRDA:296,61,0,0
BRDA:296,61,1,1
BRDA:301,62,0,0
BRDA:301,62,1,1
BRDA:313,63,0,0
BRDA:313,63,1,1
BRDA:318,64,0,0
BRDA:318,64,1,1
BRDA:321,65,0,0
BRDA:321,65,1,1
BRDA:323,66,0,1
BRDA:323,66,1,0
BRDA:324,67,0,0
BRDA:324,67,1,1
BRDA:329,68,0,0
BRDA:329,68,1,1
BRDA:330,69,0,0
BRDA:330,69,1,1
BRDA:354,70,0,0
BRDA:354,70,1,1
BRDA:359,71,0,0
BRDA:359,71,1,1
BRDA:362,72,0,0
BRDA:362,72,1,1
BRDA:363,73,0,0
BRDA:363,73,1,1
BRDA:363,74,0,1
BRDA:363,74,1,0
BRDA:368,75,0,0
BRDA:368,75,1,1
BRF:152
BRH:81
end_of_record
TN:
SF:controllers/journalController.js
FN:3,(anonymous_0)
FN:12,(anonymous_1)
FN:26,(anonymous_2)
FN:32,(anonymous_3)
FN:39,(anonymous_4)
FN:50,(anonymous_5)
FN:54,(anonymous_6)
FN:60,(anonymous_7)
FN:71,(anonymous_8)
FN:73,(anonymous_9)
FN:78,(anonymous_10)
FN:80,(anonymous_11)
FN:86,(anonymous_12)
FN:89,(anonymous_13)
FNF:14
FNH:0
FNDA:0,(anonymous_0)
FNDA:0,(anonymous_1)
FNDA:0,(anonymous_2)
FNDA:0,(anonymous_3)
FNDA:0,(anonymous_4)
FNDA:0,(anonymous_5)
FNDA:0,(anonymous_6)
FNDA:0,(anonymous_7)
FNDA:0,(anonymous_8)
FNDA:0,(anonymous_9)
FNDA:0,(anonymous_10)
FNDA:0,(anonymous_11)
FNDA:0,(anonymous_12)
FNDA:0,(anonymous_13)
DA:1,1
DA:3,1
DA:4,0
DA:5,0
DA:7,0
DA:8,0
DA:12,0
DA:13,0
DA:14,0
DA:15,0
DA:18,0
DA:26,1
DA:28,0
DA:29,0
DA:30,0
DA:32,0
DA:33,0
DA:34,0
DA:35,0
DA:36,0
DA:39,0
DA:40,0
DA:41,0
DA:42,0
DA:44,0
DA:50,1
DA:51,0
DA:52,0
DA:54,0
DA:55,0
DA:56,0
DA:57,0
DA:58,0
DA:60,0
DA:61,0
DA:62,0
DA:63,0
DA:65,0
DA:71,1
DA:72,0
DA:73,0
DA:74,0
DA:75,0
DA:76,0
DA:78,0
DA:80,0
DA:82,0
DA:86,1
DA:87,0
DA:88,0
DA:89,0
DA:90,0
DA:91,0
DA:92,0
DA:93,0
LF:55
LH:6
BRDA:7,0,0,0
BRDA:7,0,1,0
BRDA:7,1,0,0
BRDA:7,1,1,0
BRDA:13,2,0,0
BRDA:13,2,1,0
BRDA:33,3,0,0
BRDA:33,3,1,0
BRDA:34,4,0,0
BRDA:34,4,1,0
BRDA:35,5,0,0
BRDA:35,5,1,0
BRDA:40,6,0,0
BRDA:40,6,1,0
BRDA:55,7,0,0
BRDA:55,7,1,0
BRDA:56,8,0,0
BRDA:56,8,1,0
BRDA:57,9,0,0
BRDA:57,9,1,0
BRDA:61,10,0,0
BRDA:61,10,1,0
BRDA:74,11,0,0
BRDA:74,11,1,0
BRDA:80,12,0,0
BRDA:80,12,1,0
BRDA:80,13,0,0
BRDA:80,13,1,0
BRDA:90,14,0,0
BRDA:90,14,1,0
BRDA:91,15,0,0
BRDA:91,15,1,0
BRDA:92,16,0,0
BRDA:92,16,1,0
BRF:34
BRH:0
end_of_record
TN:
SF:controllers/tagController.js
FN:4,(anonymous_0)
FN:14,(anonymous_1)
FN:29,(anonymous_2)
FNF:3
FNH:0
FNDA:0,(anonymous_0)
FNDA:0,(anonymous_1)
FNDA:0,(anonymous_2)
DA:1,2
DA:2,2
DA:4,2
DA:5,0
DA:7,0
DA:9,0
DA:14,0
DA:15,0
DA:16,0
DA:17,0
DA:20,0
DA:22,0
DA:29,2
DA:30,0
DA:31,0
DA:32,0
DA:33,0
DA:34,0
DA:35,0
DA:36,0
LF:20
LH:4
BRDA:15,0,0,0
BRDA:15,0,1,0
BRDA:32,1,0,0
BRDA:32,1,1,0
BRDA:33,2,0,0
BRDA:33,2,1,0
BRDA:34,3,0,0
BRDA:34,3,1,0
BRF:8
BRH:0
end_of_record
TN:
SF:controllers/testController.js
FN:2,(anonymous_0)
FNF:1
FNH:0
FNDA:0,(anonymous_0)
DA:2,1
DA:3,0
DA:4,0
LF:3
LH:1
BRF:0
BRH:0
end_of_record
TN:
SF:controllers/userController.js
FN:4,(anonymous_0)
FN:9,(anonymous_1)
FN:17,(anonymous_2)
FN:22,(anonymous_3)
FN:32,(anonymous_4)
FN:40,(anonymous_5)
FN:46,(anonymous_6)
FN:53,(anonymous_7)
FN:62,(anonymous_8)
FN:71,(anonymous_9)
FN:74,(anonymous_10)
FN:88,(anonymous_11)
FNF:12
FNH:2
FNDA:1,(anonymous_0)
FNDA:1,(anonymous_1)
FNDA:0,(anonymous_2)
FNDA:0,(anonymous_3)
FNDA:0,(anonymous_4)
FNDA:0,(anonymous_5)
FNDA:0,(anonymous_6)
FNDA:0,(anonymous_7)
FNDA:0,(anonymous_8)
FNDA:0,(anonymous_9)
FNDA:0,(anonymous_10)
FNDA:0,(anonymous_11)
DA:1,2
DA:2,2
DA:4,2
DA:5,1
DA:6,1
DA:9,1
DA:10,1
DA:11,1
DA:12,1
DA:17,2
DA:18,0
DA:19,0
DA:21,0
DA:22,0
DA:23,0
DA:24,0
DA:25,0
DA:28,0
DA:32,0
DA:33,0
DA:34,0
DA:40,2
DA:41,0
DA:42,0
DA:43,0
DA:46,0
DA:47,0
DA:48,0
DA:53,2
DA:54,0
DA:55,0
DA:57,0
DA:58,0
DA:61,0
DA:62,0
DA:63,0
DA:64,0
DA:71,2
DA:72,0
DA:74,0
DA:75,0
DA:76,0
DA:77,0
DA:80,0
DA:81,0
DA:83,0
DA:84,0
DA:88,0
DA:89,0
DA:90,0
DA:91,0
DA:94,0
LF:52
LH:13
BRDA:10,0,0,0
BRDA:10,0,1,1
BRDA:11,1,0,0
BRDA:11,1,1,1
BRDA:23,2,0,0
BRDA:23,2,1,0
BRDA:24,3,0,0
BRDA:24,3,1,0
BRDA:33,4,0,0
BRDA:33,4,1,0
BRDA:47,5,0,0
BRDA:47,5,1,0
BRDA:55,6,0,0
BRDA:55,6,1,0
BRDA:57,7,0,0
BRDA:57,7,1,0
BRDA:63,8,0,0
BRDA:63,8,1,0
BRDA:75,9,0,0
BRDA:75,9,1,0
BRDA:80,10,0,0
BRDA:80,10,1,0
BRDA:83,11,0,0
BRDA:83,11,1,0
BRDA:89,12,0,0
BRDA:89,12,1,0
BRF:26
BRH:2
end_of_record
TN:
SF:middleware/authMiddleware
FN:3,(anonymous_0)
FN:12,(anonymous_1)
FNF:2
FNH:0
FNDA:0,(anonymous_0)
FNDA:0,(anonymous_1)
DA:1,1
DA:3,1
DA:4,0
DA:7,0
DA:8,0
DA:9,0
DA:12,0
DA:13,0
DA:14,0
DA:16,0
DA:17,0
LF:11
LH:2
BRDA:7,0,0,0
BRDA:7,0,1,0
BRDA:8,1,0,0
BRDA:8,1,1,0
BRDA:13,2,0,0
BRDA:13,2,1,0
BRF:6
BRH:0
end_of_record
TN:
SF:middleware/uploadMiddleware.js
FN:5,(anonymous_0)
FN:8,(anonymous_1)
FN:15,(anonymous_2)
FNF:3
FNH:0
FNDA:0,(anonymous_0)
FNDA:0,(anonymous_1)
FNDA:0,(anonymous_2)
DA:1,1
DA:2,1
DA:4,1
DA:6,0
DA:9,0
DA:13,1
DA:16,0
DA:17,0
DA:18,0
DA:19,0
DA:20,0
DA:22,0
DA:27,1
LF:13
LH:5
BRDA:19,0,0,0
BRDA:19,0,1,0
BRDA:19,1,0,0
BRDA:19,1,1,0
BRF:4
BRH:0
end_of_record
TN:
SF:models/buddy.js
FN:4,(anonymous_0)
FN:12,(anonymous_1)
FN:20,(anonymous_2)
FN:27,(anonymous_3)
FN:35,(anonymous_4)
FN:42,(anonymous_5)
FN:72,(anonymous_6)
FN:102,(anonymous_7)
FN:126,(anonymous_8)
FN:133,(anonymous_9)
FN:141,(anonymous_10)
FN:149,(anonymous_11)
FN:156,(anonymous_12)
FN:164,(anonymous_13)
FN:180,(anonymous_14)
FN:188,(anonymous_15)
FN:196,(anonymous_16)
FN:204,(anonymous_17)
FN:211,(anonymous_18)
FNF:19
FNH:0
FNDA:0,(anonymous_0)
FNDA:0,(anonymous_1)
FNDA:0,(anonymous_2)
FNDA:0,(anonymous_3)
FNDA:0,(anonymous_4)
FNDA:0,(anonymous_5)
FNDA:0,(anonymous_6)
FNDA:0,(anonymous_7)
FNDA:0,(anonymous_8)
FNDA:0,(anonymous_9)
FNDA:0,(anonymous_10)
FNDA:0,(anonymous_11)
FNDA:0,(anonymous_12)
FNDA:0,(anonymous_13)
FNDA:0,(anonymous_14)
FNDA:0,(anonymous_15)
FNDA:0,(anonymous_16)
FNDA:0,(anonymous_17)
FNDA:0,(anonymous_18)
DA:1,1
DA:3,1
DA:5,0
DA:9,0
DA:13,0
DA:17,0
DA:21,0
DA:24,0
DA:28,0
DA:32,0
DA:36,0
DA:39,0
DA:43,0
DA:69,0
DA:73,0
DA:99,0
DA:103,0
DA:104,0
DA:123,0
DA:127,0
DA:130,0
DA:134,0
DA:138,0
DA:142,0
DA:146,0
DA:150,0
DA:153,0
DA:157,0
DA:161,0
DA:165,0
DA:177,0
DA:181,0
DA:185,0
DA:189,0
DA:193,0
DA:197,0
DA:201,0
DA:205,0
DA:208,0
DA:212,0
DA:215,0
DA:219,1
LF:42
LH:3
BRDA:103,0,0,0
BRDA:103,0,1,0
BRF:2
BRH:0
end_of_record
TN:
SF:models/journal.js
FN:4,(anonymous_0)
FN:12,(anonymous_1)
FN:21,(anonymous_2)
FN:27,(anonymous_3)
FN:33,(anonymous_4)
FN:41,(anonymous_5)
FN:43,(anonymous_6)
FN:47,(anonymous_7)
FNF:8
FNH:0
FNDA:0,(anonymous_0)
FNDA:0,(anonymous_1)
FNDA:0,(anonymous_2)
FNDA:0,(anonymous_3)
FNDA:0,(anonymous_4)
FNDA:0,(anonymous_5)
FNDA:0,(anonymous_6)
FNDA:0,(anonymous_7)
DA:1,1
DA:3,1
DA:5,0
DA:9,0
DA:13,0
DA:18,0
DA:22,0
DA:24,0
DA:28,0
DA:29,0
DA:34,0
DA:42,0
DA:43,0
DA:44,0
DA:45,0
DA:46,0
DA:47,0
DA:48,0
DA:54,1
LF:19
LH:3
BRDA:44,0,0,0
BRDA:44,0,1,0
BRDA:45,1,0,0
BRDA:45,1,1,0
BRDA:47,2,0,0
BRDA:47,2,1,0
BRDA:47,3,0,0
BRDA:47,3,1,0
BRF:8
BRH:0
end_of_record
TN:
SF:models/tag.js
FN:18,classifyMood
FN:25,analyzeTrend
FN:28,(anonymous_2)
FNF:3
FNH:0
FNDA:0,classifyMood
FNDA:0,analyzeTrend
FNDA:0,(anonymous_2)
DA:1,2
DA:2,2
DA:8,2
DA:14,2
DA:19,0
DA:20,0
DA:21,0
DA:22,0
DA:26,0
DA:28,0
DA:29,0
DA:30,0
DA:31,0
DA:32,0
DA:35,0
DA:37,0
DA:39,0
DA:40,0
DA:46,0
DA:47,0
DA:53,0
DA:59,2
LF:22
LH:5
BRDA:19,0,0,0
BRDA:19,0,1,0
BRDA:20,1,0,0
BRDA:20,1,1,0
BRDA:21,2,0,0
BRDA:21,2,1,0
BRDA:30,3,0,0
BRDA:30,3,1,0
BRDA:31,4,0,0
BRDA:31,4,1,0
BRDA:32,5,0,0
BRDA:32,5,1,0
BRDA:37,6,0,0
BRDA:37,6,1,0
BRDA:39,7,0,0
BRDA:39,7,1,0
BRDA:46,8,0,0
BRDA:46,8,1,0
BRF:18
BRH:0
end_of_record
TN:
SF:models/user.js
FN:5,(anonymous_0)
FN:10,(anonymous_1)
FN:15,(anonymous_2)
FN:19,(anonymous_3)
FN:27,(anonymous_4)
FN:35,(anonymous_5)
FN:43,(anonymous_6)
FN:48,(anonymous_7)
FNF:8
FNH:0
FNDA:0,(anonymous_0)
FNDA:0,(anonymous_1)
FNDA:0,(anonymous_2)
FNDA:0,(anonymous_3)
FNDA:0,(anonymous_4)
FNDA:0,(anonymous_5)
FNDA:0,(anonymous_6)
FNDA:0,(anonymous_7)
DA:1,2
DA:3,2
DA:6,0
DA:7,0
DA:11,0
DA:12,0
DA:16,0
DA:17,0
DA:20,0
DA:28,0
DA:36,0
DA:44,0
DA:45,0
DA:49,0
DA:50,0
DA:55,2
LF:16
LH:3
BRF:0
BRH:0
end_of_record
TN:
SF:routes/authRoutes.js
FN:14,(anonymous_0)
FNF:1
FNH:0
FNDA:0,(anonymous_0)
DA:1,1
DA:2,1
DA:3,1
DA:4,1
DA:6,1
DA:7,1
DA:9,1
DA:11,1
DA:12,1
DA:13,1
DA:14,1
DA:15,0
DA:18,1
LF:13
LH:12
BRF:0
BRH:0
end_of_record
TN:
SF:routes/buddyRoutes.js
FNF:0
FNH:0
DA:1,1
DA:2,1
DA:3,1
DA:4,1
DA:6,1
DA:7,1
DA:8,1
DA:9,1
DA:10,1
DA:11,1
DA:12,1
DA:13,1
DA:14,1
DA:15,1
DA:16,1
DA:18,1
LF:16
LH:16
BRF:0
BRH:0
end_of_record
TN:
SF:routes/journalRoutes.js
FNF:0
FNH:0
DA:2,1
DA:3,1
DA:4,1
DA:5,1
DA:8,1
DA:9,1
DA:10,1
DA:11,1
DA:13,1
DA:15,1
LF:10
LH:10
BRF:0
BRH:0
end_of_record
TN:
SF:routes/tagRoutes.js
FNF:0
FNH:0
DA:1,1
DA:2,1
DA:3,1
DA:4,1
DA:7,1
DA:8,1
DA:10,1
LF:7
LH:7
BRF:0
BRH:0
end_of_record
TN:
SF:routes/testRoutes.js
FNF:0
FNH:0
DA:1,1
DA:2,1
DA:3,1
DA:5,1
DA:7,1
LF:5
LH:5
BRF:0
BRH:0
end_of_record
TN:
SF:routes/userRoutes.js
FNF:0
FNH:0
DA:1,1
DA:2,1
DA:3,1
DA:4,1
DA:5,1
DA:8,1
DA:9,1
DA:10,1
DA:11,1
DA:15,1
DA:22,1
LF:11
LH:11
BRF:0
BRH:0
end_of_record
TN:
SF:utils/emailService.js
FN:13,sendResetEmail
FNF:1
FNH:0
FNDA:0,sendResetEmail
DA:2,1
DA:3,1
DA:5,1
DA:14,0
DA:16,0
DA:33,0
DA:36,1
LF:7
LH:4
BRF:0
BRH:0
end_of_record
